["INFO" - 7:36:17 AM] Extension Name: esbenp.prettier-vscode.
["INFO" - 7:36:17 AM] Extension Version: 8.0.1.
["INFO" - 7:37:39 AM] Formatting /home/tarvinzachary/complete-javascript-course-master/05-Guess-My-Number/starter/script.js
["INFO" - 7:37:39 AM] Using config file at '/home/tarvinzachary/complete-javascript-course-master/05-Guess-My-Number/starter/.prettierrc'
["INFO" - 7:37:39 AM] Using ignore file (if present) at /home/tarvinzachary/.prettierignore
["INFO" - 7:37:40 AM] File Info:
{
  "ignored": false,
  "inferredParser": "babel"
}
["INFO" - 7:37:40 AM] Detected local configuration (i.e. .prettierrc or .editorconfig), VS Code configuration will not be used
["INFO" - 7:37:40 AM] Prettier Options:
{
  "filepath": "/home/tarvinzachary/complete-javascript-course-master/05-Guess-My-Number/starter/script.js",
  "parser": "babel",
  "singleQuote": true,
  "arrowParens": "avoid"
}
["INFO" - 7:37:40 AM] Formatting completed in 258.528764ms.
["INFO" - 7:43:11 AM] Formatting /home/tarvinzachary/complete-javascript-course-master/05-Guess-My-Number/starter/script.js
["INFO" - 7:43:11 AM] Using config file at '/home/tarvinzachary/complete-javascript-course-master/05-Guess-My-Number/starter/.prettierrc'
["INFO" - 7:43:11 AM] Using ignore file (if present) at /home/tarvinzachary/.prettierignore
["INFO" - 7:43:11 AM] File Info:
{
  "ignored": false,
  "inferredParser": "babel"
}
["INFO" - 7:43:11 AM] Detected local configuration (i.e. .prettierrc or .editorconfig), VS Code configuration will not be used
["INFO" - 7:43:11 AM] Prettier Options:
{
  "filepath": "/home/tarvinzachary/complete-javascript-course-master/05-Guess-My-Number/starter/script.js",
  "parser": "babel",
  "singleQuote": true,
  "arrowParens": "avoid"
}
["INFO" - 7:43:11 AM] Formatting completed in 264.551736ms.
["INFO" - 7:48:38 AM] Formatting /home/tarvinzachary/complete-javascript-course-master/05-Guess-My-Number/starter/script.js
["INFO" - 7:48:38 AM] Using config file at '/home/tarvinzachary/complete-javascript-course-master/05-Guess-My-Number/starter/.prettierrc'
["INFO" - 7:48:38 AM] Using ignore file (if present) at /home/tarvinzachary/.prettierignore
["INFO" - 7:48:38 AM] File Info:
{
  "ignored": false,
  "inferredParser": "babel"
}
["INFO" - 7:48:38 AM] Detected local configuration (i.e. .prettierrc or .editorconfig), VS Code configuration will not be used
["INFO" - 7:48:38 AM] Prettier Options:
{
  "filepath": "/home/tarvinzachary/complete-javascript-course-master/05-Guess-My-Number/starter/script.js",
  "parser": "babel",
  "singleQuote": true,
  "arrowParens": "avoid"
}
["INFO" - 7:48:38 AM] Formatting completed in 98.38762ms.
["INFO" - 7:49:33 AM] Formatting /home/tarvinzachary/complete-javascript-course-master/05-Guess-My-Number/starter/script.js
["INFO" - 7:49:33 AM] Using config file at '/home/tarvinzachary/complete-javascript-course-master/05-Guess-My-Number/starter/.prettierrc'
["INFO" - 7:49:33 AM] Using ignore file (if present) at /home/tarvinzachary/.prettierignore
["INFO" - 7:49:33 AM] File Info:
{
  "ignored": false,
  "inferredParser": "babel"
}
["INFO" - 7:49:33 AM] Detected local configuration (i.e. .prettierrc or .editorconfig), VS Code configuration will not be used
["INFO" - 7:49:33 AM] Prettier Options:
{
  "filepath": "/home/tarvinzachary/complete-javascript-course-master/05-Guess-My-Number/starter/script.js",
  "parser": "babel",
  "singleQuote": true,
  "arrowParens": "avoid"
}
["INFO" - 7:49:33 AM] Formatting completed in 45.272962ms.
["INFO" - 7:53:50 AM] Formatting /home/tarvinzachary/complete-javascript-course-master/05-Guess-My-Number/starter/script.js
["INFO" - 7:53:51 AM] Using config file at '/home/tarvinzachary/complete-javascript-course-master/05-Guess-My-Number/starter/.prettierrc'
["INFO" - 7:53:51 AM] Using ignore file (if present) at /home/tarvinzachary/.prettierignore
["INFO" - 7:53:51 AM] File Info:
{
  "ignored": false,
  "inferredParser": "babel"
}
["INFO" - 7:53:51 AM] Detected local configuration (i.e. .prettierrc or .editorconfig), VS Code configuration will not be used
["INFO" - 7:53:51 AM] Prettier Options:
{
  "filepath": "/home/tarvinzachary/complete-javascript-course-master/05-Guess-My-Number/starter/script.js",
  "parser": "babel",
  "singleQuote": true,
  "arrowParens": "avoid"
}
["INFO" - 7:53:51 AM] Formatting completed in 69.733188ms.
