Looking for git in: git
Using git 2.20.1 from git
> git rev-parse --git-dir
Open repository: /home/tarvinzachary
> git status -z -u
> git symbolic-ref --short HEAD
> git for-each-ref --format=%(refname)%00%(upstream:short)%00%(objectname)%00%(upstream:track) refs/heads/master refs/remotes/master
> git for-each-ref --sort -committerdate --format %(refname) %(objectname) %(*objectname)
> git remote --verbose
> git config --get commit.template
> git status -z -u
> git check-ignore -v -z --stdin
> git symbolic-ref --short HEAD
> git for-each-ref --format=%(refname)%00%(upstream:short)%00%(objectname)%00%(upstream:track) refs/heads/master refs/remotes/master
> git for-each-ref --sort -committerdate --format %(refname) %(objectname) %(*objectname)
> git remote --verbose
> git config --get commit.template
> git show --textconv :complete-javascript-course-master/05-Guess-My-Number/starter/script.js
> git ls-files --stage -- /home/tarvinzachary/complete-javascript-course-master/05-Guess-My-Number/starter/script.js
> git cat-file -s 8ed5b221497d3973ac59aeb83df40f70b549d9fd
> git status -z -u
> git symbolic-ref --short HEAD
> git for-each-ref --format=%(refname)%00%(upstream:short)%00%(objectname)%00%(upstream:track) refs/heads/master refs/remotes/master
> git check-ignore -v -z --stdin
> git for-each-ref --sort -committerdate --format %(refname) %(objectname) %(*objectname)
> git remote --verbose
> git config --get commit.template
