[2021-06-22 07:48:11.289] [exthost] [info] extension host started
[2021-06-22 07:48:12.692] [exthost] [info] ExtensionService#_doActivateExtension vscode.microsoft-authentication {"startup":false,"extensionId":{"value":"vscode.microsoft-authentication","_lower":"vscode.microsoft-authentication"},"activationEvent":"onAuthenticationRequest:microsoft"}
[2021-06-22 07:48:12.700] [exthost] [info] ExtensionService#loadCommonJSModule file:///usr/share/code/resources/app/extensions/microsoft-authentication/dist/extension.js
[2021-06-22 07:48:12.877] [exthost] [info] ExtensionService#_doActivateExtension vscode.typescript-language-features {"startup":false,"extensionId":{"value":"vscode.typescript-language-features","_lower":"vscode.typescript-language-features"},"activationEvent":"onLanguage:javascript"}
[2021-06-22 07:48:12.877] [exthost] [info] ExtensionService#loadCommonJSModule file:///usr/share/code/resources/app/extensions/typescript-language-features/dist/extension
[2021-06-22 07:48:13.088] [exthost] [info] ExtensionService#_doActivateExtension vscode.debug-auto-launch {"startup":true,"extensionId":{"value":"vscode.debug-auto-launch","_lower":"vscode.debug-auto-launch"},"activationEvent":"*"}
[2021-06-22 07:48:13.101] [exthost] [info] ExtensionService#loadCommonJSModule file:///usr/share/code/resources/app/extensions/debug-auto-launch/dist/extension
[2021-06-22 07:48:13.119] [exthost] [info] ExtensionService#_doActivateExtension vscode.git {"startup":true,"extensionId":{"value":"vscode.github","_lower":"vscode.github"},"activationEvent":"*"}
[2021-06-22 07:48:13.120] [exthost] [info] ExtensionService#loadCommonJSModule file:///usr/share/code/resources/app/extensions/git/dist/main
[2021-06-22 07:48:18.134] [exthost] [info] ExtensionService#_doActivateExtension vscode.github {"startup":true,"extensionId":{"value":"vscode.github","_lower":"vscode.github"},"activationEvent":"*"}
[2021-06-22 07:48:18.135] [exthost] [info] ExtensionService#loadCommonJSModule file:///usr/share/code/resources/app/extensions/github/dist/extension.js
[2021-06-22 07:48:21.097] [exthost] [info] eager extensions activated
[2021-06-22 07:48:21.141] [exthost] [error] {"message":"Git error","stdout":"","stderr":"fatal: Pathspec '/home/tarvinzachary/aim--code--school/aim--code--school' is in submodule 'aim--code--school'\n","exitCode":128,"gitErrorCode":"IsInSubmodule"}
[2021-06-22 07:48:21.152] [exthost] [error] {"message":"Git error","stdout":"","stderr":"fatal: Pathspec '/home/tarvinzachary/aim--code--school/aim--code--school' is in submodule 'aim--code--school'\n","exitCode":128,"gitErrorCode":"IsInSubmodule"}
[2021-06-22 07:48:21.152] [exthost] [error] {"message":"Git error","stdout":"","stderr":"fatal: Pathspec '/home/tarvinzachary/aim--code--school/aim--code--school' is in submodule 'aim--code--school'\n","exitCode":128,"gitErrorCode":"IsInSubmodule"}
[2021-06-22 07:48:21.152] [exthost] [error] {"message":"Git error","stdout":"","stderr":"fatal: Pathspec '/home/tarvinzachary/aim--code--school/aim--code--school' is in submodule 'aim--code--school'\n","exitCode":128,"gitErrorCode":"IsInSubmodule"}
[2021-06-22 07:48:21.152] [exthost] [error] {"message":"Git error","stdout":"","stderr":"fatal: Pathspec '/home/tarvinzachary/aim--code--school/aim--code--school' is in submodule 'aim--code--school'\n","exitCode":128,"gitErrorCode":"IsInSubmodule"}
[2021-06-22 07:48:21.153] [exthost] [error] {"message":"Git error","stdout":"","stderr":"fatal: Pathspec '/home/tarvinzachary/aim--code--school/aim--code--school' is in submodule 'aim--code--school'\n","exitCode":128,"gitErrorCode":"IsInSubmodule"}
[2021-06-22 07:48:21.153] [exthost] [error] {"message":"Git error","stdout":"","stderr":"fatal: Pathspec '/home/tarvinzachary/aim--code--school/aim--code--school' is in submodule 'aim--code--school'\n","exitCode":128,"gitErrorCode":"IsInSubmodule"}
[2021-06-22 07:48:21.153] [exthost] [error] {"message":"Git error","stdout":"","stderr":"fatal: Pathspec '/home/tarvinzachary/aim--code--school/aim--code--school' is in submodule 'aim--code--school'\n","exitCode":128,"gitErrorCode":"IsInSubmodule"}
[2021-06-22 07:48:21.158] [exthost] [error] {"message":"Git error","stdout":"","stderr":"fatal: Pathspec '/home/tarvinzachary/aim--code--school/aim--code--school' is in submodule 'aim--code--school'\n","exitCode":128,"gitErrorCode":"IsInSubmodule"}
[2021-06-22 07:48:21.158] [exthost] [error] {"message":"Git error","stdout":"","stderr":"fatal: Pathspec '/home/tarvinzachary/aim--code--school/aim--code--school' is in submodule 'aim--code--school'\n","exitCode":128,"gitErrorCode":"IsInSubmodule"}
[2021-06-22 07:48:21.158] [exthost] [error] {"message":"Git error","stdout":"","stderr":"fatal: Pathspec '/home/tarvinzachary/aim--code--school/aim--code--school' is in submodule 'aim--code--school'\n","exitCode":128,"gitErrorCode":"IsInSubmodule"}
[2021-06-22 07:48:21.158] [exthost] [error] {"message":"Git error","stdout":"","stderr":"fatal: Pathspec '/home/tarvinzachary/aim--code--school/aim--code--school' is in submodule 'aim--code--school'\n","exitCode":128,"gitErrorCode":"IsInSubmodule"}
[2021-06-22 07:48:21.158] [exthost] [error] {"message":"Git error","stdout":"","stderr":"fatal: Pathspec '/home/tarvinzachary/aim--code--school/aim--code--school' is in submodule 'aim--code--school'\n","exitCode":128,"gitErrorCode":"IsInSubmodule"}
[2021-06-22 07:48:21.158] [exthost] [error] {"message":"Git error","stdout":"","stderr":"fatal: Pathspec '/home/tarvinzachary/aim--code--school/aim--code--school' is in submodule 'aim--code--school'\n","exitCode":128,"gitErrorCode":"IsInSubmodule"}
[2021-06-22 07:48:21.159] [exthost] [error] {"message":"Git error","stdout":"","stderr":"fatal: Pathspec '/home/tarvinzachary/aim--code--school/aim--code--school' is in submodule 'aim--code--school'\n","exitCode":128,"gitErrorCode":"IsInSubmodule"}
[2021-06-22 07:48:21.159] [exthost] [error] {"message":"Git error","stdout":"","stderr":"fatal: Pathspec '/home/tarvinzachary/aim--code--school/aim--code--school' is in submodule 'aim--code--school'\n","exitCode":128,"gitErrorCode":"IsInSubmodule"}
[2021-06-22 07:48:21.159] [exthost] [error] {"message":"Git error","stdout":"","stderr":"fatal: Pathspec '/home/tarvinzachary/aim--code--school/aim--code--school' is in submodule 'aim--code--school'\n","exitCode":128,"gitErrorCode":"IsInSubmodule"}
[2021-06-22 07:48:21.159] [exthost] [error] {"message":"Git error","stdout":"","stderr":"fatal: Pathspec '/home/tarvinzachary/aim--code--school/aim--code--school' is in submodule 'aim--code--school'\n","exitCode":128,"gitErrorCode":"IsInSubmodule"}
[2021-06-22 07:48:21.159] [exthost] [error] {"message":"Git error","stdout":"","stderr":"fatal: Pathspec '/home/tarvinzachary/aim--code--school/aim--code--school' is in submodule 'aim--code--school'\n","exitCode":128,"gitErrorCode":"IsInSubmodule"}
[2021-06-22 07:48:21.159] [exthost] [error] {"message":"Git error","stdout":"","stderr":"fatal: Pathspec '/home/tarvinzachary/aim--code--school/aim--code--school' is in submodule 'aim--code--school'\n","exitCode":128,"gitErrorCode":"IsInSubmodule"}
[2021-06-22 07:48:21.159] [exthost] [error] {"message":"Git error","stdout":"","stderr":"fatal: Pathspec '/home/tarvinzachary/aim--code--school/aim--code--school' is in submodule 'aim--code--school'\n","exitCode":128,"gitErrorCode":"IsInSubmodule"}
[2021-06-22 07:48:21.159] [exthost] [error] {"message":"Git error","stdout":"","stderr":"fatal: Pathspec '/home/tarvinzachary/aim--code--school/aim--code--school' is in submodule 'aim--code--school'\n","exitCode":128,"gitErrorCode":"IsInSubmodule"}
[2021-06-22 07:48:21.159] [exthost] [error] {"message":"Git error","stdout":"","stderr":"fatal: Pathspec '/home/tarvinzachary/aim--code--school/aim--code--school' is in submodule 'aim--code--school'\n","exitCode":128,"gitErrorCode":"IsInSubmodule"}
[2021-06-22 07:48:21.159] [exthost] [error] {"message":"Git error","stdout":"","stderr":"fatal: Pathspec '/home/tarvinzachary/aim--code--school/aim--code--school' is in submodule 'aim--code--school'\n","exitCode":128,"gitErrorCode":"IsInSubmodule"}
[2021-06-22 07:48:21.159] [exthost] [error] {"message":"Git error","stdout":"","stderr":"fatal: Pathspec '/home/tarvinzachary/aim--code--school/aim--code--school' is in submodule 'aim--code--school'\n","exitCode":128,"gitErrorCode":"IsInSubmodule"}
[2021-06-22 07:48:21.159] [exthost] [error] {"message":"Git error","stdout":"","stderr":"fatal: Pathspec '/home/tarvinzachary/aim--code--school/aim--code--school' is in submodule 'aim--code--school'\n","exitCode":128,"gitErrorCode":"IsInSubmodule"}
[2021-06-22 07:48:21.159] [exthost] [error] {"message":"Git error","stdout":"","stderr":"fatal: Pathspec '/home/tarvinzachary/aim--code--school/aim--code--school' is in submodule 'aim--code--school'\n","exitCode":128,"gitErrorCode":"IsInSubmodule"}
[2021-06-22 07:48:21.159] [exthost] [error] {"message":"Git error","stdout":"","stderr":"fatal: Pathspec '/home/tarvinzachary/aim--code--school/aim--code--school' is in submodule 'aim--code--school'\n","exitCode":128,"gitErrorCode":"IsInSubmodule"}
[2021-06-22 07:48:21.159] [exthost] [error] {"message":"Git error","stdout":"","stderr":"fatal: Pathspec '/home/tarvinzachary/aim--code--school/aim--code--school' is in submodule 'aim--code--school'\n","exitCode":128,"gitErrorCode":"IsInSubmodule"}
[2021-06-22 07:48:21.159] [exthost] [error] {"message":"Git error","stdout":"","stderr":"fatal: Pathspec '/home/tarvinzachary/aim--code--school/aim--code--school' is in submodule 'aim--code--school'\n","exitCode":128,"gitErrorCode":"IsInSubmodule"}
[2021-06-22 07:48:21.159] [exthost] [error] {"message":"Git error","stdout":"","stderr":"fatal: Pathspec '/home/tarvinzachary/aim--code--school/aim--code--school' is in submodule 'aim--code--school'\n","exitCode":128,"gitErrorCode":"IsInSubmodule"}
[2021-06-22 07:48:21.159] [exthost] [error] {"message":"Git error","stdout":"","stderr":"fatal: Pathspec '/home/tarvinzachary/aim--code--school/aim--code--school' is in submodule 'aim--code--school'\n","exitCode":128,"gitErrorCode":"IsInSubmodule"}
[2021-06-22 07:48:21.159] [exthost] [error] {"message":"Git error","stdout":"","stderr":"fatal: Pathspec '/home/tarvinzachary/aim--code--school/aim--code--school' is in submodule 'aim--code--school'\n","exitCode":128,"gitErrorCode":"IsInSubmodule"}
[2021-06-22 07:48:21.159] [exthost] [error] {"message":"Git error","stdout":"","stderr":"fatal: Pathspec '/home/tarvinzachary/aim--code--school/aim--code--school' is in submodule 'aim--code--school'\n","exitCode":128,"gitErrorCode":"IsInSubmodule"}
[2021-06-22 07:48:21.159] [exthost] [error] {"message":"Git error","stdout":"","stderr":"fatal: Pathspec '/home/tarvinzachary/aim--code--school/aim--code--school' is in submodule 'aim--code--school'\n","exitCode":128,"gitErrorCode":"IsInSubmodule"}
[2021-06-22 07:48:21.160] [exthost] [error] {"message":"Git error","stdout":"","stderr":"fatal: Pathspec '/home/tarvinzachary/aim--code--school/aim--code--school' is in submodule 'aim--code--school'\n","exitCode":128,"gitErrorCode":"IsInSubmodule"}
[2021-06-22 07:48:21.160] [exthost] [error] {"message":"Git error","stdout":"","stderr":"fatal: Pathspec '/home/tarvinzachary/aim--code--school/aim--code--school' is in submodule 'aim--code--school'\n","exitCode":128,"gitErrorCode":"IsInSubmodule"}
[2021-06-22 07:48:21.160] [exthost] [error] {"message":"Git error","stdout":"","stderr":"fatal: Pathspec '/home/tarvinzachary/aim--code--school/aim--code--school' is in submodule 'aim--code--school'\n","exitCode":128,"gitErrorCode":"IsInSubmodule"}
[2021-06-22 07:48:21.160] [exthost] [error] {"message":"Git error","stdout":"","stderr":"fatal: Pathspec '/home/tarvinzachary/aim--code--school/aim--code--school' is in submodule 'aim--code--school'\n","exitCode":128,"gitErrorCode":"IsInSubmodule"}
[2021-06-22 07:48:21.160] [exthost] [error] {"message":"Git error","stdout":"","stderr":"fatal: Pathspec '/home/tarvinzachary/aim--code--school/aim--code--school' is in submodule 'aim--code--school'\n","exitCode":128,"gitErrorCode":"IsInSubmodule"}
[2021-06-22 07:48:21.160] [exthost] [error] {"message":"Git error","stdout":"","stderr":"fatal: Pathspec '/home/tarvinzachary/aim--code--school/aim--code--school' is in submodule 'aim--code--school'\n","exitCode":128,"gitErrorCode":"IsInSubmodule"}
[2021-06-22 07:48:21.160] [exthost] [error] {"message":"Git error","stdout":"","stderr":"fatal: Pathspec '/home/tarvinzachary/aim--code--school/aim--code--school' is in submodule 'aim--code--school'\n","exitCode":128,"gitErrorCode":"IsInSubmodule"}
[2021-06-22 07:48:21.160] [exthost] [error] {"message":"Git error","stdout":"","stderr":"fatal: Pathspec '/home/tarvinzachary/aim--code--school/aim--code--school' is in submodule 'aim--code--school'\n","exitCode":128,"gitErrorCode":"IsInSubmodule"}
[2021-06-22 07:48:21.160] [exthost] [error] {"message":"Git error","stdout":"","stderr":"fatal: Pathspec '/home/tarvinzachary/aim--code--school/aim--code--school' is in submodule 'aim--code--school'\n","exitCode":128,"gitErrorCode":"IsInSubmodule"}
[2021-06-22 07:48:21.160] [exthost] [error] {"message":"Git error","stdout":"","stderr":"fatal: Pathspec '/home/tarvinzachary/aim--code--school/aim--code--school' is in submodule 'aim--code--school'\n","exitCode":128,"gitErrorCode":"IsInSubmodule"}
[2021-06-22 07:48:21.160] [exthost] [error] {"message":"Git error","stdout":"","stderr":"fatal: Pathspec '/home/tarvinzachary/aim--code--school/aim--code--school' is in submodule 'aim--code--school'\n","exitCode":128,"gitErrorCode":"IsInSubmodule"}
[2021-06-22 07:48:21.160] [exthost] [error] {"message":"Git error","stdout":"","stderr":"fatal: Pathspec '/home/tarvinzachary/aim--code--school/aim--code--school' is in submodule 'aim--code--school'\n","exitCode":128,"gitErrorCode":"IsInSubmodule"}
[2021-06-22 07:48:21.160] [exthost] [error] {"message":"Git error","stdout":"","stderr":"fatal: Pathspec '/home/tarvinzachary/aim--code--school/aim--code--school' is in submodule 'aim--code--school'\n","exitCode":128,"gitErrorCode":"IsInSubmodule"}
[2021-06-22 07:48:21.160] [exthost] [error] {"message":"Git error","stdout":"","stderr":"fatal: Pathspec '/home/tarvinzachary/aim--code--school/aim--code--school' is in submodule 'aim--code--school'\n","exitCode":128,"gitErrorCode":"IsInSubmodule"}
[2021-06-22 07:48:21.160] [exthost] [error] {"message":"Git error","stdout":"","stderr":"fatal: Pathspec '/home/tarvinzachary/aim--code--school/aim--code--school' is in submodule 'aim--code--school'\n","exitCode":128,"gitErrorCode":"IsInSubmodule"}
[2021-06-22 07:48:21.160] [exthost] [error] {"message":"Git error","stdout":"","stderr":"fatal: Pathspec '/home/tarvinzachary/aim--code--school/aim--code--school' is in submodule 'aim--code--school'\n","exitCode":128,"gitErrorCode":"IsInSubmodule"}
[2021-06-22 07:48:21.160] [exthost] [error] {"message":"Git error","stdout":"","stderr":"fatal: Pathspec '/home/tarvinzachary/aim--code--school/aim--code--school' is in submodule 'aim--code--school'\n","exitCode":128,"gitErrorCode":"IsInSubmodule"}
[2021-06-22 07:48:21.160] [exthost] [error] {"message":"Git error","stdout":"","stderr":"fatal: Pathspec '/home/tarvinzachary/aim--code--school/aim--code--school' is in submodule 'aim--code--school'\n","exitCode":128,"gitErrorCode":"IsInSubmodule"}
[2021-06-22 07:48:21.160] [exthost] [error] {"message":"Git error","stdout":"","stderr":"fatal: Pathspec '/home/tarvinzachary/aim--code--school/aim--code--school' is in submodule 'aim--code--school'\n","exitCode":128,"gitErrorCode":"IsInSubmodule"}
[2021-06-22 07:48:21.161] [exthost] [error] {"message":"Git error","stdout":"","stderr":"fatal: Pathspec '/home/tarvinzachary/aim--code--school/aim--code--school' is in submodule 'aim--code--school'\n","exitCode":128,"gitErrorCode":"IsInSubmodule"}
[2021-06-22 07:48:21.161] [exthost] [error] {"message":"Git error","stdout":"","stderr":"fatal: Pathspec '/home/tarvinzachary/aim--code--school/aim--code--school' is in submodule 'aim--code--school'\n","exitCode":128,"gitErrorCode":"IsInSubmodule"}
[2021-06-22 07:48:21.161] [exthost] [error] {"message":"Git error","stdout":"","stderr":"fatal: Pathspec '/home/tarvinzachary/aim--code--school/aim--code--school' is in submodule 'aim--code--school'\n","exitCode":128,"gitErrorCode":"IsInSubmodule"}
[2021-06-22 07:48:21.161] [exthost] [error] {"message":"Git error","stdout":"","stderr":"fatal: Pathspec '/home/tarvinzachary/aim--code--school/aim--code--school' is in submodule 'aim--code--school'\n","exitCode":128,"gitErrorCode":"IsInSubmodule"}
[2021-06-22 07:48:21.161] [exthost] [error] {"message":"Git error","stdout":"","stderr":"fatal: Pathspec '/home/tarvinzachary/aim--code--school/aim--code--school' is in submodule 'aim--code--school'\n","exitCode":128,"gitErrorCode":"IsInSubmodule"}
[2021-06-22 07:48:21.161] [exthost] [error] {"message":"Git error","stdout":"","stderr":"fatal: Pathspec '/home/tarvinzachary/aim--code--school/aim--code--school' is in submodule 'aim--code--school'\n","exitCode":128,"gitErrorCode":"IsInSubmodule"}
[2021-06-22 07:48:21.161] [exthost] [error] {"message":"Git error","stdout":"","stderr":"fatal: Pathspec '/home/tarvinzachary/aim--code--school/aim--code--school' is in submodule 'aim--code--school'\n","exitCode":128,"gitErrorCode":"IsInSubmodule"}
[2021-06-22 07:48:21.161] [exthost] [error] {"message":"Git error","stdout":"","stderr":"fatal: Pathspec '/home/tarvinzachary/aim--code--school/aim--code--school' is in submodule 'aim--code--school'\n","exitCode":128,"gitErrorCode":"IsInSubmodule"}
[2021-06-22 07:48:21.161] [exthost] [error] {"message":"Git error","stdout":"","stderr":"fatal: Pathspec '/home/tarvinzachary/aim--code--school/aim--code--school' is in submodule 'aim--code--school'\n","exitCode":128,"gitErrorCode":"IsInSubmodule"}
[2021-06-22 07:48:21.161] [exthost] [error] {"message":"Git error","stdout":"","stderr":"fatal: Pathspec '/home/tarvinzachary/aim--code--school/aim--code--school' is in submodule 'aim--code--school'\n","exitCode":128,"gitErrorCode":"IsInSubmodule"}
[2021-06-22 07:48:21.161] [exthost] [error] {"message":"Git error","stdout":"","stderr":"fatal: Pathspec '/home/tarvinzachary/aim--code--school/aim--code--school' is in submodule 'aim--code--school'\n","exitCode":128,"gitErrorCode":"IsInSubmodule"}
[2021-06-22 07:48:21.161] [exthost] [error] {"message":"Git error","stdout":"","stderr":"fatal: Pathspec '/home/tarvinzachary/aim--code--school/aim--code--school' is in submodule 'aim--code--school'\n","exitCode":128,"gitErrorCode":"IsInSubmodule"}
[2021-06-22 07:48:21.161] [exthost] [error] {"message":"Git error","stdout":"","stderr":"fatal: Pathspec '/home/tarvinzachary/aim--code--school/aim--code--school' is in submodule 'aim--code--school'\n","exitCode":128,"gitErrorCode":"IsInSubmodule"}
[2021-06-22 07:48:21.161] [exthost] [error] {"message":"Git error","stdout":"","stderr":"fatal: Pathspec '/home/tarvinzachary/aim--code--school/aim--code--school' is in submodule 'aim--code--school'\n","exitCode":128,"gitErrorCode":"IsInSubmodule"}
[2021-06-22 07:48:21.161] [exthost] [error] {"message":"Git error","stdout":"","stderr":"fatal: Pathspec '/home/tarvinzachary/aim--code--school/aim--code--school' is in submodule 'aim--code--school'\n","exitCode":128,"gitErrorCode":"IsInSubmodule"}
[2021-06-22 07:48:21.186] [exthost] [error] {"message":"Git error","stdout":"","stderr":"fatal: Pathspec '/home/tarvinzachary/aim--code--school/aim--code--school' is in submodule 'aim--code--school'\n","exitCode":128,"gitErrorCode":"IsInSubmodule"}
[2021-06-22 07:48:21.191] [exthost] [error] {"message":"Git error","stdout":"","stderr":"fatal: Pathspec '/home/tarvinzachary/aim--code--school/aim--code--school' is in submodule 'aim--code--school'\n","exitCode":128,"gitErrorCode":"IsInSubmodule"}
[2021-06-22 07:48:21.191] [exthost] [error] {"message":"Git error","stdout":"","stderr":"fatal: Pathspec '/home/tarvinzachary/aim--code--school/aim--code--school' is in submodule 'aim--code--school'\n","exitCode":128,"gitErrorCode":"IsInSubmodule"}
[2021-06-22 07:48:21.192] [exthost] [error] {"message":"Git error","stdout":"","stderr":"fatal: Pathspec '/home/tarvinzachary/aim--code--school/aim--code--school' is in submodule 'aim--code--school'\n","exitCode":128,"gitErrorCode":"IsInSubmodule"}
[2021-06-22 07:48:21.192] [exthost] [error] {"message":"Git error","stdout":"","stderr":"fatal: Pathspec '/home/tarvinzachary/aim--code--school/aim--code--school' is in submodule 'aim--code--school'\n","exitCode":128,"gitErrorCode":"IsInSubmodule"}
[2021-06-22 07:48:21.192] [exthost] [error] {"message":"Git error","stdout":"","stderr":"fatal: Pathspec '/home/tarvinzachary/aim--code--school/aim--code--school' is in submodule 'aim--code--school'\n","exitCode":128,"gitErrorCode":"IsInSubmodule"}
[2021-06-22 07:48:21.192] [exthost] [error] {"message":"Git error","stdout":"","stderr":"fatal: Pathspec '/home/tarvinzachary/aim--code--school/aim--code--school' is in submodule 'aim--code--school'\n","exitCode":128,"gitErrorCode":"IsInSubmodule"}
[2021-06-22 07:48:21.192] [exthost] [error] {"message":"Git error","stdout":"","stderr":"fatal: Pathspec '/home/tarvinzachary/aim--code--school/aim--code--school' is in submodule 'aim--code--school'\n","exitCode":128,"gitErrorCode":"IsInSubmodule"}
[2021-06-22 07:48:21.192] [exthost] [error] {"message":"Git error","stdout":"","stderr":"fatal: Pathspec '/home/tarvinzachary/aim--code--school/aim--code--school' is in submodule 'aim--code--school'\n","exitCode":128,"gitErrorCode":"IsInSubmodule"}
[2021-06-22 07:48:21.192] [exthost] [error] {"message":"Git error","stdout":"","stderr":"fatal: Pathspec '/home/tarvinzachary/aim--code--school/aim--code--school' is in submodule 'aim--code--school'\n","exitCode":128,"gitErrorCode":"IsInSubmodule"}
[2021-06-22 07:48:21.192] [exthost] [error] {"message":"Git error","stdout":"","stderr":"fatal: Pathspec '/home/tarvinzachary/aim--code--school/aim--code--school' is in submodule 'aim--code--school'\n","exitCode":128,"gitErrorCode":"IsInSubmodule"}
[2021-06-22 07:48:21.192] [exthost] [error] {"message":"Git error","stdout":"","stderr":"fatal: Pathspec '/home/tarvinzachary/aim--code--school/aim--code--school' is in submodule 'aim--code--school'\n","exitCode":128,"gitErrorCode":"IsInSubmodule"}
[2021-06-22 07:48:21.192] [exthost] [error] {"message":"Git error","stdout":"","stderr":"fatal: Pathspec '/home/tarvinzachary/aim--code--school/aim--code--school' is in submodule 'aim--code--school'\n","exitCode":128,"gitErrorCode":"IsInSubmodule"}
[2021-06-22 07:48:21.192] [exthost] [error] {"message":"Git error","stdout":"","stderr":"fatal: Pathspec '/home/tarvinzachary/aim--code--school/aim--code--school' is in submodule 'aim--code--school'\n","exitCode":128,"gitErrorCode":"IsInSubmodule"}
[2021-06-22 07:48:21.192] [exthost] [error] {"message":"Git error","stdout":"","stderr":"fatal: Pathspec '/home/tarvinzachary/aim--code--school/aim--code--school' is in submodule 'aim--code--school'\n","exitCode":128,"gitErrorCode":"IsInSubmodule"}
[2021-06-22 07:48:21.192] [exthost] [error] {"message":"Git error","stdout":"","stderr":"fatal: Pathspec '/home/tarvinzachary/aim--code--school/aim--code--school' is in submodule 'aim--code--school'\n","exitCode":128,"gitErrorCode":"IsInSubmodule"}
[2021-06-22 07:48:21.198] [exthost] [error] {"message":"Git error","stdout":"","stderr":"fatal: Pathspec '/home/tarvinzachary/aim--code--school/aim--code--school' is in submodule 'aim--code--school'\n","exitCode":128,"gitErrorCode":"IsInSubmodule"}
[2021-06-22 07:48:21.199] [exthost] [error] {"message":"Git error","stdout":"","stderr":"fatal: Pathspec '/home/tarvinzachary/aim--code--school/aim--code--school' is in submodule 'aim--code--school'\n","exitCode":128,"gitErrorCode":"IsInSubmodule"}
[2021-06-22 07:48:21.199] [exthost] [error] {"message":"Git error","stdout":"","stderr":"fatal: Pathspec '/home/tarvinzachary/aim--code--school/aim--code--school' is in submodule 'aim--code--school'\n","exitCode":128,"gitErrorCode":"IsInSubmodule"}
[2021-06-22 07:48:21.199] [exthost] [error] {"message":"Git error","stdout":"","stderr":"fatal: Pathspec '/home/tarvinzachary/aim--code--school/aim--code--school' is in submodule 'aim--code--school'\n","exitCode":128,"gitErrorCode":"IsInSubmodule"}
[2021-06-22 07:48:21.199] [exthost] [error] {"message":"Git error","stdout":"","stderr":"fatal: Pathspec '/home/tarvinzachary/aim--code--school/aim--code--school' is in submodule 'aim--code--school'\n","exitCode":128,"gitErrorCode":"IsInSubmodule"}
[2021-06-22 07:48:21.199] [exthost] [error] {"message":"Git error","stdout":"","stderr":"fatal: Pathspec '/home/tarvinzachary/aim--code--school/aim--code--school' is in submodule 'aim--code--school'\n","exitCode":128,"gitErrorCode":"IsInSubmodule"}
[2021-06-22 07:48:21.201] [exthost] [error] {"message":"Git error","stdout":"","stderr":"fatal: Pathspec '/home/tarvinzachary/aim--code--school/aim--code--school' is in submodule 'aim--code--school'\n","exitCode":128,"gitErrorCode":"IsInSubmodule"}
[2021-06-22 07:48:22.638] [exthost] [info] ExtensionService#_doActivateExtension ms-vscode.js-debug {"startup":false,"extensionId":{"value":"ms-vscode.js-debug","_lower":"ms-vscode.js-debug"},"activationEvent":"onCommand:extension.js-debug.clearAutoAttachVariables"}
[2021-06-22 07:48:22.638] [exthost] [info] ExtensionService#loadCommonJSModule file:///usr/share/code/resources/app/extensions/ms-vscode.js-debug/src/extension.js
[2021-06-22 07:48:25.603] [exthost] [info] ExtensionService#_doActivateExtension vscode.emmet {"startup":false,"extensionId":{"value":"vscode.emmet","_lower":"vscode.emmet"},"activationEvent":"onStartupFinished"}
[2021-06-22 07:48:25.603] [exthost] [info] ExtensionService#loadCommonJSModule file:///usr/share/code/resources/app/extensions/emmet/dist/node/emmetNodeMain
[2021-06-22 07:48:25.775] [exthost] [info] ExtensionService#_doActivateExtension vscode.merge-conflict {"startup":false,"extensionId":{"value":"vscode.merge-conflict","_lower":"vscode.merge-conflict"},"activationEvent":"onStartupFinished"}
[2021-06-22 07:48:25.798] [exthost] [info] ExtensionService#loadCommonJSModule file:///usr/share/code/resources/app/extensions/merge-conflict/dist/mergeConflictMain
[2021-06-22 07:48:25.891] [exthost] [info] ExtensionService#_doActivateExtension vscode.testing-editor-contributions {"startup":false,"extensionId":{"value":"vscode.testing-editor-contributions","_lower":"vscode.testing-editor-contributions"},"activationEvent":"onStartupFinished"}
[2021-06-22 07:48:25.891] [exthost] [info] ExtensionService#loadCommonJSModule file:///usr/share/code/resources/app/extensions/testing-editor-contributions/dist/extension.js
[2021-06-22 07:48:25.936] [exthost] [info] ExtensionService#_doActivateExtension esbenp.prettier-vscode {"startup":false,"extensionId":{"value":"esbenp.prettier-vscode","_lower":"esbenp.prettier-vscode"},"activationEvent":"onStartupFinished"}
[2021-06-22 07:48:25.939] [exthost] [info] ExtensionService#loadCommonJSModule file:///home/tarvinzachary/.vscode/extensions/esbenp.prettier-vscode-6.4.0/dist/extension
[2021-06-22 07:48:32.629] [exthost] [info] ExtensionService#_doActivateExtension vscode.github-authentication {"startup":false,"extensionId":{"value":"vscode.github-authentication","_lower":"vscode.github-authentication"},"activationEvent":"onAuthenticationRequest:github"}
[2021-06-22 07:48:32.629] [exthost] [info] ExtensionService#loadCommonJSModule file:///usr/share/code/resources/app/extensions/github-authentication/dist/extension.js
[2021-06-22 08:06:57.518] [exthost] [info] extension host terminating: renderer closed the socket
[2021-06-22 08:06:58.678] [exthost] [info] exiting with code 0
