[Info  - 20:26:29.334] Reading sessions from keychain...
[Info  - 20:26:29.336] Reading sessions from keychain...
[Info  - 20:26:29.739] Getting sessions for all scopes...
[Error  - 20:26:29.792] Getting token failed: Error: The name org.freedesktop.secrets was not provided by any .service files
[Error  - 20:26:29.834] Getting token failed: Error: The name org.freedesktop.secrets was not provided by any .service files
[Info  - 20:26:29.871] Getting sessions for all scopes...
[Info  - 20:26:29.897] Got 0 sessions for all scopes...
[Info  - 20:26:29.897] Got 0 sessions for all scopes...
[Info  - 20:56:41.368] Getting sessions for repo,workflow...
[Info  - 20:56:41.369] Got 0 sessions for repo,workflow...
[Info  - 20:56:42.837] Logging in for the following scopes: repo workflow
[Trace  - 20:56:56.795] Handling Uri...
[Info  - 20:56:56.797] Exchanging code for token...
[Info  - 20:56:57.228] Token exchange success!
[Info  - 20:56:57.230] Getting user info...
[Info  - 20:56:57.616] Got account info!
[Info  - 20:56:57.617] Storing 1 sessions...
[Error  - 20:56:58.418] Setting token failed: Error: The name org.freedesktop.secrets was not provided by any .service files
[Info  - 20:57:00.420] Stored 1 sessions!
[Info  - 20:57:00.421] Login success!
[Info  - 20:57:00.452] Getting sessions for all scopes...
[Info  - 20:57:00.453] Got 1 sessions for all scopes...
