[Info  - 16:45:28.948] Reading sessions from keychain...
[Info  - 16:45:29.70] Getting sessions for all scopes...
[Error  - 16:45:29.80] Getting token failed: Error: The name org.freedesktop.secrets was not provided by any .service files
[Info  - 16:45:29.420] Got 0 sessions for all scopes...
[Info  - 16:45:31.91] Getting sessions for all scopes...
[Info  - 16:45:31.92] Got 0 sessions for all scopes...
[Info  - 16:45:35.618] Getting sessions for repo,workflow...
[Info  - 16:45:35.618] Got 0 sessions for repo,workflow...
[Info  - 16:45:37.975] Logging in for the following scopes: repo workflow
[Trace  - 16:45:50.44] Handling Uri...
[Info  - 16:45:50.45] Exchanging code for token...
[Info  - 16:45:50.738] Token exchange success!
[Info  - 16:45:50.742] Getting user info...
[Info  - 16:45:51.216] Got account info!
[Info  - 16:45:51.217] Storing 1 sessions...
[Error  - 16:45:52.9] Setting token failed: Error: The name org.freedesktop.secrets was not provided by any .service files
[Info  - 16:45:54.292] Stored 1 sessions!
[Info  - 16:45:54.293] Login success!
[Info  - 16:45:54.324] Getting sessions for all scopes...
[Info  - 16:45:54.325] Got 1 sessions for all scopes...
