["INFO" - 10:02:58 AM] Extension Name: esbenp.prettier-vscode.
["INFO" - 10:02:58 AM] Extension Version: 6.4.0.
["INFO" - 10:18:23 AM] Formatting /home/tarvinzachary/complete-javascript-course-master/03-Developer-Skills/starter/script.js
["INFO" - 10:18:23 AM] Using ignore file (if present) at /home/tarvinzachary/.prettierignore
["INFO" - 10:18:23 AM] File Info:
{
  "ignored": false,
  "inferredParser": "babel"
}
["INFO" - 10:18:23 AM] No local configuration (i.e. .prettierrc or .editorconfig) detected, falling back to VS Code configuration
["INFO" - 10:18:23 AM] Prettier Options:
{
  "arrowParens": "always",
  "bracketSpacing": true,
  "endOfLine": "lf",
  "htmlWhitespaceSensitivity": "css",
  "insertPragma": false,
  "jsxBracketSameLine": false,
  "jsxSingleQuote": false,
  "printWidth": 80,
  "proseWrap": "preserve",
  "quoteProps": "as-needed",
  "requirePragma": false,
  "semi": true,
  "singleQuote": false,
  "tabWidth": 2,
  "trailingComma": "es5",
  "useTabs": false,
  "vueIndentScriptAndStyle": false,
  "filepath": "/home/tarvinzachary/complete-javascript-course-master/03-Developer-Skills/starter/script.js",
  "parser": "babel"
}
["INFO" - 10:18:23 AM] Formatting completed in 326.501541ms.
["INFO" - 10:19:22 AM] Formatting /home/tarvinzachary/complete-javascript-course-master/03-Developer-Skills/starter/script.js
["INFO" - 10:19:22 AM] Using ignore file (if present) at /home/tarvinzachary/.prettierignore
["INFO" - 10:19:22 AM] File Info:
{
  "ignored": false,
  "inferredParser": "babel"
}
["INFO" - 10:19:22 AM] No local configuration (i.e. .prettierrc or .editorconfig) detected, falling back to VS Code configuration
["INFO" - 10:19:22 AM] Prettier Options:
{
  "arrowParens": "always",
  "bracketSpacing": true,
  "endOfLine": "lf",
  "htmlWhitespaceSensitivity": "css",
  "insertPragma": false,
  "jsxBracketSameLine": false,
  "jsxSingleQuote": false,
  "printWidth": 80,
  "proseWrap": "preserve",
  "quoteProps": "as-needed",
  "requirePragma": false,
  "semi": true,
  "singleQuote": false,
  "tabWidth": 2,
  "trailingComma": "es5",
  "useTabs": false,
  "vueIndentScriptAndStyle": false,
  "filepath": "/home/tarvinzachary/complete-javascript-course-master/03-Developer-Skills/starter/script.js",
  "parser": "babel"
}
["INFO" - 10:19:22 AM] Formatting completed in 236.906933ms.
["INFO" - 10:21:09 AM] Formatting /home/tarvinzachary/complete-javascript-course-master/03-Developer-Skills/starter/script.js
["INFO" - 10:21:09 AM] Using ignore file (if present) at /home/tarvinzachary/.prettierignore
["INFO" - 10:21:09 AM] File Info:
{
  "ignored": false,
  "inferredParser": "babel"
}
["INFO" - 10:21:09 AM] No local configuration (i.e. .prettierrc or .editorconfig) detected, falling back to VS Code configuration
["INFO" - 10:21:09 AM] Prettier Options:
{
  "arrowParens": "always",
  "bracketSpacing": true,
  "endOfLine": "lf",
  "htmlWhitespaceSensitivity": "css",
  "insertPragma": false,
  "jsxBracketSameLine": false,
  "jsxSingleQuote": false,
  "printWidth": 80,
  "proseWrap": "preserve",
  "quoteProps": "as-needed",
  "requirePragma": false,
  "semi": true,
  "singleQuote": false,
  "tabWidth": 2,
  "trailingComma": "es5",
  "useTabs": false,
  "vueIndentScriptAndStyle": false,
  "filepath": "/home/tarvinzachary/complete-javascript-course-master/03-Developer-Skills/starter/script.js",
  "parser": "babel"
}
["INFO" - 10:21:09 AM] Formatting completed in 102.462312ms.
["INFO" - 10:23:41 AM] Formatting /home/tarvinzachary/complete-javascript-course-master/03-Developer-Skills/starter/script.js
["INFO" - 10:23:41 AM] Using ignore file (if present) at /home/tarvinzachary/.prettierignore
["INFO" - 10:23:41 AM] File Info:
{
  "ignored": false,
  "inferredParser": "babel"
}
["INFO" - 10:23:41 AM] No local configuration (i.e. .prettierrc or .editorconfig) detected, falling back to VS Code configuration
["INFO" - 10:23:41 AM] Prettier Options:
{
  "arrowParens": "always",
  "bracketSpacing": true,
  "endOfLine": "lf",
  "htmlWhitespaceSensitivity": "css",
  "insertPragma": false,
  "jsxBracketSameLine": false,
  "jsxSingleQuote": false,
  "printWidth": 80,
  "proseWrap": "preserve",
  "quoteProps": "as-needed",
  "requirePragma": false,
  "semi": true,
  "singleQuote": false,
  "tabWidth": 2,
  "trailingComma": "es5",
  "useTabs": false,
  "vueIndentScriptAndStyle": false,
  "filepath": "/home/tarvinzachary/complete-javascript-course-master/03-Developer-Skills/starter/script.js",
  "parser": "babel"
}
["INFO" - 10:23:41 AM] Formatting completed in 95.197629ms.
["INFO" - 10:24:02 AM] Formatting /home/tarvinzachary/complete-javascript-course-master/03-Developer-Skills/starter/script.js
["INFO" - 10:24:02 AM] Using ignore file (if present) at /home/tarvinzachary/.prettierignore
["INFO" - 10:24:02 AM] File Info:
{
  "ignored": false,
  "inferredParser": "babel"
}
["INFO" - 10:24:02 AM] No local configuration (i.e. .prettierrc or .editorconfig) detected, falling back to VS Code configuration
["INFO" - 10:24:02 AM] Prettier Options:
{
  "arrowParens": "always",
  "bracketSpacing": true,
  "endOfLine": "lf",
  "htmlWhitespaceSensitivity": "css",
  "insertPragma": false,
  "jsxBracketSameLine": false,
  "jsxSingleQuote": false,
  "printWidth": 80,
  "proseWrap": "preserve",
  "quoteProps": "as-needed",
  "requirePragma": false,
  "semi": true,
  "singleQuote": false,
  "tabWidth": 2,
  "trailingComma": "es5",
  "useTabs": false,
  "vueIndentScriptAndStyle": false,
  "filepath": "/home/tarvinzachary/complete-javascript-course-master/03-Developer-Skills/starter/script.js",
  "parser": "babel"
}
["INFO" - 10:24:02 AM] Formatting completed in 77.243992ms.
["INFO" - 10:24:20 AM] Formatting /home/tarvinzachary/complete-javascript-course-master/03-Developer-Skills/starter/script.js
["INFO" - 10:24:20 AM] Using ignore file (if present) at /home/tarvinzachary/.prettierignore
["INFO" - 10:24:20 AM] File Info:
{
  "ignored": false,
  "inferredParser": "babel"
}
["INFO" - 10:24:20 AM] No local configuration (i.e. .prettierrc or .editorconfig) detected, falling back to VS Code configuration
["INFO" - 10:24:20 AM] Prettier Options:
{
  "arrowParens": "always",
  "bracketSpacing": true,
  "endOfLine": "lf",
  "htmlWhitespaceSensitivity": "css",
  "insertPragma": false,
  "jsxBracketSameLine": false,
  "jsxSingleQuote": false,
  "printWidth": 80,
  "proseWrap": "preserve",
  "quoteProps": "as-needed",
  "requirePragma": false,
  "semi": true,
  "singleQuote": false,
  "tabWidth": 2,
  "trailingComma": "es5",
  "useTabs": false,
  "vueIndentScriptAndStyle": false,
  "filepath": "/home/tarvinzachary/complete-javascript-course-master/03-Developer-Skills/starter/script.js",
  "parser": "babel"
}
["INFO" - 10:24:20 AM] Formatting completed in 107.090152ms.
["INFO" - 10:26:03 AM] Formatting /home/tarvinzachary/complete-javascript-course-master/03-Developer-Skills/starter/script.js
["INFO" - 10:26:04 AM] Using ignore file (if present) at /home/tarvinzachary/.prettierignore
["INFO" - 10:26:04 AM] File Info:
{
  "ignored": false,
  "inferredParser": "babel"
}
["INFO" - 10:26:04 AM] No local configuration (i.e. .prettierrc or .editorconfig) detected, falling back to VS Code configuration
["INFO" - 10:26:04 AM] Prettier Options:
{
  "arrowParens": "always",
  "bracketSpacing": true,
  "endOfLine": "lf",
  "htmlWhitespaceSensitivity": "css",
  "insertPragma": false,
  "jsxBracketSameLine": false,
  "jsxSingleQuote": false,
  "printWidth": 80,
  "proseWrap": "preserve",
  "quoteProps": "as-needed",
  "requirePragma": false,
  "semi": true,
  "singleQuote": false,
  "tabWidth": 2,
  "trailingComma": "es5",
  "useTabs": false,
  "vueIndentScriptAndStyle": false,
  "filepath": "/home/tarvinzachary/complete-javascript-course-master/03-Developer-Skills/starter/script.js",
  "parser": "babel"
}
["INFO" - 10:26:04 AM] Formatting completed in 90.174832ms.
["INFO" - 10:26:53 AM] Formatting /home/tarvinzachary/complete-javascript-course-master/03-Developer-Skills/starter/script.js
["INFO" - 10:26:53 AM] Using ignore file (if present) at /home/tarvinzachary/.prettierignore
["INFO" - 10:26:53 AM] File Info:
{
  "ignored": false,
  "inferredParser": "babel"
}
["INFO" - 10:26:53 AM] No local configuration (i.e. .prettierrc or .editorconfig) detected, falling back to VS Code configuration
["INFO" - 10:26:53 AM] Prettier Options:
{
  "arrowParens": "always",
  "bracketSpacing": true,
  "endOfLine": "lf",
  "htmlWhitespaceSensitivity": "css",
  "insertPragma": false,
  "jsxBracketSameLine": false,
  "jsxSingleQuote": false,
  "printWidth": 80,
  "proseWrap": "preserve",
  "quoteProps": "as-needed",
  "requirePragma": false,
  "semi": true,
  "singleQuote": false,
  "tabWidth": 2,
  "trailingComma": "es5",
  "useTabs": false,
  "vueIndentScriptAndStyle": false,
  "filepath": "/home/tarvinzachary/complete-javascript-course-master/03-Developer-Skills/starter/script.js",
  "parser": "babel"
}
["INFO" - 10:26:53 AM] Formatting completed in 89.757721ms.
["INFO" - 10:27:11 AM] Formatting /home/tarvinzachary/complete-javascript-course-master/03-Developer-Skills/starter/script.js
["INFO" - 10:27:11 AM] Using ignore file (if present) at /home/tarvinzachary/.prettierignore
["INFO" - 10:27:11 AM] File Info:
{
  "ignored": false,
  "inferredParser": "babel"
}
["INFO" - 10:27:11 AM] No local configuration (i.e. .prettierrc or .editorconfig) detected, falling back to VS Code configuration
["INFO" - 10:27:11 AM] Prettier Options:
{
  "arrowParens": "always",
  "bracketSpacing": true,
  "endOfLine": "lf",
  "htmlWhitespaceSensitivity": "css",
  "insertPragma": false,
  "jsxBracketSameLine": false,
  "jsxSingleQuote": false,
  "printWidth": 80,
  "proseWrap": "preserve",
  "quoteProps": "as-needed",
  "requirePragma": false,
  "semi": true,
  "singleQuote": false,
  "tabWidth": 2,
  "trailingComma": "es5",
  "useTabs": false,
  "vueIndentScriptAndStyle": false,
  "filepath": "/home/tarvinzachary/complete-javascript-course-master/03-Developer-Skills/starter/script.js",
  "parser": "babel"
}
["INFO" - 10:27:11 AM] Formatting completed in 147.332519ms.
["INFO" - 10:28:40 AM] Formatting /home/tarvinzachary/complete-javascript-course-master/03-Developer-Skills/starter/script.js
["INFO" - 10:28:40 AM] Using ignore file (if present) at /home/tarvinzachary/.prettierignore
["INFO" - 10:28:40 AM] File Info:
{
  "ignored": false,
  "inferredParser": "babel"
}
["INFO" - 10:28:40 AM] No local configuration (i.e. .prettierrc or .editorconfig) detected, falling back to VS Code configuration
["INFO" - 10:28:40 AM] Prettier Options:
{
  "arrowParens": "always",
  "bracketSpacing": true,
  "endOfLine": "lf",
  "htmlWhitespaceSensitivity": "css",
  "insertPragma": false,
  "jsxBracketSameLine": false,
  "jsxSingleQuote": false,
  "printWidth": 80,
  "proseWrap": "preserve",
  "quoteProps": "as-needed",
  "requirePragma": false,
  "semi": true,
  "singleQuote": false,
  "tabWidth": 2,
  "trailingComma": "es5",
  "useTabs": false,
  "vueIndentScriptAndStyle": false,
  "filepath": "/home/tarvinzachary/complete-javascript-course-master/03-Developer-Skills/starter/script.js",
  "parser": "babel"
}
["INFO" - 10:28:40 AM] Formatting completed in 99.169196ms.
["INFO" - 10:28:51 AM] Formatting /home/tarvinzachary/complete-javascript-course-master/03-Developer-Skills/starter/script.js
["INFO" - 10:28:51 AM] Using ignore file (if present) at /home/tarvinzachary/.prettierignore
["INFO" - 10:28:51 AM] File Info:
{
  "ignored": false,
  "inferredParser": "babel"
}
["INFO" - 10:28:51 AM] No local configuration (i.e. .prettierrc or .editorconfig) detected, falling back to VS Code configuration
["INFO" - 10:28:51 AM] Prettier Options:
{
  "arrowParens": "always",
  "bracketSpacing": true,
  "endOfLine": "lf",
  "htmlWhitespaceSensitivity": "css",
  "insertPragma": false,
  "jsxBracketSameLine": false,
  "jsxSingleQuote": false,
  "printWidth": 80,
  "proseWrap": "preserve",
  "quoteProps": "as-needed",
  "requirePragma": false,
  "semi": true,
  "singleQuote": false,
  "tabWidth": 2,
  "trailingComma": "es5",
  "useTabs": false,
  "vueIndentScriptAndStyle": false,
  "filepath": "/home/tarvinzachary/complete-javascript-course-master/03-Developer-Skills/starter/script.js",
  "parser": "babel"
}
["INFO" - 10:28:51 AM] Formatting completed in 124.848165ms.
["INFO" - 10:29:14 AM] Formatting /home/tarvinzachary/complete-javascript-course-master/03-Developer-Skills/starter/script.js
["INFO" - 10:29:14 AM] Using ignore file (if present) at /home/tarvinzachary/.prettierignore
["INFO" - 10:29:14 AM] File Info:
{
  "ignored": false,
  "inferredParser": "babel"
}
["INFO" - 10:29:14 AM] No local configuration (i.e. .prettierrc or .editorconfig) detected, falling back to VS Code configuration
["INFO" - 10:29:14 AM] Prettier Options:
{
  "arrowParens": "always",
  "bracketSpacing": true,
  "endOfLine": "lf",
  "htmlWhitespaceSensitivity": "css",
  "insertPragma": false,
  "jsxBracketSameLine": false,
  "jsxSingleQuote": false,
  "printWidth": 80,
  "proseWrap": "preserve",
  "quoteProps": "as-needed",
  "requirePragma": false,
  "semi": true,
  "singleQuote": false,
  "tabWidth": 2,
  "trailingComma": "es5",
  "useTabs": false,
  "vueIndentScriptAndStyle": false,
  "filepath": "/home/tarvinzachary/complete-javascript-course-master/03-Developer-Skills/starter/script.js",
  "parser": "babel"
}
["INFO" - 10:29:14 AM] Formatting completed in 140.475798ms.
["INFO" - 10:32:06 AM] Formatting /home/tarvinzachary/complete-javascript-course-master/03-Developer-Skills/starter/script.js
["INFO" - 10:32:06 AM] Using ignore file (if present) at /home/tarvinzachary/.prettierignore
["INFO" - 10:32:06 AM] File Info:
{
  "ignored": false,
  "inferredParser": "babel"
}
["INFO" - 10:32:06 AM] No local configuration (i.e. .prettierrc or .editorconfig) detected, falling back to VS Code configuration
["INFO" - 10:32:06 AM] Prettier Options:
{
  "arrowParens": "always",
  "bracketSpacing": true,
  "endOfLine": "lf",
  "htmlWhitespaceSensitivity": "css",
  "insertPragma": false,
  "jsxBracketSameLine": false,
  "jsxSingleQuote": false,
  "printWidth": 80,
  "proseWrap": "preserve",
  "quoteProps": "as-needed",
  "requirePragma": false,
  "semi": true,
  "singleQuote": false,
  "tabWidth": 2,
  "trailingComma": "es5",
  "useTabs": false,
  "vueIndentScriptAndStyle": false,
  "filepath": "/home/tarvinzachary/complete-javascript-course-master/03-Developer-Skills/starter/script.js",
  "parser": "babel"
}
["INFO" - 10:32:06 AM] Formatting completed in 225.00837ms.
["INFO" - 10:33:46 AM] Formatting /home/tarvinzachary/complete-javascript-course-master/03-Developer-Skills/starter/script.js
["INFO" - 10:33:46 AM] Using ignore file (if present) at /home/tarvinzachary/.prettierignore
["INFO" - 10:33:46 AM] File Info:
{
  "ignored": false,
  "inferredParser": "babel"
}
["INFO" - 10:33:46 AM] No local configuration (i.e. .prettierrc or .editorconfig) detected, falling back to VS Code configuration
["INFO" - 10:33:46 AM] Prettier Options:
{
  "arrowParens": "always",
  "bracketSpacing": true,
  "endOfLine": "lf",
  "htmlWhitespaceSensitivity": "css",
  "insertPragma": false,
  "jsxBracketSameLine": false,
  "jsxSingleQuote": false,
  "printWidth": 80,
  "proseWrap": "preserve",
  "quoteProps": "as-needed",
  "requirePragma": false,
  "semi": true,
  "singleQuote": false,
  "tabWidth": 2,
  "trailingComma": "es5",
  "useTabs": false,
  "vueIndentScriptAndStyle": false,
  "filepath": "/home/tarvinzachary/complete-javascript-course-master/03-Developer-Skills/starter/script.js",
  "parser": "babel"
}
["INFO" - 10:33:46 AM] Formatting completed in 178.449898ms.
["INFO" - 10:48:52 AM] Formatting /home/tarvinzachary/complete-javascript-course-master/03-Developer-Skills/starter/script.js
["INFO" - 10:48:52 AM] Using ignore file (if present) at /home/tarvinzachary/.prettierignore
["INFO" - 10:48:52 AM] File Info:
{
  "ignored": false,
  "inferredParser": "babel"
}
["INFO" - 10:48:52 AM] No local configuration (i.e. .prettierrc or .editorconfig) detected, falling back to VS Code configuration
["INFO" - 10:48:52 AM] Prettier Options:
{
  "arrowParens": "always",
  "bracketSpacing": true,
  "endOfLine": "lf",
  "htmlWhitespaceSensitivity": "css",
  "insertPragma": false,
  "jsxBracketSameLine": false,
  "jsxSingleQuote": false,
  "printWidth": 80,
  "proseWrap": "preserve",
  "quoteProps": "as-needed",
  "requirePragma": false,
  "semi": true,
  "singleQuote": false,
  "tabWidth": 2,
  "trailingComma": "es5",
  "useTabs": false,
  "vueIndentScriptAndStyle": false,
  "filepath": "/home/tarvinzachary/complete-javascript-course-master/03-Developer-Skills/starter/script.js",
  "parser": "babel"
}
["INFO" - 10:48:52 AM] Formatting completed in 274.99801ms.
["INFO" - 10:51:12 AM] Formatting /home/tarvinzachary/complete-javascript-course-master/03-Developer-Skills/starter/script.js
["INFO" - 10:51:12 AM] Using ignore file (if present) at /home/tarvinzachary/.prettierignore
["INFO" - 10:51:12 AM] File Info:
{
  "ignored": false,
  "inferredParser": "babel"
}
["INFO" - 10:51:12 AM] No local configuration (i.e. .prettierrc or .editorconfig) detected, falling back to VS Code configuration
["INFO" - 10:51:12 AM] Prettier Options:
{
  "arrowParens": "always",
  "bracketSpacing": true,
  "endOfLine": "lf",
  "htmlWhitespaceSensitivity": "css",
  "insertPragma": false,
  "jsxBracketSameLine": false,
  "jsxSingleQuote": false,
  "printWidth": 80,
  "proseWrap": "preserve",
  "quoteProps": "as-needed",
  "requirePragma": false,
  "semi": true,
  "singleQuote": false,
  "tabWidth": 2,
  "trailingComma": "es5",
  "useTabs": false,
  "vueIndentScriptAndStyle": false,
  "filepath": "/home/tarvinzachary/complete-javascript-course-master/03-Developer-Skills/starter/script.js",
  "parser": "babel"
}
["INFO" - 10:51:12 AM] Formatting completed in 305.248485ms.
