["INFO" - 2:19:36 PM] Extension Name: esbenp.prettier-vscode.
["INFO" - 2:19:36 PM] Extension Version: 8.0.1.
["INFO" - 2:23:24 PM] Formatting /home/tarvinzachary/complete-javascript-course-master/05-Guess-My-Number/starter/script.js
["INFO" - 2:23:24 PM] Using config file at '/home/tarvinzachary/complete-javascript-course-master/05-Guess-My-Number/starter/.prettierrc'
["INFO" - 2:23:24 PM] Using ignore file (if present) at /home/tarvinzachary/.prettierignore
["INFO" - 2:23:24 PM] File Info:
{
  "ignored": false,
  "inferredParser": "babel"
}
["INFO" - 2:23:24 PM] Detected local configuration (i.e. .prettierrc or .editorconfig), VS Code configuration will not be used
["INFO" - 2:23:24 PM] Prettier Options:
{
  "filepath": "/home/tarvinzachary/complete-javascript-course-master/05-Guess-My-Number/starter/script.js",
  "parser": "babel",
  "singleQuote": true,
  "arrowParens": "avoid"
}
["INFO" - 2:23:24 PM] Formatting completed in 318.864891ms.
["INFO" - 2:25:35 PM] Formatting /home/tarvinzachary/complete-javascript-course-master/05-Guess-My-Number/starter/script.js
["INFO" - 2:25:35 PM] Using config file at '/home/tarvinzachary/complete-javascript-course-master/05-Guess-My-Number/starter/.prettierrc'
["INFO" - 2:25:35 PM] Using ignore file (if present) at /home/tarvinzachary/.prettierignore
["INFO" - 2:25:35 PM] File Info:
{
  "ignored": false,
  "inferredParser": "babel"
}
["INFO" - 2:25:35 PM] Detected local configuration (i.e. .prettierrc or .editorconfig), VS Code configuration will not be used
["INFO" - 2:25:35 PM] Prettier Options:
{
  "filepath": "/home/tarvinzachary/complete-javascript-course-master/05-Guess-My-Number/starter/script.js",
  "parser": "babel",
  "singleQuote": true,
  "arrowParens": "avoid"
}
["INFO" - 2:25:35 PM] Formatting completed in 120.885031ms.
