[2021-06-16 10:10:49.128] [exthost] [info] extension host started
[2021-06-16 10:10:54.572] [exthost] [info] ExtensionService#_doActivateExtension vscode.microsoft-authentication {"startup":false,"extensionId":{"value":"vscode.microsoft-authentication","_lower":"vscode.microsoft-authentication"},"activationEvent":"onAuthenticationRequest:microsoft"}
[2021-06-16 10:10:54.573] [exthost] [info] ExtensionService#loadCommonJSModule file:///usr/share/code/resources/app/extensions/microsoft-authentication/dist/extension.js
[2021-06-16 10:10:54.653] [exthost] [info] ExtensionService#_doActivateExtension vscode.debug-auto-launch {"startup":true,"extensionId":{"value":"vscode.debug-auto-launch","_lower":"vscode.debug-auto-launch"},"activationEvent":"*"}
[2021-06-16 10:10:54.657] [exthost] [info] ExtensionService#loadCommonJSModule file:///usr/share/code/resources/app/extensions/debug-auto-launch/dist/extension
[2021-06-16 10:10:54.706] [exthost] [info] ExtensionService#_doActivateExtension vscode.git {"startup":true,"extensionId":{"value":"vscode.github","_lower":"vscode.github"},"activationEvent":"*"}
[2021-06-16 10:10:54.707] [exthost] [info] ExtensionService#loadCommonJSModule file:///usr/share/code/resources/app/extensions/git/dist/main
[2021-06-16 10:10:56.940] [exthost] [info] ExtensionService#_doActivateExtension vscode.github {"startup":true,"extensionId":{"value":"vscode.github","_lower":"vscode.github"},"activationEvent":"*"}
[2021-06-16 10:10:56.944] [exthost] [info] ExtensionService#loadCommonJSModule file:///usr/share/code/resources/app/extensions/github/dist/extension.js
[2021-06-16 10:10:57.423] [exthost] [info] eager extensions activated
[2021-06-16 10:10:58.436] [exthost] [info] ExtensionService#_doActivateExtension ms-vscode.js-debug {"startup":false,"extensionId":{"value":"ms-vscode.js-debug","_lower":"ms-vscode.js-debug"},"activationEvent":"onCommand:extension.js-debug.clearAutoAttachVariables"}
[2021-06-16 10:10:58.444] [exthost] [info] ExtensionService#loadCommonJSModule file:///usr/share/code/resources/app/extensions/ms-vscode.js-debug/src/extension.js
[2021-06-16 10:10:59.693] [exthost] [info] ExtensionService#_doActivateExtension vscode.emmet {"startup":false,"extensionId":{"value":"vscode.emmet","_lower":"vscode.emmet"},"activationEvent":"onStartupFinished"}
[2021-06-16 10:10:59.703] [exthost] [info] ExtensionService#loadCommonJSModule file:///usr/share/code/resources/app/extensions/emmet/dist/node/emmetNodeMain
[2021-06-16 10:10:59.804] [exthost] [info] ExtensionService#_doActivateExtension vscode.merge-conflict {"startup":false,"extensionId":{"value":"vscode.merge-conflict","_lower":"vscode.merge-conflict"},"activationEvent":"onStartupFinished"}
[2021-06-16 10:10:59.806] [exthost] [info] ExtensionService#loadCommonJSModule file:///usr/share/code/resources/app/extensions/merge-conflict/dist/mergeConflictMain
[2021-06-16 10:11:00.014] [exthost] [info] ExtensionService#_doActivateExtension vscode.testing-editor-contributions {"startup":false,"extensionId":{"value":"vscode.testing-editor-contributions","_lower":"vscode.testing-editor-contributions"},"activationEvent":"onStartupFinished"}
[2021-06-16 10:11:00.030] [exthost] [info] ExtensionService#loadCommonJSModule file:///usr/share/code/resources/app/extensions/testing-editor-contributions/dist/extension.js
[2021-06-16 10:11:00.050] [exthost] [info] ExtensionService#_doActivateExtension esbenp.prettier-vscode {"startup":false,"extensionId":{"value":"esbenp.prettier-vscode","_lower":"esbenp.prettier-vscode"},"activationEvent":"onStartupFinished"}
[2021-06-16 10:11:00.054] [exthost] [info] ExtensionService#loadCommonJSModule file:///home/tarvinzachary/.vscode/extensions/esbenp.prettier-vscode-6.4.0/dist/extension
[2021-06-16 10:11:00.598] [exthost] [error] {"message":"Git error","stdout":"","stderr":"","exitCode":128}
[2021-06-16 10:11:00.598] [exthost] [error] {"message":"Git error","stdout":"","stderr":"","exitCode":128}
[2021-06-16 10:11:00.599] [exthost] [error] {"message":"Git error","stdout":"","stderr":"","exitCode":128}
[2021-06-16 10:11:00.599] [exthost] [error] {"message":"Git error","stdout":"","stderr":"","exitCode":128}
[2021-06-16 10:11:00.599] [exthost] [error] {"message":"Git error","stdout":"","stderr":"","exitCode":128}
[2021-06-16 10:11:00.599] [exthost] [error] {"message":"Git error","stdout":"","stderr":"","exitCode":128}
[2021-06-16 10:11:00.599] [exthost] [error] {"message":"Git error","stdout":"","stderr":"","exitCode":128}
[2021-06-16 10:11:00.602] [exthost] [error] {"message":"Git error","stdout":"","stderr":"","exitCode":128}
[2021-06-16 10:11:00.603] [exthost] [error] {"message":"Git error","stdout":"","stderr":"","exitCode":128}
[2021-06-16 10:11:00.603] [exthost] [error] {"message":"Git error","stdout":"","stderr":"","exitCode":128}
[2021-06-16 10:11:00.603] [exthost] [error] {"message":"Git error","stdout":"","stderr":"","exitCode":128}
[2021-06-16 10:11:00.603] [exthost] [error] {"message":"Git error","stdout":"","stderr":"","exitCode":128}
[2021-06-16 10:11:00.603] [exthost] [error] {"message":"Git error","stdout":"","stderr":"","exitCode":128}
[2021-06-16 10:11:00.603] [exthost] [error] {"message":"Git error","stdout":"","stderr":"","exitCode":128}
[2021-06-16 10:11:00.603] [exthost] [error] {"message":"Git error","stdout":"","stderr":"","exitCode":128}
[2021-06-16 10:11:00.603] [exthost] [error] {"message":"Git error","stdout":"","stderr":"","exitCode":128}
[2021-06-16 10:11:00.603] [exthost] [error] {"message":"Git error","stdout":"","stderr":"","exitCode":128}
[2021-06-16 10:11:00.603] [exthost] [error] {"message":"Git error","stdout":"","stderr":"","exitCode":128}
[2021-06-16 10:11:00.603] [exthost] [error] {"message":"Git error","stdout":"","stderr":"","exitCode":128}
[2021-06-16 10:11:00.603] [exthost] [error] {"message":"Git error","stdout":"","stderr":"","exitCode":128}
[2021-06-16 10:11:00.603] [exthost] [error] {"message":"Git error","stdout":"","stderr":"","exitCode":128}
[2021-06-16 10:11:00.603] [exthost] [error] {"message":"Git error","stdout":"","stderr":"","exitCode":128}
[2021-06-16 10:11:00.603] [exthost] [error] {"message":"Git error","stdout":"","stderr":"","exitCode":128}
[2021-06-16 10:11:00.603] [exthost] [error] {"message":"Git error","stdout":"","stderr":"","exitCode":128}
[2021-06-16 10:11:00.603] [exthost] [error] {"message":"Git error","stdout":"","stderr":"","exitCode":128}
[2021-06-16 10:11:00.603] [exthost] [error] {"message":"Git error","stdout":"","stderr":"","exitCode":128}
[2021-06-16 10:11:00.603] [exthost] [error] {"message":"Git error","stdout":"","stderr":"","exitCode":128}
[2021-06-16 10:11:00.603] [exthost] [error] {"message":"Git error","stdout":"","stderr":"","exitCode":128}
[2021-06-16 10:11:00.603] [exthost] [error] {"message":"Git error","stdout":"","stderr":"","exitCode":128}
[2021-06-16 10:11:00.603] [exthost] [error] {"message":"Git error","stdout":"","stderr":"","exitCode":128}
[2021-06-16 10:11:00.603] [exthost] [error] {"message":"Git error","stdout":"","stderr":"","exitCode":128}
[2021-06-16 10:11:00.603] [exthost] [error] {"message":"Git error","stdout":"","stderr":"","exitCode":128}
[2021-06-16 10:11:00.603] [exthost] [error] {"message":"Git error","stdout":"","stderr":"","exitCode":128}
[2021-06-16 10:11:00.603] [exthost] [error] {"message":"Git error","stdout":"","stderr":"","exitCode":128}
[2021-06-16 10:11:00.603] [exthost] [error] {"message":"Git error","stdout":"","stderr":"","exitCode":128}
[2021-06-16 10:11:00.603] [exthost] [error] {"message":"Git error","stdout":"","stderr":"","exitCode":128}
[2021-06-16 10:11:00.603] [exthost] [error] {"message":"Git error","stdout":"","stderr":"","exitCode":128}
[2021-06-16 10:11:00.603] [exthost] [error] {"message":"Git error","stdout":"","stderr":"","exitCode":128}
[2021-06-16 10:11:00.603] [exthost] [error] {"message":"Git error","stdout":"","stderr":"","exitCode":128}
[2021-06-16 10:11:00.603] [exthost] [error] {"message":"Git error","stdout":"","stderr":"","exitCode":128}
[2021-06-16 10:11:00.603] [exthost] [error] {"message":"Git error","stdout":"","stderr":"","exitCode":128}
[2021-06-16 10:11:00.603] [exthost] [error] {"message":"Git error","stdout":"","stderr":"","exitCode":128}
[2021-06-16 10:11:00.603] [exthost] [error] {"message":"Git error","stdout":"","stderr":"","exitCode":128}
[2021-06-16 10:11:00.603] [exthost] [error] {"message":"Git error","stdout":"","stderr":"","exitCode":128}
[2021-06-16 10:11:00.603] [exthost] [error] {"message":"Git error","stdout":"","stderr":"","exitCode":128}
[2021-06-16 10:11:00.603] [exthost] [error] {"message":"Git error","stdout":"","stderr":"","exitCode":128}
[2021-06-16 10:11:00.604] [exthost] [error] {"message":"Git error","stdout":"","stderr":"","exitCode":128}
[2021-06-16 10:11:00.604] [exthost] [error] {"message":"Git error","stdout":"","stderr":"","exitCode":128}
[2021-06-16 10:11:00.604] [exthost] [error] {"message":"Git error","stdout":"","stderr":"","exitCode":128}
[2021-06-16 10:11:00.604] [exthost] [error] {"message":"Git error","stdout":"","stderr":"","exitCode":128}
[2021-06-16 10:11:00.604] [exthost] [error] {"message":"Git error","stdout":"","stderr":"","exitCode":128}
[2021-06-16 10:11:00.604] [exthost] [error] {"message":"Git error","stdout":"","stderr":"","exitCode":128}
[2021-06-16 10:11:00.604] [exthost] [error] {"message":"Git error","stdout":"","stderr":"","exitCode":128}
[2021-06-16 10:11:00.604] [exthost] [error] {"message":"Git error","stdout":"","stderr":"","exitCode":128}
[2021-06-16 10:11:00.604] [exthost] [error] {"message":"Git error","stdout":"","stderr":"","exitCode":128}
[2021-06-16 10:11:00.604] [exthost] [error] {"message":"Git error","stdout":"","stderr":"","exitCode":128}
[2021-06-16 10:11:00.604] [exthost] [error] {"message":"Git error","stdout":"","stderr":"","exitCode":128}
[2021-06-16 10:11:00.604] [exthost] [error] {"message":"Git error","stdout":"","stderr":"","exitCode":128}
[2021-06-16 10:11:00.604] [exthost] [error] {"message":"Git error","stdout":"","stderr":"","exitCode":128}
[2021-06-16 10:11:00.604] [exthost] [error] {"message":"Git error","stdout":"","stderr":"","exitCode":128}
[2021-06-16 10:11:00.604] [exthost] [error] {"message":"Git error","stdout":"","stderr":"","exitCode":128}
[2021-06-16 10:11:00.604] [exthost] [error] {"message":"Git error","stdout":"","stderr":"","exitCode":128}
[2021-06-16 10:11:00.604] [exthost] [error] {"message":"Git error","stdout":"","stderr":"","exitCode":128}
[2021-06-16 10:11:00.604] [exthost] [error] {"message":"Git error","stdout":"","stderr":"","exitCode":128}
[2021-06-16 10:11:00.604] [exthost] [error] {"message":"Git error","stdout":"","stderr":"","exitCode":128}
[2021-06-16 10:11:00.604] [exthost] [error] {"message":"Git error","stdout":"","stderr":"","exitCode":128}
[2021-06-16 10:11:00.604] [exthost] [error] {"message":"Git error","stdout":"","stderr":"","exitCode":128}
[2021-06-16 10:11:00.604] [exthost] [error] {"message":"Git error","stdout":"","stderr":"","exitCode":128}
[2021-06-16 10:11:00.604] [exthost] [error] {"message":"Git error","stdout":"","stderr":"","exitCode":128}
[2021-06-16 10:11:00.604] [exthost] [error] {"message":"Git error","stdout":"","stderr":"","exitCode":128}
[2021-06-16 10:11:00.604] [exthost] [error] {"message":"Git error","stdout":"","stderr":"","exitCode":128}
[2021-06-16 10:11:00.604] [exthost] [error] {"message":"Git error","stdout":"","stderr":"","exitCode":128}
[2021-06-16 10:11:00.604] [exthost] [error] {"message":"Git error","stdout":"","stderr":"","exitCode":128}
[2021-06-16 10:11:00.604] [exthost] [error] {"message":"Git error","stdout":"","stderr":"","exitCode":128}
[2021-06-16 10:11:00.604] [exthost] [error] {"message":"Git error","stdout":"","stderr":"","exitCode":128}
[2021-06-16 10:11:00.604] [exthost] [error] {"message":"Git error","stdout":"","stderr":"","exitCode":128}
[2021-06-16 10:11:00.604] [exthost] [error] {"message":"Git error","stdout":"","stderr":"","exitCode":128}
[2021-06-16 10:11:00.604] [exthost] [error] {"message":"Git error","stdout":"","stderr":"","exitCode":128}
[2021-06-16 10:11:00.604] [exthost] [error] {"message":"Git error","stdout":"","stderr":"","exitCode":128}
[2021-06-16 10:11:00.604] [exthost] [error] {"message":"Git error","stdout":"","stderr":"","exitCode":128}
[2021-06-16 10:11:00.605] [exthost] [error] {"message":"Git error","stdout":"","stderr":"","exitCode":128}
[2021-06-16 10:11:00.605] [exthost] [error] {"message":"Git error","stdout":"","stderr":"","exitCode":128}
[2021-06-16 10:11:00.605] [exthost] [error] {"message":"Git error","stdout":"","stderr":"","exitCode":128}
[2021-06-16 10:11:00.605] [exthost] [error] {"message":"Git error","stdout":"","stderr":"","exitCode":128}
[2021-06-16 10:11:00.605] [exthost] [error] {"message":"Git error","stdout":"","stderr":"","exitCode":128}
[2021-06-16 10:11:00.605] [exthost] [error] {"message":"Git error","stdout":"","stderr":"","exitCode":128}
[2021-06-16 10:11:00.605] [exthost] [error] {"message":"Git error","stdout":"","stderr":"","exitCode":128}
[2021-06-16 10:11:00.605] [exthost] [error] {"message":"Git error","stdout":"","stderr":"","exitCode":128}
[2021-06-16 10:11:00.605] [exthost] [error] {"message":"Git error","stdout":"","stderr":"","exitCode":128}
[2021-06-16 10:11:00.605] [exthost] [error] {"message":"Git error","stdout":"","stderr":"","exitCode":128}
[2021-06-16 10:11:00.605] [exthost] [error] {"message":"Git error","stdout":"","stderr":"","exitCode":128}
[2021-06-16 10:11:00.605] [exthost] [error] {"message":"Git error","stdout":"","stderr":"","exitCode":128}
[2021-06-16 10:11:00.605] [exthost] [error] {"message":"Git error","stdout":"","stderr":"","exitCode":128}
[2021-06-16 10:11:00.605] [exthost] [error] {"message":"Git error","stdout":"","stderr":"","exitCode":128}
[2021-06-16 10:11:00.605] [exthost] [error] {"message":"Git error","stdout":"","stderr":"","exitCode":128}
[2021-06-16 10:11:00.605] [exthost] [error] {"message":"Git error","stdout":"","stderr":"","exitCode":128}
[2021-06-16 10:11:00.605] [exthost] [error] {"message":"Git error","stdout":"","stderr":"","exitCode":128}
[2021-06-16 10:11:00.605] [exthost] [error] {"message":"Git error","stdout":"","stderr":"","exitCode":128}
[2021-06-16 10:11:00.605] [exthost] [error] {"message":"Git error","stdout":"","stderr":"","exitCode":128}
[2021-06-16 10:11:00.605] [exthost] [error] {"message":"Git error","stdout":"","stderr":"","exitCode":128}
[2021-06-16 10:11:01.156] [exthost] [info] ExtensionService#_doActivateExtension vscode.github-authentication {"startup":false,"extensionId":{"value":"vscode.github-authentication","_lower":"vscode.github-authentication"},"activationEvent":"onAuthenticationRequest:github"}
[2021-06-16 10:11:01.156] [exthost] [info] ExtensionService#loadCommonJSModule file:///usr/share/code/resources/app/extensions/github-authentication/dist/extension.js
[2021-06-16 10:19:36.770] [exthost] [info] extension host terminating: received terminate message from renderer
[2021-06-16 10:19:37.868] [exthost] [info] exiting with code 0
