["INFO" - 9:30:30 AM] Extension Name: esbenp.prettier-vscode.
["INFO" - 9:30:30 AM] Extension Version: 8.0.1.
["INFO" - 9:49:58 AM] Formatting /home/tarvinzachary/complete-javascript-course-master/05-Guess-My-Number/starter/script.js
["INFO" - 9:49:58 AM] Using config file at '/home/tarvinzachary/complete-javascript-course-master/05-Guess-My-Number/starter/.prettierrc'
["INFO" - 9:49:58 AM] Using ignore file (if present) at /home/tarvinzachary/.prettierignore
["INFO" - 9:49:58 AM] File Info:
{
  "ignored": false,
  "inferredParser": "babel"
}
["INFO" - 9:49:58 AM] Detected local configuration (i.e. .prettierrc or .editorconfig), VS Code configuration will not be used
["INFO" - 9:49:58 AM] Prettier Options:
{
  "filepath": "/home/tarvinzachary/complete-javascript-course-master/05-Guess-My-Number/starter/script.js",
  "parser": "babel",
  "singleQuote": true,
  "arrowParens": "avoid"
}
["INFO" - 9:49:59 AM] Formatting completed in 290.991363ms.
["INFO" - 9:54:27 AM] Formatting /home/tarvinzachary/complete-javascript-course-master/05-Guess-My-Number/starter/script.js
["INFO" - 9:54:27 AM] Using config file at '/home/tarvinzachary/complete-javascript-course-master/05-Guess-My-Number/starter/.prettierrc'
["INFO" - 9:54:27 AM] Using ignore file (if present) at /home/tarvinzachary/.prettierignore
["INFO" - 9:54:27 AM] File Info:
{
  "ignored": false,
  "inferredParser": "babel"
}
["INFO" - 9:54:27 AM] Detected local configuration (i.e. .prettierrc or .editorconfig), VS Code configuration will not be used
["INFO" - 9:54:27 AM] Prettier Options:
{
  "filepath": "/home/tarvinzachary/complete-javascript-course-master/05-Guess-My-Number/starter/script.js",
  "parser": "babel",
  "singleQuote": true,
  "arrowParens": "avoid"
}
["INFO" - 9:54:27 AM] Formatting completed in 207.682341ms.
["INFO" - 9:57:24 AM] Formatting /home/tarvinzachary/complete-javascript-course-master/05-Guess-My-Number/starter/script.js
["INFO" - 9:57:24 AM] Using config file at '/home/tarvinzachary/complete-javascript-course-master/05-Guess-My-Number/starter/.prettierrc'
["INFO" - 9:57:24 AM] Using ignore file (if present) at /home/tarvinzachary/.prettierignore
["INFO" - 9:57:24 AM] File Info:
{
  "ignored": false,
  "inferredParser": "babel"
}
["INFO" - 9:57:24 AM] Detected local configuration (i.e. .prettierrc or .editorconfig), VS Code configuration will not be used
["INFO" - 9:57:24 AM] Prettier Options:
{
  "filepath": "/home/tarvinzachary/complete-javascript-course-master/05-Guess-My-Number/starter/script.js",
  "parser": "babel",
  "singleQuote": true,
  "arrowParens": "avoid"
}
["INFO" - 9:57:24 AM] Formatting completed in 88.483284ms.
["INFO" - 10:05:25 AM] Formatting /home/tarvinzachary/complete-javascript-course-master/05-Guess-My-Number/starter/script.js
["INFO" - 10:05:25 AM] Using config file at '/home/tarvinzachary/complete-javascript-course-master/05-Guess-My-Number/starter/.prettierrc'
["INFO" - 10:05:25 AM] Using ignore file (if present) at /home/tarvinzachary/.prettierignore
["INFO" - 10:05:25 AM] File Info:
{
  "ignored": false,
  "inferredParser": "babel"
}
["INFO" - 10:05:25 AM] Detected local configuration (i.e. .prettierrc or .editorconfig), VS Code configuration will not be used
["INFO" - 10:05:25 AM] Prettier Options:
{
  "filepath": "/home/tarvinzachary/complete-javascript-course-master/05-Guess-My-Number/starter/script.js",
  "parser": "babel",
  "singleQuote": true,
  "arrowParens": "avoid"
}
["INFO" - 10:05:25 AM] Formatting completed in 196.281973ms.
["INFO" - 10:06:24 AM] Formatting /home/tarvinzachary/complete-javascript-course-master/05-Guess-My-Number/starter/script.js
["INFO" - 10:06:24 AM] Using config file at '/home/tarvinzachary/complete-javascript-course-master/05-Guess-My-Number/starter/.prettierrc'
["INFO" - 10:06:24 AM] Using ignore file (if present) at /home/tarvinzachary/.prettierignore
["INFO" - 10:06:24 AM] File Info:
{
  "ignored": false,
  "inferredParser": "babel"
}
["INFO" - 10:06:24 AM] Detected local configuration (i.e. .prettierrc or .editorconfig), VS Code configuration will not be used
["INFO" - 10:06:24 AM] Prettier Options:
{
  "filepath": "/home/tarvinzachary/complete-javascript-course-master/05-Guess-My-Number/starter/script.js",
  "parser": "babel",
  "singleQuote": true,
  "arrowParens": "avoid"
}
["INFO" - 10:06:24 AM] Formatting completed in 94.296932ms.
["INFO" - 10:16:35 AM] Formatting /home/tarvinzachary/complete-javascript-course-master/05-Guess-My-Number/starter/script.js
["INFO" - 10:16:35 AM] Using config file at '/home/tarvinzachary/complete-javascript-course-master/05-Guess-My-Number/starter/.prettierrc'
["INFO" - 10:16:35 AM] Using ignore file (if present) at /home/tarvinzachary/.prettierignore
["INFO" - 10:16:35 AM] File Info:
{
  "ignored": false,
  "inferredParser": "babel"
}
["INFO" - 10:16:35 AM] Detected local configuration (i.e. .prettierrc or .editorconfig), VS Code configuration will not be used
["INFO" - 10:16:35 AM] Prettier Options:
{
  "filepath": "/home/tarvinzachary/complete-javascript-course-master/05-Guess-My-Number/starter/script.js",
  "parser": "babel",
  "singleQuote": true,
  "arrowParens": "avoid"
}
["INFO" - 10:16:35 AM] Formatting completed in 245.995727ms.
["INFO" - 10:18:28 AM] Formatting /home/tarvinzachary/complete-javascript-course-master/05-Guess-My-Number/starter/script.js
["INFO" - 10:18:28 AM] Using config file at '/home/tarvinzachary/complete-javascript-course-master/05-Guess-My-Number/starter/.prettierrc'
["INFO" - 10:18:28 AM] Using ignore file (if present) at /home/tarvinzachary/.prettierignore
["INFO" - 10:18:28 AM] File Info:
{
  "ignored": false,
  "inferredParser": "babel"
}
["INFO" - 10:18:28 AM] Detected local configuration (i.e. .prettierrc or .editorconfig), VS Code configuration will not be used
["INFO" - 10:18:28 AM] Prettier Options:
{
  "filepath": "/home/tarvinzachary/complete-javascript-course-master/05-Guess-My-Number/starter/script.js",
  "parser": "babel",
  "singleQuote": true,
  "arrowParens": "avoid"
}
["INFO" - 10:18:29 AM] Formatting completed in 231.406866ms.
["INFO" - 10:18:30 AM] Formatting /home/tarvinzachary/complete-javascript-course-master/05-Guess-My-Number/starter/script.js
["INFO" - 10:18:30 AM] Using config file at '/home/tarvinzachary/complete-javascript-course-master/05-Guess-My-Number/starter/.prettierrc'
["INFO" - 10:18:30 AM] Using ignore file (if present) at /home/tarvinzachary/.prettierignore
["INFO" - 10:18:30 AM] File Info:
{
  "ignored": false,
  "inferredParser": "babel"
}
["INFO" - 10:18:30 AM] Detected local configuration (i.e. .prettierrc or .editorconfig), VS Code configuration will not be used
["INFO" - 10:18:30 AM] Prettier Options:
{
  "filepath": "/home/tarvinzachary/complete-javascript-course-master/05-Guess-My-Number/starter/script.js",
  "parser": "babel",
  "singleQuote": true,
  "arrowParens": "avoid"
}
["INFO" - 10:18:30 AM] Formatting completed in 131.923094ms.
["INFO" - 10:27:09 AM] Formatting /home/tarvinzachary/complete-javascript-course-master/05-Guess-My-Number/starter/script.js
["INFO" - 10:27:09 AM] Using config file at '/home/tarvinzachary/complete-javascript-course-master/05-Guess-My-Number/starter/.prettierrc'
["INFO" - 10:27:09 AM] Using ignore file (if present) at /home/tarvinzachary/.prettierignore
["INFO" - 10:27:09 AM] File Info:
{
  "ignored": false,
  "inferredParser": "babel"
}
["INFO" - 10:27:09 AM] Detected local configuration (i.e. .prettierrc or .editorconfig), VS Code configuration will not be used
["INFO" - 10:27:09 AM] Prettier Options:
{
  "filepath": "/home/tarvinzachary/complete-javascript-course-master/05-Guess-My-Number/starter/script.js",
  "parser": "babel",
  "singleQuote": true,
  "arrowParens": "avoid"
}
["INFO" - 10:27:09 AM] Formatting completed in 136.028711ms.
