[2021-06-03 10:42:09.314] [exthost] [info] extension host started
[2021-06-03 10:42:10.688] [exthost] [info] ExtensionService#_doActivateExtension vscode.microsoft-authentication {"startup":false,"extensionId":{"value":"vscode.microsoft-authentication","_lower":"vscode.microsoft-authentication"},"activationEvent":"onAuthenticationRequest:microsoft"}
[2021-06-03 10:42:10.690] [exthost] [info] ExtensionService#loadCommonJSModule file:///usr/share/code/resources/app/extensions/microsoft-authentication/dist/extension.js
[2021-06-03 10:42:10.778] [exthost] [info] ExtensionService#_doActivateExtension vscode.typescript-language-features {"startup":false,"extensionId":{"value":"vscode.typescript-language-features","_lower":"vscode.typescript-language-features"},"activationEvent":"onLanguage:javascript"}
[2021-06-03 10:42:10.784] [exthost] [info] ExtensionService#loadCommonJSModule file:///usr/share/code/resources/app/extensions/typescript-language-features/dist/extension
[2021-06-03 10:42:10.887] [exthost] [info] ExtensionService#_doActivateExtension vscode.debug-auto-launch {"startup":true,"extensionId":{"value":"vscode.debug-auto-launch","_lower":"vscode.debug-auto-launch"},"activationEvent":"*"}
[2021-06-03 10:42:10.902] [exthost] [info] ExtensionService#loadCommonJSModule file:///usr/share/code/resources/app/extensions/debug-auto-launch/dist/extension
[2021-06-03 10:42:10.931] [exthost] [info] ExtensionService#_doActivateExtension vscode.git {"startup":true,"extensionId":{"value":"vscode.github","_lower":"vscode.github"},"activationEvent":"*"}
[2021-06-03 10:42:10.932] [exthost] [info] ExtensionService#loadCommonJSModule file:///usr/share/code/resources/app/extensions/git/dist/main
[2021-06-03 10:42:14.450] [exthost] [warning] [Decorations] CAPPING events from decorations provider vscode.git 2308
[2021-06-03 10:42:26.202] [exthost] [info] ExtensionService#_doActivateExtension vscode.github {"startup":true,"extensionId":{"value":"vscode.github","_lower":"vscode.github"},"activationEvent":"*"}
[2021-06-03 10:42:26.212] [exthost] [info] ExtensionService#loadCommonJSModule file:///usr/share/code/resources/app/extensions/github/dist/extension.js
[2021-06-03 10:42:27.792] [exthost] [error] {"message":"Git error","stdout":"","stderr":"fatal: Pathspec '/home/tarvinzachary/aim--code--school/aim--code--school' is in submodule 'aim--code--school'\n","exitCode":128,"gitErrorCode":"IsInSubmodule"}
[2021-06-03 10:42:27.792] [exthost] [error] {"message":"Git error","stdout":"","stderr":"fatal: Pathspec '/home/tarvinzachary/aim--code--school/aim--code--school' is in submodule 'aim--code--school'\n","exitCode":128,"gitErrorCode":"IsInSubmodule"}
[2021-06-03 10:42:27.792] [exthost] [error] {"message":"Git error","stdout":"","stderr":"fatal: Pathspec '/home/tarvinzachary/aim--code--school/aim--code--school' is in submodule 'aim--code--school'\n","exitCode":128,"gitErrorCode":"IsInSubmodule"}
[2021-06-03 10:42:27.792] [exthost] [error] {"message":"Git error","stdout":"","stderr":"fatal: Pathspec '/home/tarvinzachary/aim--code--school/aim--code--school' is in submodule 'aim--code--school'\n","exitCode":128,"gitErrorCode":"IsInSubmodule"}
[2021-06-03 10:42:27.797] [exthost] [error] {"message":"Git error","stdout":"","stderr":"fatal: Pathspec '/home/tarvinzachary/aim--code--school/aim--code--school' is in submodule 'aim--code--school'\n","exitCode":128,"gitErrorCode":"IsInSubmodule"}
[2021-06-03 10:42:27.798] [exthost] [error] {"message":"Git error","stdout":"","stderr":"fatal: Pathspec '/home/tarvinzachary/aim--code--school/aim--code--school' is in submodule 'aim--code--school'\n","exitCode":128,"gitErrorCode":"IsInSubmodule"}
[2021-06-03 10:42:27.798] [exthost] [error] {"message":"Git error","stdout":"","stderr":"fatal: Pathspec '/home/tarvinzachary/aim--code--school/aim--code--school' is in submodule 'aim--code--school'\n","exitCode":128,"gitErrorCode":"IsInSubmodule"}
[2021-06-03 10:42:27.809] [exthost] [error] {"message":"Git error","stdout":"","stderr":"fatal: Pathspec '/home/tarvinzachary/aim--code--school/aim--code--school' is in submodule 'aim--code--school'\n","exitCode":128,"gitErrorCode":"IsInSubmodule"}
[2021-06-03 10:42:27.809] [exthost] [error] {"message":"Git error","stdout":"","stderr":"fatal: Pathspec '/home/tarvinzachary/aim--code--school/aim--code--school' is in submodule 'aim--code--school'\n","exitCode":128,"gitErrorCode":"IsInSubmodule"}
[2021-06-03 10:42:27.809] [exthost] [error] {"message":"Git error","stdout":"","stderr":"fatal: Pathspec '/home/tarvinzachary/aim--code--school/aim--code--school' is in submodule 'aim--code--school'\n","exitCode":128,"gitErrorCode":"IsInSubmodule"}
[2021-06-03 10:42:27.809] [exthost] [error] {"message":"Git error","stdout":"","stderr":"fatal: Pathspec '/home/tarvinzachary/aim--code--school/aim--code--school' is in submodule 'aim--code--school'\n","exitCode":128,"gitErrorCode":"IsInSubmodule"}
[2021-06-03 10:42:27.809] [exthost] [error] {"message":"Git error","stdout":"","stderr":"fatal: Pathspec '/home/tarvinzachary/aim--code--school/aim--code--school' is in submodule 'aim--code--school'\n","exitCode":128,"gitErrorCode":"IsInSubmodule"}
[2021-06-03 10:42:27.809] [exthost] [error] {"message":"Git error","stdout":"","stderr":"fatal: Pathspec '/home/tarvinzachary/aim--code--school/aim--code--school' is in submodule 'aim--code--school'\n","exitCode":128,"gitErrorCode":"IsInSubmodule"}
[2021-06-03 10:42:27.809] [exthost] [error] {"message":"Git error","stdout":"","stderr":"fatal: Pathspec '/home/tarvinzachary/aim--code--school/aim--code--school' is in submodule 'aim--code--school'\n","exitCode":128,"gitErrorCode":"IsInSubmodule"}
[2021-06-03 10:42:27.809] [exthost] [error] {"message":"Git error","stdout":"","stderr":"fatal: Pathspec '/home/tarvinzachary/aim--code--school/aim--code--school' is in submodule 'aim--code--school'\n","exitCode":128,"gitErrorCode":"IsInSubmodule"}
[2021-06-03 10:42:27.809] [exthost] [error] {"message":"Git error","stdout":"","stderr":"fatal: Pathspec '/home/tarvinzachary/aim--code--school/aim--code--school' is in submodule 'aim--code--school'\n","exitCode":128,"gitErrorCode":"IsInSubmodule"}
[2021-06-03 10:42:27.809] [exthost] [error] {"message":"Git error","stdout":"","stderr":"fatal: Pathspec '/home/tarvinzachary/aim--code--school/aim--code--school' is in submodule 'aim--code--school'\n","exitCode":128,"gitErrorCode":"IsInSubmodule"}
[2021-06-03 10:42:27.809] [exthost] [error] {"message":"Git error","stdout":"","stderr":"fatal: Pathspec '/home/tarvinzachary/aim--code--school/aim--code--school' is in submodule 'aim--code--school'\n","exitCode":128,"gitErrorCode":"IsInSubmodule"}
[2021-06-03 10:42:27.809] [exthost] [error] {"message":"Git error","stdout":"","stderr":"fatal: Pathspec '/home/tarvinzachary/aim--code--school/aim--code--school' is in submodule 'aim--code--school'\n","exitCode":128,"gitErrorCode":"IsInSubmodule"}
[2021-06-03 10:42:27.809] [exthost] [error] {"message":"Git error","stdout":"","stderr":"fatal: Pathspec '/home/tarvinzachary/aim--code--school/aim--code--school' is in submodule 'aim--code--school'\n","exitCode":128,"gitErrorCode":"IsInSubmodule"}
[2021-06-03 10:42:27.809] [exthost] [error] {"message":"Git error","stdout":"","stderr":"fatal: Pathspec '/home/tarvinzachary/aim--code--school/aim--code--school' is in submodule 'aim--code--school'\n","exitCode":128,"gitErrorCode":"IsInSubmodule"}
[2021-06-03 10:42:27.809] [exthost] [error] {"message":"Git error","stdout":"","stderr":"fatal: Pathspec '/home/tarvinzachary/aim--code--school/aim--code--school' is in submodule 'aim--code--school'\n","exitCode":128,"gitErrorCode":"IsInSubmodule"}
[2021-06-03 10:42:27.809] [exthost] [error] {"message":"Git error","stdout":"","stderr":"fatal: Pathspec '/home/tarvinzachary/aim--code--school/aim--code--school' is in submodule 'aim--code--school'\n","exitCode":128,"gitErrorCode":"IsInSubmodule"}
[2021-06-03 10:42:27.809] [exthost] [error] {"message":"Git error","stdout":"","stderr":"fatal: Pathspec '/home/tarvinzachary/aim--code--school/aim--code--school' is in submodule 'aim--code--school'\n","exitCode":128,"gitErrorCode":"IsInSubmodule"}
[2021-06-03 10:42:27.809] [exthost] [error] {"message":"Git error","stdout":"","stderr":"fatal: Pathspec '/home/tarvinzachary/aim--code--school/aim--code--school' is in submodule 'aim--code--school'\n","exitCode":128,"gitErrorCode":"IsInSubmodule"}
[2021-06-03 10:42:27.809] [exthost] [error] {"message":"Git error","stdout":"","stderr":"fatal: Pathspec '/home/tarvinzachary/aim--code--school/aim--code--school' is in submodule 'aim--code--school'\n","exitCode":128,"gitErrorCode":"IsInSubmodule"}
[2021-06-03 10:42:27.809] [exthost] [error] {"message":"Git error","stdout":"","stderr":"fatal: Pathspec '/home/tarvinzachary/aim--code--school/aim--code--school' is in submodule 'aim--code--school'\n","exitCode":128,"gitErrorCode":"IsInSubmodule"}
[2021-06-03 10:42:27.810] [exthost] [error] {"message":"Git error","stdout":"","stderr":"fatal: Pathspec '/home/tarvinzachary/aim--code--school/aim--code--school' is in submodule 'aim--code--school'\n","exitCode":128,"gitErrorCode":"IsInSubmodule"}
[2021-06-03 10:42:27.810] [exthost] [error] {"message":"Git error","stdout":"","stderr":"fatal: Pathspec '/home/tarvinzachary/aim--code--school/aim--code--school' is in submodule 'aim--code--school'\n","exitCode":128,"gitErrorCode":"IsInSubmodule"}
[2021-06-03 10:42:27.810] [exthost] [error] {"message":"Git error","stdout":"","stderr":"fatal: Pathspec '/home/tarvinzachary/aim--code--school/aim--code--school' is in submodule 'aim--code--school'\n","exitCode":128,"gitErrorCode":"IsInSubmodule"}
[2021-06-03 10:42:27.810] [exthost] [error] {"message":"Git error","stdout":"","stderr":"fatal: Pathspec '/home/tarvinzachary/aim--code--school/aim--code--school' is in submodule 'aim--code--school'\n","exitCode":128,"gitErrorCode":"IsInSubmodule"}
[2021-06-03 10:42:27.810] [exthost] [error] {"message":"Git error","stdout":"","stderr":"fatal: Pathspec '/home/tarvinzachary/aim--code--school/aim--code--school' is in submodule 'aim--code--school'\n","exitCode":128,"gitErrorCode":"IsInSubmodule"}
[2021-06-03 10:42:27.810] [exthost] [error] {"message":"Git error","stdout":"","stderr":"fatal: Pathspec '/home/tarvinzachary/aim--code--school/aim--code--school' is in submodule 'aim--code--school'\n","exitCode":128,"gitErrorCode":"IsInSubmodule"}
[2021-06-03 10:42:27.810] [exthost] [error] {"message":"Git error","stdout":"","stderr":"fatal: Pathspec '/home/tarvinzachary/aim--code--school/aim--code--school' is in submodule 'aim--code--school'\n","exitCode":128,"gitErrorCode":"IsInSubmodule"}
[2021-06-03 10:42:27.810] [exthost] [error] {"message":"Git error","stdout":"","stderr":"fatal: Pathspec '/home/tarvinzachary/aim--code--school/aim--code--school' is in submodule 'aim--code--school'\n","exitCode":128,"gitErrorCode":"IsInSubmodule"}
[2021-06-03 10:42:27.810] [exthost] [error] {"message":"Git error","stdout":"","stderr":"fatal: Pathspec '/home/tarvinzachary/aim--code--school/aim--code--school' is in submodule 'aim--code--school'\n","exitCode":128,"gitErrorCode":"IsInSubmodule"}
[2021-06-03 10:42:27.810] [exthost] [error] {"message":"Git error","stdout":"","stderr":"fatal: Pathspec '/home/tarvinzachary/aim--code--school/aim--code--school' is in submodule 'aim--code--school'\n","exitCode":128,"gitErrorCode":"IsInSubmodule"}
[2021-06-03 10:42:27.810] [exthost] [error] {"message":"Git error","stdout":"","stderr":"fatal: Pathspec '/home/tarvinzachary/aim--code--school/aim--code--school' is in submodule 'aim--code--school'\n","exitCode":128,"gitErrorCode":"IsInSubmodule"}
[2021-06-03 10:42:27.810] [exthost] [error] {"message":"Git error","stdout":"","stderr":"fatal: Pathspec '/home/tarvinzachary/aim--code--school/aim--code--school' is in submodule 'aim--code--school'\n","exitCode":128,"gitErrorCode":"IsInSubmodule"}
[2021-06-03 10:42:27.810] [exthost] [error] {"message":"Git error","stdout":"","stderr":"fatal: Pathspec '/home/tarvinzachary/aim--code--school/aim--code--school' is in submodule 'aim--code--school'\n","exitCode":128,"gitErrorCode":"IsInSubmodule"}
[2021-06-03 10:42:27.810] [exthost] [error] {"message":"Git error","stdout":"","stderr":"fatal: Pathspec '/home/tarvinzachary/aim--code--school/aim--code--school' is in submodule 'aim--code--school'\n","exitCode":128,"gitErrorCode":"IsInSubmodule"}
[2021-06-03 10:42:27.810] [exthost] [error] {"message":"Git error","stdout":"","stderr":"fatal: Pathspec '/home/tarvinzachary/aim--code--school/aim--code--school' is in submodule 'aim--code--school'\n","exitCode":128,"gitErrorCode":"IsInSubmodule"}
[2021-06-03 10:42:27.810] [exthost] [error] {"message":"Git error","stdout":"","stderr":"fatal: Pathspec '/home/tarvinzachary/aim--code--school/aim--code--school' is in submodule 'aim--code--school'\n","exitCode":128,"gitErrorCode":"IsInSubmodule"}
[2021-06-03 10:42:27.810] [exthost] [error] {"message":"Git error","stdout":"","stderr":"fatal: Pathspec '/home/tarvinzachary/aim--code--school/aim--code--school' is in submodule 'aim--code--school'\n","exitCode":128,"gitErrorCode":"IsInSubmodule"}
[2021-06-03 10:42:27.810] [exthost] [error] {"message":"Git error","stdout":"","stderr":"fatal: Pathspec '/home/tarvinzachary/aim--code--school/aim--code--school' is in submodule 'aim--code--school'\n","exitCode":128,"gitErrorCode":"IsInSubmodule"}
[2021-06-03 10:42:27.810] [exthost] [error] {"message":"Git error","stdout":"","stderr":"fatal: Pathspec '/home/tarvinzachary/aim--code--school/aim--code--school' is in submodule 'aim--code--school'\n","exitCode":128,"gitErrorCode":"IsInSubmodule"}
[2021-06-03 10:42:27.810] [exthost] [error] {"message":"Git error","stdout":"","stderr":"fatal: Pathspec '/home/tarvinzachary/aim--code--school/aim--code--school' is in submodule 'aim--code--school'\n","exitCode":128,"gitErrorCode":"IsInSubmodule"}
[2021-06-03 10:42:27.810] [exthost] [error] {"message":"Git error","stdout":"","stderr":"fatal: Pathspec '/home/tarvinzachary/aim--code--school/aim--code--school' is in submodule 'aim--code--school'\n","exitCode":128,"gitErrorCode":"IsInSubmodule"}
[2021-06-03 10:42:27.810] [exthost] [error] {"message":"Git error","stdout":"","stderr":"fatal: Pathspec '/home/tarvinzachary/aim--code--school/aim--code--school' is in submodule 'aim--code--school'\n","exitCode":128,"gitErrorCode":"IsInSubmodule"}
[2021-06-03 10:42:27.810] [exthost] [error] {"message":"Git error","stdout":"","stderr":"fatal: Pathspec '/home/tarvinzachary/aim--code--school/aim--code--school' is in submodule 'aim--code--school'\n","exitCode":128,"gitErrorCode":"IsInSubmodule"}
[2021-06-03 10:42:27.810] [exthost] [error] {"message":"Git error","stdout":"","stderr":"fatal: Pathspec '/home/tarvinzachary/aim--code--school/aim--code--school' is in submodule 'aim--code--school'\n","exitCode":128,"gitErrorCode":"IsInSubmodule"}
[2021-06-03 10:42:27.811] [exthost] [error] {"message":"Git error","stdout":"","stderr":"fatal: Pathspec '/home/tarvinzachary/aim--code--school/aim--code--school' is in submodule 'aim--code--school'\n","exitCode":128,"gitErrorCode":"IsInSubmodule"}
[2021-06-03 10:42:27.811] [exthost] [error] {"message":"Git error","stdout":"","stderr":"fatal: Pathspec '/home/tarvinzachary/aim--code--school/aim--code--school' is in submodule 'aim--code--school'\n","exitCode":128,"gitErrorCode":"IsInSubmodule"}
[2021-06-03 10:42:27.811] [exthost] [error] {"message":"Git error","stdout":"","stderr":"fatal: Pathspec '/home/tarvinzachary/aim--code--school/aim--code--school' is in submodule 'aim--code--school'\n","exitCode":128,"gitErrorCode":"IsInSubmodule"}
[2021-06-03 10:42:27.811] [exthost] [error] {"message":"Git error","stdout":"","stderr":"fatal: Pathspec '/home/tarvinzachary/aim--code--school/aim--code--school' is in submodule 'aim--code--school'\n","exitCode":128,"gitErrorCode":"IsInSubmodule"}
[2021-06-03 10:42:27.811] [exthost] [error] {"message":"Git error","stdout":"","stderr":"fatal: Pathspec '/home/tarvinzachary/aim--code--school/aim--code--school' is in submodule 'aim--code--school'\n","exitCode":128,"gitErrorCode":"IsInSubmodule"}
[2021-06-03 10:42:27.811] [exthost] [error] {"message":"Git error","stdout":"","stderr":"fatal: Pathspec '/home/tarvinzachary/aim--code--school/aim--code--school' is in submodule 'aim--code--school'\n","exitCode":128,"gitErrorCode":"IsInSubmodule"}
[2021-06-03 10:42:27.811] [exthost] [error] {"message":"Git error","stdout":"","stderr":"fatal: Pathspec '/home/tarvinzachary/aim--code--school/aim--code--school' is in submodule 'aim--code--school'\n","exitCode":128,"gitErrorCode":"IsInSubmodule"}
[2021-06-03 10:42:27.811] [exthost] [error] {"message":"Git error","stdout":"","stderr":"fatal: Pathspec '/home/tarvinzachary/aim--code--school/aim--code--school' is in submodule 'aim--code--school'\n","exitCode":128,"gitErrorCode":"IsInSubmodule"}
[2021-06-03 10:42:27.811] [exthost] [error] {"message":"Git error","stdout":"","stderr":"fatal: Pathspec '/home/tarvinzachary/aim--code--school/aim--code--school' is in submodule 'aim--code--school'\n","exitCode":128,"gitErrorCode":"IsInSubmodule"}
[2021-06-03 10:42:27.811] [exthost] [error] {"message":"Git error","stdout":"","stderr":"fatal: Pathspec '/home/tarvinzachary/aim--code--school/aim--code--school' is in submodule 'aim--code--school'\n","exitCode":128,"gitErrorCode":"IsInSubmodule"}
[2021-06-03 10:42:27.811] [exthost] [error] {"message":"Git error","stdout":"","stderr":"fatal: Pathspec '/home/tarvinzachary/aim--code--school/aim--code--school' is in submodule 'aim--code--school'\n","exitCode":128,"gitErrorCode":"IsInSubmodule"}
[2021-06-03 10:42:27.811] [exthost] [error] {"message":"Git error","stdout":"","stderr":"fatal: Pathspec '/home/tarvinzachary/aim--code--school/aim--code--school' is in submodule 'aim--code--school'\n","exitCode":128,"gitErrorCode":"IsInSubmodule"}
[2021-06-03 10:42:27.811] [exthost] [error] {"message":"Git error","stdout":"","stderr":"fatal: Pathspec '/home/tarvinzachary/aim--code--school/aim--code--school' is in submodule 'aim--code--school'\n","exitCode":128,"gitErrorCode":"IsInSubmodule"}
[2021-06-03 10:42:27.811] [exthost] [error] {"message":"Git error","stdout":"","stderr":"fatal: Pathspec '/home/tarvinzachary/aim--code--school/aim--code--school' is in submodule 'aim--code--school'\n","exitCode":128,"gitErrorCode":"IsInSubmodule"}
[2021-06-03 10:42:27.811] [exthost] [error] {"message":"Git error","stdout":"","stderr":"fatal: Pathspec '/home/tarvinzachary/aim--code--school/aim--code--school' is in submodule 'aim--code--school'\n","exitCode":128,"gitErrorCode":"IsInSubmodule"}
[2021-06-03 10:42:27.811] [exthost] [error] {"message":"Git error","stdout":"","stderr":"fatal: Pathspec '/home/tarvinzachary/aim--code--school/aim--code--school' is in submodule 'aim--code--school'\n","exitCode":128,"gitErrorCode":"IsInSubmodule"}
[2021-06-03 10:42:27.811] [exthost] [error] {"message":"Git error","stdout":"","stderr":"fatal: Pathspec '/home/tarvinzachary/aim--code--school/aim--code--school' is in submodule 'aim--code--school'\n","exitCode":128,"gitErrorCode":"IsInSubmodule"}
[2021-06-03 10:42:27.811] [exthost] [error] {"message":"Git error","stdout":"","stderr":"fatal: Pathspec '/home/tarvinzachary/aim--code--school/aim--code--school' is in submodule 'aim--code--school'\n","exitCode":128,"gitErrorCode":"IsInSubmodule"}
[2021-06-03 10:42:27.811] [exthost] [error] {"message":"Git error","stdout":"","stderr":"fatal: Pathspec '/home/tarvinzachary/aim--code--school/aim--code--school' is in submodule 'aim--code--school'\n","exitCode":128,"gitErrorCode":"IsInSubmodule"}
[2021-06-03 10:42:27.811] [exthost] [error] {"message":"Git error","stdout":"","stderr":"fatal: Pathspec '/home/tarvinzachary/aim--code--school/aim--code--school' is in submodule 'aim--code--school'\n","exitCode":128,"gitErrorCode":"IsInSubmodule"}
[2021-06-03 10:42:27.811] [exthost] [error] {"message":"Git error","stdout":"","stderr":"fatal: Pathspec '/home/tarvinzachary/aim--code--school/aim--code--school' is in submodule 'aim--code--school'\n","exitCode":128,"gitErrorCode":"IsInSubmodule"}
[2021-06-03 10:42:27.811] [exthost] [error] {"message":"Git error","stdout":"","stderr":"fatal: Pathspec '/home/tarvinzachary/aim--code--school/aim--code--school' is in submodule 'aim--code--school'\n","exitCode":128,"gitErrorCode":"IsInSubmodule"}
[2021-06-03 10:42:27.811] [exthost] [error] {"message":"Git error","stdout":"","stderr":"fatal: Pathspec '/home/tarvinzachary/aim--code--school/aim--code--school' is in submodule 'aim--code--school'\n","exitCode":128,"gitErrorCode":"IsInSubmodule"}
[2021-06-03 10:42:27.811] [exthost] [error] {"message":"Git error","stdout":"","stderr":"fatal: Pathspec '/home/tarvinzachary/aim--code--school/aim--code--school' is in submodule 'aim--code--school'\n","exitCode":128,"gitErrorCode":"IsInSubmodule"}
[2021-06-03 10:42:27.818] [exthost] [error] {"message":"Git error","stdout":"","stderr":"fatal: Pathspec '/home/tarvinzachary/aim--code--school/aim--code--school' is in submodule 'aim--code--school'\n","exitCode":128,"gitErrorCode":"IsInSubmodule"}
[2021-06-03 10:42:27.830] [exthost] [error] {"message":"Git error","stdout":"","stderr":"fatal: Pathspec '/home/tarvinzachary/aim--code--school/aim--code--school' is in submodule 'aim--code--school'\n","exitCode":128,"gitErrorCode":"IsInSubmodule"}
[2021-06-03 10:42:27.831] [exthost] [error] {"message":"Git error","stdout":"","stderr":"fatal: Pathspec '/home/tarvinzachary/aim--code--school/aim--code--school' is in submodule 'aim--code--school'\n","exitCode":128,"gitErrorCode":"IsInSubmodule"}
[2021-06-03 10:42:27.831] [exthost] [error] {"message":"Git error","stdout":"","stderr":"fatal: Pathspec '/home/tarvinzachary/aim--code--school/aim--code--school' is in submodule 'aim--code--school'\n","exitCode":128,"gitErrorCode":"IsInSubmodule"}
[2021-06-03 10:42:27.831] [exthost] [error] {"message":"Git error","stdout":"","stderr":"fatal: Pathspec '/home/tarvinzachary/aim--code--school/aim--code--school' is in submodule 'aim--code--school'\n","exitCode":128,"gitErrorCode":"IsInSubmodule"}
[2021-06-03 10:42:27.831] [exthost] [error] {"message":"Git error","stdout":"","stderr":"fatal: Pathspec '/home/tarvinzachary/aim--code--school/aim--code--school' is in submodule 'aim--code--school'\n","exitCode":128,"gitErrorCode":"IsInSubmodule"}
[2021-06-03 10:42:27.831] [exthost] [error] {"message":"Git error","stdout":"","stderr":"fatal: Pathspec '/home/tarvinzachary/aim--code--school/aim--code--school' is in submodule 'aim--code--school'\n","exitCode":128,"gitErrorCode":"IsInSubmodule"}
[2021-06-03 10:42:27.831] [exthost] [error] {"message":"Git error","stdout":"","stderr":"fatal: Pathspec '/home/tarvinzachary/aim--code--school/aim--code--school' is in submodule 'aim--code--school'\n","exitCode":128,"gitErrorCode":"IsInSubmodule"}
[2021-06-03 10:42:27.831] [exthost] [error] {"message":"Git error","stdout":"","stderr":"fatal: Pathspec '/home/tarvinzachary/aim--code--school/aim--code--school' is in submodule 'aim--code--school'\n","exitCode":128,"gitErrorCode":"IsInSubmodule"}
[2021-06-03 10:42:27.831] [exthost] [error] {"message":"Git error","stdout":"","stderr":"fatal: Pathspec '/home/tarvinzachary/aim--code--school/aim--code--school' is in submodule 'aim--code--school'\n","exitCode":128,"gitErrorCode":"IsInSubmodule"}
[2021-06-03 10:42:27.831] [exthost] [error] {"message":"Git error","stdout":"","stderr":"fatal: Pathspec '/home/tarvinzachary/aim--code--school/aim--code--school' is in submodule 'aim--code--school'\n","exitCode":128,"gitErrorCode":"IsInSubmodule"}
[2021-06-03 10:42:27.831] [exthost] [error] {"message":"Git error","stdout":"","stderr":"fatal: Pathspec '/home/tarvinzachary/aim--code--school/aim--code--school' is in submodule 'aim--code--school'\n","exitCode":128,"gitErrorCode":"IsInSubmodule"}
[2021-06-03 10:42:27.831] [exthost] [error] {"message":"Git error","stdout":"","stderr":"fatal: Pathspec '/home/tarvinzachary/aim--code--school/aim--code--school' is in submodule 'aim--code--school'\n","exitCode":128,"gitErrorCode":"IsInSubmodule"}
[2021-06-03 10:42:27.831] [exthost] [error] {"message":"Git error","stdout":"","stderr":"fatal: Pathspec '/home/tarvinzachary/aim--code--school/aim--code--school' is in submodule 'aim--code--school'\n","exitCode":128,"gitErrorCode":"IsInSubmodule"}
[2021-06-03 10:42:27.831] [exthost] [error] {"message":"Git error","stdout":"","stderr":"fatal: Pathspec '/home/tarvinzachary/aim--code--school/aim--code--school' is in submodule 'aim--code--school'\n","exitCode":128,"gitErrorCode":"IsInSubmodule"}
[2021-06-03 10:42:27.831] [exthost] [error] {"message":"Git error","stdout":"","stderr":"fatal: Pathspec '/home/tarvinzachary/aim--code--school/aim--code--school' is in submodule 'aim--code--school'\n","exitCode":128,"gitErrorCode":"IsInSubmodule"}
[2021-06-03 10:42:27.831] [exthost] [error] {"message":"Git error","stdout":"","stderr":"fatal: Pathspec '/home/tarvinzachary/aim--code--school/aim--code--school' is in submodule 'aim--code--school'\n","exitCode":128,"gitErrorCode":"IsInSubmodule"}
[2021-06-03 10:42:27.831] [exthost] [error] {"message":"Git error","stdout":"","stderr":"fatal: Pathspec '/home/tarvinzachary/aim--code--school/aim--code--school' is in submodule 'aim--code--school'\n","exitCode":128,"gitErrorCode":"IsInSubmodule"}
[2021-06-03 10:42:27.831] [exthost] [error] {"message":"Git error","stdout":"","stderr":"fatal: Pathspec '/home/tarvinzachary/aim--code--school/aim--code--school' is in submodule 'aim--code--school'\n","exitCode":128,"gitErrorCode":"IsInSubmodule"}
[2021-06-03 10:42:27.831] [exthost] [error] {"message":"Git error","stdout":"","stderr":"fatal: Pathspec '/home/tarvinzachary/aim--code--school/aim--code--school' is in submodule 'aim--code--school'\n","exitCode":128,"gitErrorCode":"IsInSubmodule"}
[2021-06-03 10:42:27.831] [exthost] [error] {"message":"Git error","stdout":"","stderr":"fatal: Pathspec '/home/tarvinzachary/aim--code--school/aim--code--school' is in submodule 'aim--code--school'\n","exitCode":128,"gitErrorCode":"IsInSubmodule"}
[2021-06-03 10:42:27.831] [exthost] [error] {"message":"Git error","stdout":"","stderr":"fatal: Pathspec '/home/tarvinzachary/aim--code--school/aim--code--school' is in submodule 'aim--code--school'\n","exitCode":128,"gitErrorCode":"IsInSubmodule"}
[2021-06-03 10:42:27.831] [exthost] [error] {"message":"Git error","stdout":"","stderr":"fatal: Pathspec '/home/tarvinzachary/aim--code--school/aim--code--school' is in submodule 'aim--code--school'\n","exitCode":128,"gitErrorCode":"IsInSubmodule"}
[2021-06-03 10:42:27.831] [exthost] [error] {"message":"Git error","stdout":"","stderr":"fatal: Pathspec '/home/tarvinzachary/aim--code--school/aim--code--school' is in submodule 'aim--code--school'\n","exitCode":128,"gitErrorCode":"IsInSubmodule"}
[2021-06-03 10:42:27.831] [exthost] [error] {"message":"Git error","stdout":"","stderr":"fatal: Pathspec '/home/tarvinzachary/aim--code--school/aim--code--school' is in submodule 'aim--code--school'\n","exitCode":128,"gitErrorCode":"IsInSubmodule"}
[2021-06-03 10:42:27.831] [exthost] [error] {"message":"Git error","stdout":"","stderr":"fatal: Pathspec '/home/tarvinzachary/aim--code--school/aim--code--school' is in submodule 'aim--code--school'\n","exitCode":128,"gitErrorCode":"IsInSubmodule"}
[2021-06-03 10:42:27.831] [exthost] [error] {"message":"Git error","stdout":"","stderr":"fatal: Pathspec '/home/tarvinzachary/aim--code--school/aim--code--school' is in submodule 'aim--code--school'\n","exitCode":128,"gitErrorCode":"IsInSubmodule"}
[2021-06-03 10:42:27.831] [exthost] [error] {"message":"Git error","stdout":"","stderr":"fatal: Pathspec '/home/tarvinzachary/aim--code--school/aim--code--school' is in submodule 'aim--code--school'\n","exitCode":128,"gitErrorCode":"IsInSubmodule"}
[2021-06-03 10:42:27.831] [exthost] [error] {"message":"Git error","stdout":"","stderr":"fatal: Pathspec '/home/tarvinzachary/aim--code--school/aim--code--school' is in submodule 'aim--code--school'\n","exitCode":128,"gitErrorCode":"IsInSubmodule"}
[2021-06-03 10:42:31.362] [exthost] [info] ExtensionService#_doActivateExtension vscode.emmet {"startup":false,"extensionId":{"value":"vscode.emmet","_lower":"vscode.emmet"},"activationEvent":"onStartupFinished"}
[2021-06-03 10:42:31.362] [exthost] [info] ExtensionService#loadCommonJSModule file:///usr/share/code/resources/app/extensions/emmet/dist/node/emmetNodeMain
[2021-06-03 10:42:31.480] [exthost] [info] ExtensionService#_doActivateExtension vscode.merge-conflict {"startup":false,"extensionId":{"value":"vscode.merge-conflict","_lower":"vscode.merge-conflict"},"activationEvent":"onStartupFinished"}
[2021-06-03 10:42:31.493] [exthost] [info] ExtensionService#loadCommonJSModule file:///usr/share/code/resources/app/extensions/merge-conflict/dist/mergeConflictMain
[2021-06-03 10:42:31.561] [exthost] [info] ExtensionService#_doActivateExtension vscode.testing-editor-contributions {"startup":false,"extensionId":{"value":"vscode.testing-editor-contributions","_lower":"vscode.testing-editor-contributions"},"activationEvent":"onStartupFinished"}
[2021-06-03 10:42:31.564] [exthost] [info] ExtensionService#loadCommonJSModule file:///usr/share/code/resources/app/extensions/testing-editor-contributions/dist/extension.js
[2021-06-03 10:42:31.611] [exthost] [info] ExtensionService#_doActivateExtension esbenp.prettier-vscode {"startup":false,"extensionId":{"value":"esbenp.prettier-vscode","_lower":"esbenp.prettier-vscode"},"activationEvent":"onStartupFinished"}
[2021-06-03 10:42:31.623] [exthost] [info] ExtensionService#loadCommonJSModule file:///home/tarvinzachary/.vscode/extensions/esbenp.prettier-vscode-6.4.0/dist/extension
[2021-06-03 10:42:33.067] [exthost] [info] eager extensions activated
[2021-06-03 10:42:33.579] [exthost] [warning] [Decorations] CAPPING events from decorations provider vscode.git 2308
[2021-06-03 10:42:43.028] [exthost] [info] ExtensionService#_doActivateExtension ms-vscode.js-debug {"startup":false,"extensionId":{"value":"ms-vscode.js-debug","_lower":"ms-vscode.js-debug"},"activationEvent":"onCommand:extension.js-debug.clearAutoAttachVariables"}
[2021-06-03 10:42:43.030] [exthost] [info] ExtensionService#loadCommonJSModule file:///usr/share/code/resources/app/extensions/ms-vscode.js-debug/src/extension.js
[2021-06-03 10:42:45.024] [exthost] [info] ExtensionService#_doActivateExtension vscode.github-authentication {"startup":false,"extensionId":{"value":"vscode.github-authentication","_lower":"vscode.github-authentication"},"activationEvent":"onAuthenticationRequest:github"}
[2021-06-03 10:42:45.027] [exthost] [info] ExtensionService#loadCommonJSModule file:///usr/share/code/resources/app/extensions/github-authentication/dist/extension.js
[2021-06-03 10:42:59.656] [exthost] [warning] [Decorations] CAPPING events from decorations provider vscode.git 2311
[2021-06-03 10:43:10.378] [exthost] [warning] [Decorations] CAPPING events from decorations provider vscode.git 2311
[2021-06-03 10:43:19.918] [exthost] [warning] [Decorations] CAPPING events from decorations provider vscode.git 2311
[2021-06-03 10:43:33.548] [exthost] [warning] [Decorations] CAPPING events from decorations provider vscode.git 2311
[2021-06-03 10:43:45.733] [exthost] [warning] [Decorations] CAPPING events from decorations provider vscode.git 2311
[2021-06-03 10:44:00.790] [exthost] [warning] [Decorations] CAPPING events from decorations provider vscode.git 2311
[2021-06-03 10:44:14.107] [exthost] [warning] [Decorations] CAPPING events from decorations provider vscode.git 2311
