[Info  - 13:06:22.586] Reading sessions from keychain...
[Info  - 13:06:23.626] Getting sessions for all scopes...
[Error  - 13:06:24.452] Getting token failed: Error: The name org.freedesktop.secrets was not provided by any .service files
[Info  - 13:06:25.779] Got 0 sessions for all scopes...
[Info  - 13:06:27.315] Getting sessions for all scopes...
[Info  - 13:06:27.316] Got 0 sessions for all scopes...
[Info  - 13:32:36.275] Getting sessions for repo,workflow...
[Info  - 13:32:36.276] Got 0 sessions for repo,workflow...
[Info  - 13:32:37.667] Logging in for the following scopes: repo workflow
[Trace  - 13:32:52.27] Handling Uri...
[Info  - 13:32:52.28] Exchanging code for token...
[Info  - 13:32:52.414] Token exchange success!
[Info  - 13:32:52.418] Getting user info...
[Info  - 13:32:52.804] Got account info!
[Info  - 13:32:52.805] Storing 1 sessions...
[Error  - 13:32:53.583] Setting token failed: Error: The name org.freedesktop.secrets was not provided by any .service files
[Info  - 13:32:56.621] Stored 1 sessions!
[Info  - 13:32:56.623] Login success!
[Info  - 13:32:56.673] Getting sessions for all scopes...
[Info  - 13:32:56.674] Got 1 sessions for all scopes...
