Validating found git in: git
Using git 2.20.1 from git
> git rev-parse --git-dir
Open repository: /home/tarvinzachary
> git status -z -u
> git symbolic-ref --short HEAD
> git for-each-ref --format=%(refname)%00%(upstream:short)%00%(objectname)%00%(upstream:track) refs/heads/master refs/remotes/master
> git for-each-ref --sort -committerdate --format %(refname) %(objectname) %(*objectname)
> git remote --verbose
> git config --get commit.template
> git check-ignore -v -z --stdin
> git show --textconv :complete-javascript-course-master/07-Pig-Game/starter/script.js
> git ls-files --stage -- /home/tarvinzachary/complete-javascript-course-master/07-Pig-Game/starter/script.js
> git cat-file -s 26b9b06e36f878986f24b446fc60c8b528175576
> git status -z -u
> git symbolic-ref --short HEAD
> git for-each-ref --format=%(refname)%00%(upstream:short)%00%(objectname)%00%(upstream:track) refs/heads/master refs/remotes/master
> git for-each-ref --sort -committerdate --format %(refname) %(objectname) %(*objectname)
> git remote --verbose
> git config --get commit.template
> git status -z -u
> git symbolic-ref --short HEAD
> git for-each-ref --format=%(refname)%00%(upstream:short)%00%(objectname)%00%(upstream:track) refs/heads/master refs/remotes/master
> git for-each-ref --sort -committerdate --format %(refname) %(objectname) %(*objectname)
> git remote --verbose
> git config --get commit.template
> git status -z -u
> git symbolic-ref --short HEAD
> git for-each-ref --format=%(refname)%00%(upstream:short)%00%(objectname)%00%(upstream:track) refs/heads/master refs/remotes/master
> git for-each-ref --sort -committerdate --format %(refname) %(objectname) %(*objectname)
> git remote --verbose
> git config --get commit.template
> git show --textconv HEAD:.config/Code/logs/20211006T110156/exthost1/exthost.log
> git ls-tree -l HEAD -- /home/tarvinzachary/.config/Code/logs/20211006T110156/exthost1/exthost.log
> git check-ignore -v -z --stdin
> git check-ignore -v -z --stdin
> git add -A -- .
