["INFO" - 10:11:40 AM] Extension Name: esbenp.prettier-vscode.
["INFO" - 10:11:40 AM] Extension Version: 6.4.0.
["INFO" - 10:14:16 AM] Formatting /home/tarvinzachary/complete-javascript-course-master/03-Developer-Skills/starter/script.js
["INFO" - 10:14:16 AM] Using ignore file (if present) at /home/tarvinzachary/.prettierignore
["INFO" - 10:14:26 AM] File Info:
{
  "ignored": false,
  "inferredParser": "babel"
}
["INFO" - 10:14:26 AM] No local configuration (i.e. .prettierrc or .editorconfig) detected, falling back to VS Code configuration
["INFO" - 10:14:26 AM] Prettier Options:
{
  "arrowParens": "always",
  "bracketSpacing": true,
  "endOfLine": "lf",
  "htmlWhitespaceSensitivity": "css",
  "insertPragma": false,
  "jsxBracketSameLine": false,
  "jsxSingleQuote": false,
  "printWidth": 80,
  "proseWrap": "preserve",
  "quoteProps": "as-needed",
  "requirePragma": false,
  "semi": true,
  "singleQuote": false,
  "tabWidth": 2,
  "trailingComma": "es5",
  "useTabs": false,
  "vueIndentScriptAndStyle": false,
  "filepath": "/home/tarvinzachary/complete-javascript-course-master/03-Developer-Skills/starter/script.js",
  "parser": "babel"
}
["INFO" - 10:14:26 AM] Formatting completed in 682.573172ms.
["INFO" - 10:17:03 AM] Formatting /home/tarvinzachary/complete-javascript-course-master/03-Developer-Skills/starter/script.js
["INFO" - 10:17:08 AM] Using ignore file (if present) at /home/tarvinzachary/.prettierignore
["INFO" - 10:17:08 AM] File Info:
{
  "ignored": false,
  "inferredParser": "babel"
}
["INFO" - 10:17:09 AM] No local configuration (i.e. .prettierrc or .editorconfig) detected, falling back to VS Code configuration
["INFO" - 10:17:09 AM] Prettier Options:
{
  "arrowParens": "always",
  "bracketSpacing": true,
  "endOfLine": "lf",
  "htmlWhitespaceSensitivity": "css",
  "insertPragma": false,
  "jsxBracketSameLine": false,
  "jsxSingleQuote": false,
  "printWidth": 80,
  "proseWrap": "preserve",
  "quoteProps": "as-needed",
  "requirePragma": false,
  "semi": true,
  "singleQuote": false,
  "tabWidth": 2,
  "trailingComma": "es5",
  "useTabs": false,
  "vueIndentScriptAndStyle": false,
  "filepath": "/home/tarvinzachary/complete-javascript-course-master/03-Developer-Skills/starter/script.js",
  "parser": "babel"
}
["INFO" - 10:17:09 AM] Formatting completed in 452.251461ms.
["INFO" - 10:18:02 AM] Formatting /home/tarvinzachary/complete-javascript-course-master/03-Developer-Skills/starter/script.js
["INFO" - 10:18:02 AM] Using ignore file (if present) at /home/tarvinzachary/.prettierignore
["INFO" - 10:18:02 AM] File Info:
{
  "ignored": false,
  "inferredParser": "babel"
}
["INFO" - 10:18:02 AM] No local configuration (i.e. .prettierrc or .editorconfig) detected, falling back to VS Code configuration
["INFO" - 10:18:02 AM] Prettier Options:
{
  "arrowParens": "always",
  "bracketSpacing": true,
  "endOfLine": "lf",
  "htmlWhitespaceSensitivity": "css",
  "insertPragma": false,
  "jsxBracketSameLine": false,
  "jsxSingleQuote": false,
  "printWidth": 80,
  "proseWrap": "preserve",
  "quoteProps": "as-needed",
  "requirePragma": false,
  "semi": true,
  "singleQuote": false,
  "tabWidth": 2,
  "trailingComma": "es5",
  "useTabs": false,
  "vueIndentScriptAndStyle": false,
  "filepath": "/home/tarvinzachary/complete-javascript-course-master/03-Developer-Skills/starter/script.js",
  "parser": "babel"
}
["INFO" - 10:18:03 AM] Formatting completed in 123.217427ms.
["INFO" - 10:18:45 AM] Formatting /home/tarvinzachary/complete-javascript-course-master/03-Developer-Skills/starter/script.js
["INFO" - 10:18:45 AM] Using ignore file (if present) at /home/tarvinzachary/.prettierignore
["INFO" - 10:18:45 AM] File Info:
{
  "ignored": false,
  "inferredParser": "babel"
}
["INFO" - 10:18:45 AM] No local configuration (i.e. .prettierrc or .editorconfig) detected, falling back to VS Code configuration
["INFO" - 10:18:45 AM] Prettier Options:
{
  "arrowParens": "always",
  "bracketSpacing": true,
  "endOfLine": "lf",
  "htmlWhitespaceSensitivity": "css",
  "insertPragma": false,
  "jsxBracketSameLine": false,
  "jsxSingleQuote": false,
  "printWidth": 80,
  "proseWrap": "preserve",
  "quoteProps": "as-needed",
  "requirePragma": false,
  "semi": true,
  "singleQuote": false,
  "tabWidth": 2,
  "trailingComma": "es5",
  "useTabs": false,
  "vueIndentScriptAndStyle": false,
  "filepath": "/home/tarvinzachary/complete-javascript-course-master/03-Developer-Skills/starter/script.js",
  "parser": "babel"
}
["INFO" - 10:18:45 AM] Formatting completed in 197.90222ms.
["INFO" - 10:19:27 AM] Formatting /home/tarvinzachary/complete-javascript-course-master/03-Developer-Skills/starter/script.js
["INFO" - 10:19:28 AM] Using ignore file (if present) at /home/tarvinzachary/.prettierignore
["INFO" - 10:19:28 AM] File Info:
{
  "ignored": false,
  "inferredParser": "babel"
}
["INFO" - 10:19:28 AM] No local configuration (i.e. .prettierrc or .editorconfig) detected, falling back to VS Code configuration
["INFO" - 10:19:28 AM] Prettier Options:
{
  "arrowParens": "always",
  "bracketSpacing": true,
  "endOfLine": "lf",
  "htmlWhitespaceSensitivity": "css",
  "insertPragma": false,
  "jsxBracketSameLine": false,
  "jsxSingleQuote": false,
  "printWidth": 80,
  "proseWrap": "preserve",
  "quoteProps": "as-needed",
  "requirePragma": false,
  "semi": true,
  "singleQuote": false,
  "tabWidth": 2,
  "trailingComma": "es5",
  "useTabs": false,
  "vueIndentScriptAndStyle": false,
  "filepath": "/home/tarvinzachary/complete-javascript-course-master/03-Developer-Skills/starter/script.js",
  "parser": "babel"
}
["INFO" - 10:19:28 AM] Formatting completed in 99.450169ms.
["INFO" - 10:21:20 AM] Formatting /home/tarvinzachary/complete-javascript-course-master/03-Developer-Skills/starter/script.js
["INFO" - 10:21:20 AM] Using ignore file (if present) at /home/tarvinzachary/.prettierignore
["INFO" - 10:21:20 AM] File Info:
{
  "ignored": false,
  "inferredParser": "babel"
}
["INFO" - 10:21:20 AM] No local configuration (i.e. .prettierrc or .editorconfig) detected, falling back to VS Code configuration
["INFO" - 10:21:20 AM] Prettier Options:
{
  "arrowParens": "always",
  "bracketSpacing": true,
  "endOfLine": "lf",
  "htmlWhitespaceSensitivity": "css",
  "insertPragma": false,
  "jsxBracketSameLine": false,
  "jsxSingleQuote": false,
  "printWidth": 80,
  "proseWrap": "preserve",
  "quoteProps": "as-needed",
  "requirePragma": false,
  "semi": true,
  "singleQuote": false,
  "tabWidth": 2,
  "trailingComma": "es5",
  "useTabs": false,
  "vueIndentScriptAndStyle": false,
  "filepath": "/home/tarvinzachary/complete-javascript-course-master/03-Developer-Skills/starter/script.js",
  "parser": "babel"
}
["INFO" - 10:21:20 AM] Formatting completed in 109.700911ms.
["INFO" - 10:21:28 AM] Formatting /home/tarvinzachary/complete-javascript-course-master/03-Developer-Skills/starter/script.js
["INFO" - 10:21:29 AM] Using ignore file (if present) at /home/tarvinzachary/.prettierignore
["INFO" - 10:21:29 AM] File Info:
{
  "ignored": false,
  "inferredParser": "babel"
}
["INFO" - 10:21:29 AM] No local configuration (i.e. .prettierrc or .editorconfig) detected, falling back to VS Code configuration
["INFO" - 10:21:29 AM] Prettier Options:
{
  "arrowParens": "always",
  "bracketSpacing": true,
  "endOfLine": "lf",
  "htmlWhitespaceSensitivity": "css",
  "insertPragma": false,
  "jsxBracketSameLine": false,
  "jsxSingleQuote": false,
  "printWidth": 80,
  "proseWrap": "preserve",
  "quoteProps": "as-needed",
  "requirePragma": false,
  "semi": true,
  "singleQuote": false,
  "tabWidth": 2,
  "trailingComma": "es5",
  "useTabs": false,
  "vueIndentScriptAndStyle": false,
  "filepath": "/home/tarvinzachary/complete-javascript-course-master/03-Developer-Skills/starter/script.js",
  "parser": "babel"
}
["INFO" - 10:21:29 AM] Formatting completed in 476.343949ms.
["INFO" - 10:23:30 AM] Formatting /home/tarvinzachary/complete-javascript-course-master/03-Developer-Skills/starter/script.js
["INFO" - 10:23:30 AM] Using ignore file (if present) at /home/tarvinzachary/.prettierignore
["INFO" - 10:23:30 AM] File Info:
{
  "ignored": false,
  "inferredParser": "babel"
}
["INFO" - 10:23:30 AM] No local configuration (i.e. .prettierrc or .editorconfig) detected, falling back to VS Code configuration
["INFO" - 10:23:30 AM] Prettier Options:
{
  "arrowParens": "always",
  "bracketSpacing": true,
  "endOfLine": "lf",
  "htmlWhitespaceSensitivity": "css",
  "insertPragma": false,
  "jsxBracketSameLine": false,
  "jsxSingleQuote": false,
  "printWidth": 80,
  "proseWrap": "preserve",
  "quoteProps": "as-needed",
  "requirePragma": false,
  "semi": true,
  "singleQuote": false,
  "tabWidth": 2,
  "trailingComma": "es5",
  "useTabs": false,
  "vueIndentScriptAndStyle": false,
  "filepath": "/home/tarvinzachary/complete-javascript-course-master/03-Developer-Skills/starter/script.js",
  "parser": "babel"
}
["INFO" - 10:23:30 AM] Formatting completed in 179.162545ms.
["INFO" - 10:23:35 AM] Formatting /home/tarvinzachary/complete-javascript-course-master/03-Developer-Skills/starter/script.js
["INFO" - 10:23:38 AM] Using ignore file (if present) at /home/tarvinzachary/.prettierignore
["INFO" - 10:23:38 AM] File Info:
{
  "ignored": false,
  "inferredParser": "babel"
}
["INFO" - 10:23:38 AM] No local configuration (i.e. .prettierrc or .editorconfig) detected, falling back to VS Code configuration
["INFO" - 10:23:38 AM] Prettier Options:
{
  "arrowParens": "always",
  "bracketSpacing": true,
  "endOfLine": "lf",
  "htmlWhitespaceSensitivity": "css",
  "insertPragma": false,
  "jsxBracketSameLine": false,
  "jsxSingleQuote": false,
  "printWidth": 80,
  "proseWrap": "preserve",
  "quoteProps": "as-needed",
  "requirePragma": false,
  "semi": true,
  "singleQuote": false,
  "tabWidth": 2,
  "trailingComma": "es5",
  "useTabs": false,
  "vueIndentScriptAndStyle": false,
  "filepath": "/home/tarvinzachary/complete-javascript-course-master/03-Developer-Skills/starter/script.js",
  "parser": "babel"
}
["INFO" - 10:23:39 AM] Formatting completed in 249.163197ms.
["INFO" - 10:26:35 AM] Formatting /home/tarvinzachary/complete-javascript-course-master/03-Developer-Skills/starter/script.js
["INFO" - 10:26:36 AM] Using ignore file (if present) at /home/tarvinzachary/.prettierignore
["INFO" - 10:26:36 AM] File Info:
{
  "ignored": false,
  "inferredParser": "babel"
}
["INFO" - 10:26:36 AM] No local configuration (i.e. .prettierrc or .editorconfig) detected, falling back to VS Code configuration
["INFO" - 10:26:36 AM] Prettier Options:
{
  "arrowParens": "always",
  "bracketSpacing": true,
  "endOfLine": "lf",
  "htmlWhitespaceSensitivity": "css",
  "insertPragma": false,
  "jsxBracketSameLine": false,
  "jsxSingleQuote": false,
  "printWidth": 80,
  "proseWrap": "preserve",
  "quoteProps": "as-needed",
  "requirePragma": false,
  "semi": true,
  "singleQuote": false,
  "tabWidth": 2,
  "trailingComma": "es5",
  "useTabs": false,
  "vueIndentScriptAndStyle": false,
  "filepath": "/home/tarvinzachary/complete-javascript-course-master/03-Developer-Skills/starter/script.js",
  "parser": "babel"
}
["INFO" - 10:26:36 AM] Formatting completed in 296.577653ms.
["INFO" - 10:26:45 AM] Formatting /home/tarvinzachary/complete-javascript-course-master/03-Developer-Skills/starter/script.js
["INFO" - 10:26:45 AM] Using ignore file (if present) at /home/tarvinzachary/.prettierignore
["INFO" - 10:26:45 AM] File Info:
{
  "ignored": false,
  "inferredParser": "babel"
}
["INFO" - 10:26:45 AM] No local configuration (i.e. .prettierrc or .editorconfig) detected, falling back to VS Code configuration
["INFO" - 10:26:45 AM] Prettier Options:
{
  "arrowParens": "always",
  "bracketSpacing": true,
  "endOfLine": "lf",
  "htmlWhitespaceSensitivity": "css",
  "insertPragma": false,
  "jsxBracketSameLine": false,
  "jsxSingleQuote": false,
  "printWidth": 80,
  "proseWrap": "preserve",
  "quoteProps": "as-needed",
  "requirePragma": false,
  "semi": true,
  "singleQuote": false,
  "tabWidth": 2,
  "trailingComma": "es5",
  "useTabs": false,
  "vueIndentScriptAndStyle": false,
  "filepath": "/home/tarvinzachary/complete-javascript-course-master/03-Developer-Skills/starter/script.js",
  "parser": "babel"
}
["INFO" - 10:26:45 AM] Formatting completed in 82.701012ms.
["INFO" - 10:27:28 AM] Formatting /home/tarvinzachary/complete-javascript-course-master/03-Developer-Skills/starter/script.js
["INFO" - 10:27:28 AM] Using ignore file (if present) at /home/tarvinzachary/.prettierignore
["INFO" - 10:27:28 AM] File Info:
{
  "ignored": false,
  "inferredParser": "babel"
}
["INFO" - 10:27:28 AM] No local configuration (i.e. .prettierrc or .editorconfig) detected, falling back to VS Code configuration
["INFO" - 10:27:28 AM] Prettier Options:
{
  "arrowParens": "always",
  "bracketSpacing": true,
  "endOfLine": "lf",
  "htmlWhitespaceSensitivity": "css",
  "insertPragma": false,
  "jsxBracketSameLine": false,
  "jsxSingleQuote": false,
  "printWidth": 80,
  "proseWrap": "preserve",
  "quoteProps": "as-needed",
  "requirePragma": false,
  "semi": true,
  "singleQuote": false,
  "tabWidth": 2,
  "trailingComma": "es5",
  "useTabs": false,
  "vueIndentScriptAndStyle": false,
  "filepath": "/home/tarvinzachary/complete-javascript-course-master/03-Developer-Skills/starter/script.js",
  "parser": "babel"
}
["INFO" - 10:27:28 AM] Formatting completed in 113.366924ms.
