["INFO" - 10:34:52 AM] Extension Name: esbenp.prettier-vscode.
["INFO" - 10:34:52 AM] Extension Version: 6.4.0.
["INFO" - 10:35:48 AM] Formatting /home/tarvinzachary/complete-javascript-course-master/03-Developer-Skills/starter/script.js
["INFO" - 10:35:49 AM] Using ignore file (if present) at /home/tarvinzachary/.prettierignore
["INFO" - 10:35:49 AM] File Info:
{
  "ignored": false,
  "inferredParser": "babel"
}
["INFO" - 10:35:49 AM] No local configuration (i.e. .prettierrc or .editorconfig) detected, falling back to VS Code configuration
["INFO" - 10:35:49 AM] Prettier Options:
{
  "arrowParens": "always",
  "bracketSpacing": true,
  "endOfLine": "lf",
  "htmlWhitespaceSensitivity": "css",
  "insertPragma": false,
  "jsxBracketSameLine": false,
  "jsxSingleQuote": false,
  "printWidth": 80,
  "proseWrap": "preserve",
  "quoteProps": "as-needed",
  "requirePragma": false,
  "semi": true,
  "singleQuote": false,
  "tabWidth": 2,
  "trailingComma": "es5",
  "useTabs": false,
  "vueIndentScriptAndStyle": false,
  "filepath": "/home/tarvinzachary/complete-javascript-course-master/03-Developer-Skills/starter/script.js",
  "parser": "babel"
}
["INFO" - 10:35:49 AM] Formatting completed in 172.293963ms.
