Looking for git in: git
Using git 2.20.1 from git
> git rev-parse --git-dir
Open repository: /home/tarvinzachary
> git status -z -u
> git symbolic-ref --short HEAD
> git for-each-ref --format=%(refname)%00%(upstream:short)%00%(objectname)%00%(upstream:track) refs/heads/master refs/remotes/master
> git for-each-ref --sort -committerdate --format %(refname) %(objectname) %(*objectname)
> git remote --verbose
> git config --get commit.template
> git check-ignore -v -z --stdin
> git check-ignore -v -z --stdin
> git show --textconv HEAD:.bash_history
> git ls-tree -l HEAD -- /home/tarvinzachary/.bash_history
> git check-ignore -v -z --stdin
> git show --textconv HEAD:.Xauthority
> git ls-tree -l HEAD -- /home/tarvinzachary/.Xauthority
> git ls-tree -l HEAD -- /home/tarvinzachary/.Xauthority
> git ls-tree -l HEAD -- /home/tarvinzachary/.Xauthority
> git show --textconv HEAD:.cache/fontconfig/2adfab2a719b29ed12bc9642f5214134-le64.cache-7
> git ls-tree -l HEAD -- /home/tarvinzachary/.cache/fontconfig/2adfab2a719b29ed12bc9642f5214134-le64.cache-7
> git ls-tree -l HEAD -- /home/tarvinzachary/.cache/fontconfig/2adfab2a719b29ed12bc9642f5214134-le64.cache-7
> git ls-tree -l HEAD -- /home/tarvinzachary/.cache/fontconfig/2adfab2a719b29ed12bc9642f5214134-le64.cache-7
> git check-ignore -v -z --stdin
> git show --textconv HEAD:.cache/fontconfig/7d65fcc37ea4bd4766305613b8665e30-le64.cache-7
> git ls-tree -l HEAD -- /home/tarvinzachary/.cache/fontconfig/7d65fcc37ea4bd4766305613b8665e30-le64.cache-7
> git ls-tree -l HEAD -- /home/tarvinzachary/.cache/fontconfig/7d65fcc37ea4bd4766305613b8665e30-le64.cache-7
> git ls-tree -l HEAD -- /home/tarvinzachary/.cache/fontconfig/7d65fcc37ea4bd4766305613b8665e30-le64.cache-7
> git show --textconv HEAD:.config/Code/Network Persistent State
> git ls-tree -l HEAD -- /home/tarvinzachary/.config/Code/Network Persistent State
> git show --textconv HEAD:.config/Code/Cookies
> git ls-tree -l HEAD -- /home/tarvinzachary/.config/Code/Cookies
> git check-ignore -v -z --stdin
> git ls-tree -l HEAD -- /home/tarvinzachary/.config/Code/Cookies
> git ls-tree -l HEAD -- /home/tarvinzachary/.config/Code/Cookies
> git add -A -- .
