[Info  - 14:14:58.670] Reading sessions from keychain...
[Info  - 14:14:59.15] Getting sessions for all scopes...
[Error  - 14:14:59.392] Getting token failed: Error: The name org.freedesktop.secrets was not provided by any .service files
[Info  - 14:15:00.121] Got 0 sessions for all scopes...
[Info  - 14:15:02.747] Getting sessions for all scopes...
[Info  - 14:15:02.748] Got 0 sessions for all scopes...
[Info  - 15:00:52.84] Getting sessions for repo,workflow...
[Info  - 15:00:52.85] Got 0 sessions for repo,workflow...
[Info  - 15:00:53.432] Logging in for the following scopes: repo workflow
[Trace  - 15:01:03.444] Handling Uri...
[Info  - 15:01:03.445] Exchanging code for token...
[Info  - 15:01:03.886] Token exchange success!
[Info  - 15:01:03.890] Getting user info...
[Info  - 15:01:04.245] Got account info!
[Info  - 15:01:04.246] Storing 1 sessions...
[Error  - 15:01:04.994] Setting token failed: Error: The name org.freedesktop.secrets was not provided by any .service files
[Info  - 15:01:08.730] Stored 1 sessions!
[Info  - 15:01:08.731] Login success!
[Info  - 15:01:08.761] Getting sessions for all scopes...
[Info  - 15:01:08.761] Got 1 sessions for all scopes...
[Info  - 15:01:32.259] Getting sessions for repo,workflow...
[Info  - 15:01:32.260] Got 1 sessions for repo,workflow...
