[2021-06-16 10:20:46.007] [exthost] [info] extension host started
[2021-06-16 10:20:47.670] [exthost] [info] ExtensionService#_doActivateExtension vscode.microsoft-authentication {"startup":false,"extensionId":{"value":"vscode.microsoft-authentication","_lower":"vscode.microsoft-authentication"},"activationEvent":"onAuthenticationRequest:microsoft"}
[2021-06-16 10:20:47.672] [exthost] [info] ExtensionService#loadCommonJSModule file:///usr/share/code/resources/app/extensions/microsoft-authentication/dist/extension.js
[2021-06-16 10:20:47.852] [exthost] [info] ExtensionService#_doActivateExtension vscode.configuration-editing {"startup":false,"extensionId":{"value":"vscode.configuration-editing","_lower":"vscode.configuration-editing"},"activationEvent":"onLanguage:json"}
[2021-06-16 10:20:47.852] [exthost] [info] ExtensionService#loadCommonJSModule file:///usr/share/code/resources/app/extensions/configuration-editing/dist/configurationEditingMain
[2021-06-16 10:20:47.925] [exthost] [info] ExtensionService#_doActivateExtension vscode.extension-editing {"startup":false,"extensionId":{"value":"vscode.extension-editing","_lower":"vscode.extension-editing"},"activationEvent":"onLanguage:json"}
[2021-06-16 10:20:47.925] [exthost] [info] ExtensionService#loadCommonJSModule file:///usr/share/code/resources/app/extensions/extension-editing/dist/extensionEditingMain
[2021-06-16 10:20:48.161] [exthost] [info] ExtensionService#_doActivateExtension vscode.json-language-features {"startup":false,"extensionId":{"value":"vscode.json-language-features","_lower":"vscode.json-language-features"},"activationEvent":"onLanguage:json"}
[2021-06-16 10:20:48.161] [exthost] [info] ExtensionService#loadCommonJSModule file:///usr/share/code/resources/app/extensions/json-language-features/client/dist/node/jsonClientMain
[2021-06-16 10:20:48.732] [exthost] [info] ExtensionService#_doActivateExtension vscode.npm {"startup":false,"extensionId":{"value":"vscode.npm","_lower":"vscode.npm"},"activationEvent":"onLanguage:json"}
[2021-06-16 10:20:48.739] [exthost] [info] ExtensionService#loadCommonJSModule file:///usr/share/code/resources/app/extensions/npm/dist/npmMain
[2021-06-16 10:20:48.989] [exthost] [info] ExtensionService#_doActivateExtension vscode.typescript-language-features {"startup":false,"extensionId":{"value":"vscode.typescript-language-features","_lower":"vscode.typescript-language-features"},"activationEvent":"onLanguage:javascript"}
[2021-06-16 10:20:48.992] [exthost] [info] ExtensionService#loadCommonJSModule file:///usr/share/code/resources/app/extensions/typescript-language-features/dist/extension
[2021-06-16 10:20:49.440] [exthost] [info] ExtensionService#_doActivateExtension vscode.debug-auto-launch {"startup":true,"extensionId":{"value":"vscode.debug-auto-launch","_lower":"vscode.debug-auto-launch"},"activationEvent":"*"}
[2021-06-16 10:20:49.462] [exthost] [info] ExtensionService#loadCommonJSModule file:///usr/share/code/resources/app/extensions/debug-auto-launch/dist/extension
[2021-06-16 10:20:49.511] [exthost] [info] ExtensionService#_doActivateExtension vscode.git {"startup":true,"extensionId":{"value":"vscode.github","_lower":"vscode.github"},"activationEvent":"*"}
[2021-06-16 10:20:49.511] [exthost] [info] ExtensionService#loadCommonJSModule file:///usr/share/code/resources/app/extensions/git/dist/main
[2021-06-16 10:20:50.797] [exthost] [info] ExtensionService#_doActivateExtension esbenp.prettier-vscode {"startup":false,"extensionId":{"value":"esbenp.prettier-vscode","_lower":"esbenp.prettier-vscode"},"activationEvent":"onStartupFinished"}
[2021-06-16 10:20:50.814] [exthost] [info] ExtensionService#loadCommonJSModule file:///home/tarvinzachary/.vscode/extensions/esbenp.prettier-vscode-6.4.0/dist/extension
[2021-06-16 10:20:53.352] [exthost] [warning] [Decorations] CAPPING events from decorations provider vscode.git 396
[2021-06-16 10:20:55.494] [exthost] [info] extension host terminating: renderer closed the socket
[2021-06-16 10:20:55.695] [exthost] [error] ProxyResolver#resolveProxy Canceled: Canceled
	at Object.s [as canceled] (/usr/share/code/resources/app/out/vs/workbench/services/extensions/node/extensionHostProcess.js:5:1157)
	at /usr/share/code/resources/app/out/vs/workbench/services/extensions/node/extensionHostProcess.js:88:8191
	at Array.forEach (<anonymous>)
	at h.dispose (/usr/share/code/resources/app/out/vs/workbench/services/extensions/node/extensionHostProcess.js:88:8139)
	at E.terminate (/usr/share/code/resources/app/out/vs/workbench/services/extensions/node/extensionHostProcess.js:93:684)
	at u (/usr/share/code/resources/app/out/vs/workbench/services/extensions/node/extensionHostProcess.js:103:31661)
	at Socket.<anonymous> (/usr/share/code/resources/app/out/vs/workbench/services/extensions/node/extensionHostProcess.js:103:29463)
	at Socket.emit (events.js:327:22)
	at Pipe.<anonymous> (net.js:673:12) 
[2021-06-16 10:20:55.707] [exthost] [error] ProxyResolver#resolveProxy Canceled: Canceled
	at Object.s [as canceled] (/usr/share/code/resources/app/out/vs/workbench/services/extensions/node/extensionHostProcess.js:5:1157)
	at /usr/share/code/resources/app/out/vs/workbench/services/extensions/node/extensionHostProcess.js:88:8191
	at Array.forEach (<anonymous>)
	at h.dispose (/usr/share/code/resources/app/out/vs/workbench/services/extensions/node/extensionHostProcess.js:88:8139)
	at E.terminate (/usr/share/code/resources/app/out/vs/workbench/services/extensions/node/extensionHostProcess.js:93:684)
	at u (/usr/share/code/resources/app/out/vs/workbench/services/extensions/node/extensionHostProcess.js:103:31661)
	at Socket.<anonymous> (/usr/share/code/resources/app/out/vs/workbench/services/extensions/node/extensionHostProcess.js:103:29463)
	at Socket.emit (events.js:327:22)
	at Pipe.<anonymous> (net.js:673:12) 
[2021-06-16 10:20:55.707] [exthost] [error] ProxyResolver#resolveProxy Canceled: Canceled
	at Object.s [as canceled] (/usr/share/code/resources/app/out/vs/workbench/services/extensions/node/extensionHostProcess.js:5:1157)
	at /usr/share/code/resources/app/out/vs/workbench/services/extensions/node/extensionHostProcess.js:88:8191
	at Array.forEach (<anonymous>)
	at h.dispose (/usr/share/code/resources/app/out/vs/workbench/services/extensions/node/extensionHostProcess.js:88:8139)
	at E.terminate (/usr/share/code/resources/app/out/vs/workbench/services/extensions/node/extensionHostProcess.js:93:684)
	at u (/usr/share/code/resources/app/out/vs/workbench/services/extensions/node/extensionHostProcess.js:103:31661)
	at Socket.<anonymous> (/usr/share/code/resources/app/out/vs/workbench/services/extensions/node/extensionHostProcess.js:103:29463)
	at Socket.emit (events.js:327:22)
	at Pipe.<anonymous> (net.js:673:12) 
[2021-06-16 10:20:55.711] [exthost] [error] Activating extension vscode.github failed due to an error:
[2021-06-16 10:20:55.712] [exthost] [error] Canceled: Canceled
	at Object.s [as canceled] (/usr/share/code/resources/app/out/vs/workbench/services/extensions/node/extensionHostProcess.js:5:1157)
	at /usr/share/code/resources/app/out/vs/workbench/services/extensions/node/extensionHostProcess.js:88:8191
	at Array.forEach (<anonymous>)
	at h.dispose (/usr/share/code/resources/app/out/vs/workbench/services/extensions/node/extensionHostProcess.js:88:8139)
	at E.terminate (/usr/share/code/resources/app/out/vs/workbench/services/extensions/node/extensionHostProcess.js:93:684)
	at u (/usr/share/code/resources/app/out/vs/workbench/services/extensions/node/extensionHostProcess.js:103:31661)
	at Socket.<anonymous> (/usr/share/code/resources/app/out/vs/workbench/services/extensions/node/extensionHostProcess.js:103:29463)
	at Socket.emit (events.js:327:22)
	at Pipe.<anonymous> (net.js:673:12)
[2021-06-16 10:20:56.037] [exthost] [error] Activating extension esbenp.prettier-vscode failed due to an error:
[2021-06-16 10:20:56.037] [exthost] [error] Canceled: Canceled
	at Object.s [as canceled] (/usr/share/code/resources/app/out/vs/workbench/services/extensions/node/extensionHostProcess.js:5:1157)
	at /usr/share/code/resources/app/out/vs/workbench/services/extensions/node/extensionHostProcess.js:88:8191
	at Array.forEach (<anonymous>)
	at h.dispose (/usr/share/code/resources/app/out/vs/workbench/services/extensions/node/extensionHostProcess.js:88:8139)
	at E.terminate (/usr/share/code/resources/app/out/vs/workbench/services/extensions/node/extensionHostProcess.js:93:684)
	at u (/usr/share/code/resources/app/out/vs/workbench/services/extensions/node/extensionHostProcess.js:103:31661)
	at Socket.<anonymous> (/usr/share/code/resources/app/out/vs/workbench/services/extensions/node/extensionHostProcess.js:103:29463)
	at Socket.emit (events.js:327:22)
	at Pipe.<anonymous> (net.js:673:12)
[2021-06-16 10:20:56.046] [exthost] [error] Activating extension vscode.npm failed due to an error:
[2021-06-16 10:20:56.049] [exthost] [error] Canceled: Canceled
	at Object.s [as canceled] (/usr/share/code/resources/app/out/vs/workbench/services/extensions/node/extensionHostProcess.js:5:1157)
	at /usr/share/code/resources/app/out/vs/workbench/services/extensions/node/extensionHostProcess.js:88:8191
	at Array.forEach (<anonymous>)
	at h.dispose (/usr/share/code/resources/app/out/vs/workbench/services/extensions/node/extensionHostProcess.js:88:8139)
	at E.terminate (/usr/share/code/resources/app/out/vs/workbench/services/extensions/node/extensionHostProcess.js:93:684)
	at u (/usr/share/code/resources/app/out/vs/workbench/services/extensions/node/extensionHostProcess.js:103:31661)
	at Socket.<anonymous> (/usr/share/code/resources/app/out/vs/workbench/services/extensions/node/extensionHostProcess.js:103:29463)
	at Socket.emit (events.js:327:22)
	at Pipe.<anonymous> (net.js:673:12)
[2021-06-16 10:20:56.056] [exthost] [info] eager extensions activated
[2021-06-16 10:20:56.065] [exthost] [error] Activating extension vscode.emmet failed due to an error:
[2021-06-16 10:20:56.065] [exthost] [error] Canceled: Canceled
	at Object.s [as canceled] (/usr/share/code/resources/app/out/vs/workbench/services/extensions/node/extensionHostProcess.js:5:1157)
	at h._remoteCall (/usr/share/code/resources/app/out/vs/workbench/services/extensions/node/extensionHostProcess.js:88:12871)
	at Proxy.b.<computed>.S.charCodeAt.b.<computed> (/usr/share/code/resources/app/out/vs/workbench/services/extensions/node/extensionHostProcess.js:88:9394)
	at f._activateExtension (/usr/share/code/resources/app/out/vs/workbench/services/extensions/node/extensionHostProcess.js:89:11614)
	at Object.actualActivateExtension (/usr/share/code/resources/app/out/vs/workbench/services/extensions/node/extensionHostProcess.js:89:9243)
	at l._activateExtension (/usr/share/code/resources/app/out/vs/workbench/services/extensions/node/extensionHostProcess.js:84:85443)
	at /usr/share/code/resources/app/out/vs/workbench/services/extensions/node/extensionHostProcess.js:84:85125
	at Array.map (<anonymous>)
	at l._activateExtensions (/usr/share/code/resources/app/out/vs/workbench/services/extensions/node/extensionHostProcess.js:84:85113)
	at l.activateById (/usr/share/code/resources/app/out/vs/workbench/services/extensions/node/extensionHostProcess.js:84:82743)
	at f._activateById (/usr/share/code/resources/app/out/vs/workbench/services/extensions/node/extensionHostProcess.js:89:10205)
	at f._activateOneStartupFinished (/usr/share/code/resources/app/out/vs/workbench/services/extensions/node/extensionHostProcess.js:89:15179)
	at f._activateAllStartupFinished (/usr/share/code/resources/app/out/vs/workbench/services/extensions/node/extensionHostProcess.js:89:15550)
	at /usr/share/code/resources/app/out/vs/workbench/services/extensions/node/extensionHostProcess.js:89:16039
	at processTicksAndRejections (internal/process/task_queues.js:93:5)
[2021-06-16 10:20:56.066] [exthost] [error] Activating extension vscode.merge-conflict failed due to an error:
[2021-06-16 10:20:56.071] [exthost] [error] Canceled: Canceled
	at Object.s [as canceled] (/usr/share/code/resources/app/out/vs/workbench/services/extensions/node/extensionHostProcess.js:5:1157)
	at h._remoteCall (/usr/share/code/resources/app/out/vs/workbench/services/extensions/node/extensionHostProcess.js:88:12871)
	at Proxy.b.<computed>.S.charCodeAt.b.<computed> (/usr/share/code/resources/app/out/vs/workbench/services/extensions/node/extensionHostProcess.js:88:9394)
	at f._activateExtension (/usr/share/code/resources/app/out/vs/workbench/services/extensions/node/extensionHostProcess.js:89:11614)
	at Object.actualActivateExtension (/usr/share/code/resources/app/out/vs/workbench/services/extensions/node/extensionHostProcess.js:89:9243)
	at l._activateExtension (/usr/share/code/resources/app/out/vs/workbench/services/extensions/node/extensionHostProcess.js:84:85443)
	at /usr/share/code/resources/app/out/vs/workbench/services/extensions/node/extensionHostProcess.js:84:85125
	at Array.map (<anonymous>)
	at l._activateExtensions (/usr/share/code/resources/app/out/vs/workbench/services/extensions/node/extensionHostProcess.js:84:85113)
	at l.activateById (/usr/share/code/resources/app/out/vs/workbench/services/extensions/node/extensionHostProcess.js:84:82743)
	at f._activateById (/usr/share/code/resources/app/out/vs/workbench/services/extensions/node/extensionHostProcess.js:89:10205)
	at f._activateOneStartupFinished (/usr/share/code/resources/app/out/vs/workbench/services/extensions/node/extensionHostProcess.js:89:15179)
	at f._activateAllStartupFinished (/usr/share/code/resources/app/out/vs/workbench/services/extensions/node/extensionHostProcess.js:89:15550)
	at /usr/share/code/resources/app/out/vs/workbench/services/extensions/node/extensionHostProcess.js:89:16039
	at processTicksAndRejections (internal/process/task_queues.js:93:5)
[2021-06-16 10:20:56.073] [exthost] [error] Activating extension vscode.testing-editor-contributions failed due to an error:
[2021-06-16 10:20:56.073] [exthost] [error] Canceled: Canceled
	at Object.s [as canceled] (/usr/share/code/resources/app/out/vs/workbench/services/extensions/node/extensionHostProcess.js:5:1157)
	at h._remoteCall (/usr/share/code/resources/app/out/vs/workbench/services/extensions/node/extensionHostProcess.js:88:12871)
	at Proxy.b.<computed>.S.charCodeAt.b.<computed> (/usr/share/code/resources/app/out/vs/workbench/services/extensions/node/extensionHostProcess.js:88:9394)
	at f._activateExtension (/usr/share/code/resources/app/out/vs/workbench/services/extensions/node/extensionHostProcess.js:89:11614)
	at Object.actualActivateExtension (/usr/share/code/resources/app/out/vs/workbench/services/extensions/node/extensionHostProcess.js:89:9243)
	at l._activateExtension (/usr/share/code/resources/app/out/vs/workbench/services/extensions/node/extensionHostProcess.js:84:85443)
	at /usr/share/code/resources/app/out/vs/workbench/services/extensions/node/extensionHostProcess.js:84:85125
	at Array.map (<anonymous>)
	at l._activateExtensions (/usr/share/code/resources/app/out/vs/workbench/services/extensions/node/extensionHostProcess.js:84:85113)
	at l.activateById (/usr/share/code/resources/app/out/vs/workbench/services/extensions/node/extensionHostProcess.js:84:82743)
	at f._activateById (/usr/share/code/resources/app/out/vs/workbench/services/extensions/node/extensionHostProcess.js:89:10205)
	at f._activateOneStartupFinished (/usr/share/code/resources/app/out/vs/workbench/services/extensions/node/extensionHostProcess.js:89:15179)
	at f._activateAllStartupFinished (/usr/share/code/resources/app/out/vs/workbench/services/extensions/node/extensionHostProcess.js:89:15550)
	at /usr/share/code/resources/app/out/vs/workbench/services/extensions/node/extensionHostProcess.js:89:16039
	at processTicksAndRejections (internal/process/task_queues.js:93:5)
[2021-06-16 10:20:56.673] [exthost] [info] exiting with code 0
