[2021-05-28 09:58:24.911] [exthost] [info] extension host started
[2021-05-28 09:58:26.342] [exthost] [info] ExtensionService#_doActivateExtension vscode.microsoft-authentication {"startup":false,"extensionId":{"value":"vscode.microsoft-authentication","_lower":"vscode.microsoft-authentication"},"activationEvent":"onAuthenticationRequest:microsoft"}
[2021-05-28 09:58:26.343] [exthost] [info] ExtensionService#loadCommonJSModule file:///usr/share/code/resources/app/extensions/microsoft-authentication/dist/extension.js
[2021-05-28 09:58:26.457] [exthost] [info] ExtensionService#_doActivateExtension vscode.typescript-language-features {"startup":false,"extensionId":{"value":"vscode.typescript-language-features","_lower":"vscode.typescript-language-features"},"activationEvent":"onLanguage:javascript"}
[2021-05-28 09:58:26.461] [exthost] [info] ExtensionService#loadCommonJSModule file:///usr/share/code/resources/app/extensions/typescript-language-features/dist/extension
[2021-05-28 09:58:26.542] [exthost] [info] ExtensionService#_doActivateExtension vscode.debug-auto-launch {"startup":true,"extensionId":{"value":"vscode.debug-auto-launch","_lower":"vscode.debug-auto-launch"},"activationEvent":"*"}
[2021-05-28 09:58:26.542] [exthost] [info] ExtensionService#loadCommonJSModule file:///usr/share/code/resources/app/extensions/debug-auto-launch/dist/extension
[2021-05-28 09:58:26.549] [exthost] [info] ExtensionService#_doActivateExtension vscode.git {"startup":true,"extensionId":{"value":"vscode.github","_lower":"vscode.github"},"activationEvent":"*"}
[2021-05-28 09:58:26.549] [exthost] [info] ExtensionService#loadCommonJSModule file:///usr/share/code/resources/app/extensions/git/dist/main
[2021-05-28 09:58:30.510] [exthost] [info] ExtensionService#_doActivateExtension vscode.github {"startup":true,"extensionId":{"value":"vscode.github","_lower":"vscode.github"},"activationEvent":"*"}
[2021-05-28 09:58:30.514] [exthost] [info] ExtensionService#loadCommonJSModule file:///usr/share/code/resources/app/extensions/github/dist/extension.js
[2021-05-28 09:58:32.741] [exthost] [info] eager extensions activated
[2021-05-28 09:58:33.915] [exthost] [info] ExtensionService#_doActivateExtension ms-vscode.js-debug {"startup":false,"extensionId":{"value":"ms-vscode.js-debug","_lower":"ms-vscode.js-debug"},"activationEvent":"onCommand:extension.js-debug.clearAutoAttachVariables"}
[2021-05-28 09:58:33.915] [exthost] [info] ExtensionService#loadCommonJSModule file:///usr/share/code/resources/app/extensions/ms-vscode.js-debug/src/extension.js
[2021-05-28 09:58:37.035] [exthost] [info] ExtensionService#_doActivateExtension vscode.emmet {"startup":false,"extensionId":{"value":"vscode.emmet","_lower":"vscode.emmet"},"activationEvent":"onStartupFinished"}
[2021-05-28 09:58:37.037] [exthost] [info] ExtensionService#loadCommonJSModule file:///usr/share/code/resources/app/extensions/emmet/dist/node/emmetNodeMain
[2021-05-28 09:58:37.355] [exthost] [info] ExtensionService#_doActivateExtension vscode.merge-conflict {"startup":false,"extensionId":{"value":"vscode.merge-conflict","_lower":"vscode.merge-conflict"},"activationEvent":"onStartupFinished"}
[2021-05-28 09:58:37.356] [exthost] [info] ExtensionService#loadCommonJSModule file:///usr/share/code/resources/app/extensions/merge-conflict/dist/mergeConflictMain
[2021-05-28 09:58:37.436] [exthost] [info] ExtensionService#_doActivateExtension vscode.testing-editor-contributions {"startup":false,"extensionId":{"value":"vscode.testing-editor-contributions","_lower":"vscode.testing-editor-contributions"},"activationEvent":"onStartupFinished"}
[2021-05-28 09:58:37.436] [exthost] [info] ExtensionService#loadCommonJSModule file:///usr/share/code/resources/app/extensions/testing-editor-contributions/dist/extension.js
[2021-05-28 09:58:44.229] [exthost] [info] ExtensionService#_doActivateExtension vscode.github-authentication {"startup":false,"extensionId":{"value":"vscode.github-authentication","_lower":"vscode.github-authentication"},"activationEvent":"onAuthenticationRequest:github"}
[2021-05-28 09:58:44.229] [exthost] [info] ExtensionService#loadCommonJSModule file:///usr/share/code/resources/app/extensions/github-authentication/dist/extension.js
[2021-05-28 09:58:51.087] [exthost] [error] {"message":"Git error","stdout":"","stderr":"fatal: Pathspec '/home/tarvinzachary/aim--code--school/aim--code--school' is in submodule 'aim--code--school'\n","exitCode":128,"gitErrorCode":"IsInSubmodule"}
[2021-05-28 09:58:51.088] [exthost] [error] {"message":"Git error","stdout":"","stderr":"fatal: Pathspec '/home/tarvinzachary/aim--code--school/aim--code--school' is in submodule 'aim--code--school'\n","exitCode":128,"gitErrorCode":"IsInSubmodule"}
[2021-05-28 09:58:51.088] [exthost] [error] {"message":"Git error","stdout":"","stderr":"fatal: Pathspec '/home/tarvinzachary/aim--code--school/aim--code--school' is in submodule 'aim--code--school'\n","exitCode":128,"gitErrorCode":"IsInSubmodule"}
[2021-05-28 09:58:51.088] [exthost] [error] {"message":"Git error","stdout":"","stderr":"fatal: Pathspec '/home/tarvinzachary/aim--code--school/aim--code--school' is in submodule 'aim--code--school'\n","exitCode":128,"gitErrorCode":"IsInSubmodule"}
[2021-05-28 09:58:51.088] [exthost] [error] {"message":"Git error","stdout":"","stderr":"fatal: Pathspec '/home/tarvinzachary/aim--code--school/aim--code--school' is in submodule 'aim--code--school'\n","exitCode":128,"gitErrorCode":"IsInSubmodule"}
[2021-05-28 09:58:51.088] [exthost] [error] {"message":"Git error","stdout":"","stderr":"fatal: Pathspec '/home/tarvinzachary/aim--code--school/aim--code--school' is in submodule 'aim--code--school'\n","exitCode":128,"gitErrorCode":"IsInSubmodule"}
[2021-05-28 09:58:51.088] [exthost] [error] {"message":"Git error","stdout":"","stderr":"fatal: Pathspec '/home/tarvinzachary/aim--code--school/aim--code--school' is in submodule 'aim--code--school'\n","exitCode":128,"gitErrorCode":"IsInSubmodule"}
[2021-05-28 09:58:51.088] [exthost] [error] {"message":"Git error","stdout":"","stderr":"fatal: Pathspec '/home/tarvinzachary/aim--code--school/aim--code--school' is in submodule 'aim--code--school'\n","exitCode":128,"gitErrorCode":"IsInSubmodule"}
[2021-05-28 09:58:51.088] [exthost] [error] {"message":"Git error","stdout":"","stderr":"fatal: Pathspec '/home/tarvinzachary/aim--code--school/aim--code--school' is in submodule 'aim--code--school'\n","exitCode":128,"gitErrorCode":"IsInSubmodule"}
[2021-05-28 09:58:51.088] [exthost] [error] {"message":"Git error","stdout":"","stderr":"fatal: Pathspec '/home/tarvinzachary/aim--code--school/aim--code--school' is in submodule 'aim--code--school'\n","exitCode":128,"gitErrorCode":"IsInSubmodule"}
[2021-05-28 09:58:51.088] [exthost] [error] {"message":"Git error","stdout":"","stderr":"fatal: Pathspec '/home/tarvinzachary/aim--code--school/aim--code--school' is in submodule 'aim--code--school'\n","exitCode":128,"gitErrorCode":"IsInSubmodule"}
[2021-05-28 09:58:51.088] [exthost] [error] {"message":"Git error","stdout":"","stderr":"fatal: Pathspec '/home/tarvinzachary/aim--code--school/aim--code--school' is in submodule 'aim--code--school'\n","exitCode":128,"gitErrorCode":"IsInSubmodule"}
[2021-05-28 09:58:51.088] [exthost] [error] {"message":"Git error","stdout":"","stderr":"fatal: Pathspec '/home/tarvinzachary/aim--code--school/aim--code--school' is in submodule 'aim--code--school'\n","exitCode":128,"gitErrorCode":"IsInSubmodule"}
[2021-05-28 09:58:51.088] [exthost] [error] {"message":"Git error","stdout":"","stderr":"fatal: Pathspec '/home/tarvinzachary/aim--code--school/aim--code--school' is in submodule 'aim--code--school'\n","exitCode":128,"gitErrorCode":"IsInSubmodule"}
[2021-05-28 09:58:51.088] [exthost] [error] {"message":"Git error","stdout":"","stderr":"fatal: Pathspec '/home/tarvinzachary/aim--code--school/aim--code--school' is in submodule 'aim--code--school'\n","exitCode":128,"gitErrorCode":"IsInSubmodule"}
[2021-05-28 09:58:51.088] [exthost] [error] {"message":"Git error","stdout":"","stderr":"fatal: Pathspec '/home/tarvinzachary/aim--code--school/aim--code--school' is in submodule 'aim--code--school'\n","exitCode":128,"gitErrorCode":"IsInSubmodule"}
[2021-05-28 09:58:51.089] [exthost] [error] {"message":"Git error","stdout":"","stderr":"fatal: Pathspec '/home/tarvinzachary/aim--code--school/aim--code--school' is in submodule 'aim--code--school'\n","exitCode":128,"gitErrorCode":"IsInSubmodule"}
[2021-05-28 09:58:51.089] [exthost] [error] {"message":"Git error","stdout":"","stderr":"fatal: Pathspec '/home/tarvinzachary/aim--code--school/aim--code--school' is in submodule 'aim--code--school'\n","exitCode":128,"gitErrorCode":"IsInSubmodule"}
[2021-05-28 10:05:43.238] [exthost] [error] {"message":"Git error","stdout":"","stderr":"fatal: Pathspec '/home/tarvinzachary/aim--code--school/zach-week-8-homwork' is in submodule 'aim--code--school'\n","exitCode":128,"gitErrorCode":"IsInSubmodule"}
[2021-05-28 10:05:43.239] [exthost] [error] {"message":"Git error","stdout":"","stderr":"fatal: Pathspec '/home/tarvinzachary/aim--code--school/zach-week-8-homwork' is in submodule 'aim--code--school'\n","exitCode":128,"gitErrorCode":"IsInSubmodule"}
[2021-05-28 10:09:30.756] [exthost] [info] ExtensionService#_doActivateExtension vscode.extension-editing {"startup":false,"extensionId":{"value":"vscode.extension-editing","_lower":"vscode.extension-editing"},"activationEvent":"onLanguage:typescript"}
[2021-05-28 10:09:30.760] [exthost] [info] ExtensionService#loadCommonJSModule file:///usr/share/code/resources/app/extensions/extension-editing/dist/extensionEditingMain
