[2021-06-02 10:05:42.461] [renderer1] [error] Git error
[2021-06-02 10:06:52.336] [renderer1] [error] Cannot read property 'children' of undefined: TypeError: Cannot read property 'children' of undefined
    at n.get children [as children] (file:///usr/share/code/resources/app/out/vs/workbench/workbench.desktop.main.js:1937:6236)
    at h (file:///usr/share/code/resources/app/out/vs/workbench/workbench.desktop.main.js:1937:7631)
    at Yt.refreshTOCTree (file:///usr/share/code/resources/app/out/vs/workbench/workbench.desktop.main.js:2188:106359)
    at Yt.triggerSearch (file:///usr/share/code/resources/app/out/vs/workbench/workbench.desktop.main.js:2188:108229)
    at Yt.onSearchInputChanged (file:///usr/share/code/resources/app/out/vs/workbench/workbench.desktop.main.js:2188:106782)
    at file:///usr/share/code/resources/app/out/vs/workbench/workbench.desktop.main.js:2188:93111
    at a.fire (file:///usr/share/code/resources/app/out/vs/workbench/workbench.desktop.main.js:60:1836)
    at file:///usr/share/code/resources/app/out/vs/workbench/workbench.desktop.main.js:2098:14638
    at file:///usr/share/code/resources/app/out/vs/workbench/workbench.desktop.main.js:580:14170
    at a.fire (file:///usr/share/code/resources/app/out/vs/workbench/workbench.desktop.main.js:60:1836)
    at X.endDeferredEmit (file:///usr/share/code/resources/app/out/vs/workbench/workbench.desktop.main.js:589:30323)
    at W.pushEditOperations (file:///usr/share/code/resources/app/out/vs/workbench/workbench.desktop.main.js:587:925)
    at p.executeEdits (file:///usr/share/code/resources/app/out/vs/workbench/workbench.desktop.main.js:617:479)
    at file:///usr/share/code/resources/app/out/vs/workbench/workbench.desktop.main.js:618:3260
    at i._withViewEventsCollector (file:///usr/share/code/resources/app/out/vs/workbench/workbench.desktop.main.js:618:5338)
    at i._executeCursorEdit (file:///usr/share/code/resources/app/out/vs/workbench/workbench.desktop.main.js:618:3172)
    at i.executeEdits (file:///usr/share/code/resources/app/out/vs/workbench/workbench.desktop.main.js:618:3225)
    at hn.executeEdits (file:///usr/share/code/resources/app/out/vs/workbench/workbench.desktop.main.js:654:10787)
    at b.setValue (file:///usr/share/code/resources/app/out/vs/workbench/workbench.desktop.main.js:2098:15491)
    at Yt._setOptions (file:///usr/share/code/resources/app/out/vs/workbench/workbench.desktop.main.js:2188:89437)
    at Yt.setInput (file:///usr/share/code/resources/app/out/vs/workbench/workbench.desktop.main.js:2188:88691)
    at async a.doSetInput (file:///usr/share/code/resources/app/out/vs/workbench/workbench.desktop.main.js:1798:10549)
    at async a.openEditor (file:///usr/share/code/resources/app/out/vs/workbench/workbench.desktop.main.js:1798:9103)
    at async file:///usr/share/code/resources/app/out/vs/workbench/workbench.desktop.main.js:2452:15922
    at async Re.run (file:///usr/share/code/resources/app/out/vs/workbench/workbench.desktop.main.js:2640:25273)
    at async T.runAction (file:///usr/share/code/resources/app/out/vs/workbench/workbench.desktop.main.js:171:30945)
    at async T.run (file:///usr/share/code/resources/app/out/vs/workbench/workbench.desktop.main.js:171:30844)
    at async runAction (file:///usr/share/code/resources/app/out/vs/workbench/workbench.desktop.main.js:1424:34660)
[2021-06-02 10:14:20.212] [renderer1] [error] Unable to read file '/home/tarvinzachary/complete-javascript-course-master/03-Developer-Skills/starter/script.js' (Error: File not modified since): Error: Unable to read file '/home/tarvinzachary/complete-javascript-course-master/03-Developer-Skills/starter/script.js' (Error: File not modified since)
    at o.doReadFileStream (file:///usr/share/code/resources/app/out/vs/workbench/workbench.desktop.main.js:634:17601)
    at async h.doRead (file:///usr/share/code/resources/app/out/vs/workbench/workbench.desktop.main.js:2296:39839)
    at async h.readStream (file:///usr/share/code/resources/app/out/vs/workbench/workbench.desktop.main.js:2296:39485)
    at async Vr.resolveFromFile (file:///usr/share/code/resources/app/out/vs/workbench/workbench.desktop.main.js:2288:98054)
[2021-06-02 10:14:36.967] [renderer1] [warning] UNRESPONSIVE extension host, 'vscode.git' took 98% of 980.415ms, saved PROFILE here: 'file:///tmp/exthost-b151e9.cpuprofile' [{"id":"self","total":12367,"percentage":1},{"id":"vscode.git","total":964683,"percentage":98}]
