["INFO" - 1:11:13 PM] Extension Name: esbenp.prettier-vscode.
["INFO" - 1:11:13 PM] Extension Version: 8.0.1.
["INFO" - 1:33:12 PM] Formatting /home/tarvinzachary/complete-javascript-course-master/05-Guess-My-Number/starter/script.js
["INFO" - 1:33:12 PM] Using config file at '/home/tarvinzachary/complete-javascript-course-master/05-Guess-My-Number/starter/.prettierrc'
["INFO" - 1:33:12 PM] Using ignore file (if present) at /home/tarvinzachary/.prettierignore
["INFO" - 1:33:12 PM] File Info:
{
  "ignored": false,
  "inferredParser": "babel"
}
["INFO" - 1:33:13 PM] Detected local configuration (i.e. .prettierrc or .editorconfig), VS Code configuration will not be used
["INFO" - 1:33:13 PM] Prettier Options:
{
  "filepath": "/home/tarvinzachary/complete-javascript-course-master/05-Guess-My-Number/starter/script.js",
  "parser": "babel",
  "singleQuote": true,
  "arrowParens": "avoid"
}
["INFO" - 1:33:13 PM] Formatting completed in 940.535384ms.
["INFO" - 1:33:16 PM] Formatting /home/tarvinzachary/complete-javascript-course-master/05-Guess-My-Number/starter/script.js
["INFO" - 1:33:16 PM] Using config file at '/home/tarvinzachary/complete-javascript-course-master/05-Guess-My-Number/starter/.prettierrc'
["INFO" - 1:33:16 PM] Using ignore file (if present) at /home/tarvinzachary/.prettierignore
["INFO" - 1:33:16 PM] File Info:
{
  "ignored": false,
  "inferredParser": "babel"
}
["INFO" - 1:33:17 PM] Detected local configuration (i.e. .prettierrc or .editorconfig), VS Code configuration will not be used
["INFO" - 1:33:17 PM] Prettier Options:
{
  "filepath": "/home/tarvinzachary/complete-javascript-course-master/05-Guess-My-Number/starter/script.js",
  "parser": "babel",
  "singleQuote": true,
  "arrowParens": "avoid"
}
["INFO" - 1:33:17 PM] Formatting completed in 131.999158ms.
["INFO" - 1:40:20 PM] Formatting /home/tarvinzachary/complete-javascript-course-master/05-Guess-My-Number/starter/script.js
["INFO" - 1:40:20 PM] Using config file at '/home/tarvinzachary/complete-javascript-course-master/05-Guess-My-Number/starter/.prettierrc'
["INFO" - 1:40:20 PM] Using ignore file (if present) at /home/tarvinzachary/.prettierignore
["INFO" - 1:40:20 PM] File Info:
{
  "ignored": false,
  "inferredParser": "babel"
}
["INFO" - 1:40:20 PM] Detected local configuration (i.e. .prettierrc or .editorconfig), VS Code configuration will not be used
["INFO" - 1:40:20 PM] Prettier Options:
{
  "filepath": "/home/tarvinzachary/complete-javascript-course-master/05-Guess-My-Number/starter/script.js",
  "parser": "babel",
  "singleQuote": true,
  "arrowParens": "avoid"
}
["INFO" - 1:40:20 PM] Formatting completed in 287.331415ms.
["INFO" - 1:43:18 PM] Formatting /home/tarvinzachary/complete-javascript-course-master/05-Guess-My-Number/starter/script.js
["INFO" - 1:43:18 PM] Using config file at '/home/tarvinzachary/complete-javascript-course-master/05-Guess-My-Number/starter/.prettierrc'
["INFO" - 1:43:18 PM] Using ignore file (if present) at /home/tarvinzachary/.prettierignore
["INFO" - 1:43:18 PM] File Info:
{
  "ignored": false,
  "inferredParser": "babel"
}
["INFO" - 1:43:18 PM] Detected local configuration (i.e. .prettierrc or .editorconfig), VS Code configuration will not be used
["INFO" - 1:43:18 PM] Prettier Options:
{
  "filepath": "/home/tarvinzachary/complete-javascript-course-master/05-Guess-My-Number/starter/script.js",
  "parser": "babel",
  "singleQuote": true,
  "arrowParens": "avoid"
}
["INFO" - 1:43:18 PM] Formatting completed in 103.657564ms.
