[2021-06-23 08:34:40.582] [exthost] [info] extension host started
[2021-06-23 08:34:41.736] [exthost] [info] ExtensionService#_doActivateExtension vscode.microsoft-authentication {"startup":false,"extensionId":{"value":"vscode.microsoft-authentication","_lower":"vscode.microsoft-authentication"},"activationEvent":"onAuthenticationRequest:microsoft"}
[2021-06-23 08:34:41.738] [exthost] [info] ExtensionService#loadCommonJSModule file:///usr/share/code/resources/app/extensions/microsoft-authentication/dist/extension.js
[2021-06-23 08:34:41.961] [exthost] [info] ExtensionService#_doActivateExtension vscode.typescript-language-features {"startup":false,"extensionId":{"value":"vscode.typescript-language-features","_lower":"vscode.typescript-language-features"},"activationEvent":"onLanguage:javascript"}
[2021-06-23 08:34:41.962] [exthost] [info] ExtensionService#loadCommonJSModule file:///usr/share/code/resources/app/extensions/typescript-language-features/dist/extension
[2021-06-23 08:34:42.114] [exthost] [info] ExtensionService#_doActivateExtension vscode.debug-auto-launch {"startup":true,"extensionId":{"value":"vscode.debug-auto-launch","_lower":"vscode.debug-auto-launch"},"activationEvent":"*"}
[2021-06-23 08:34:42.115] [exthost] [info] ExtensionService#loadCommonJSModule file:///usr/share/code/resources/app/extensions/debug-auto-launch/dist/extension
[2021-06-23 08:34:42.153] [exthost] [info] ExtensionService#_doActivateExtension vscode.git {"startup":true,"extensionId":{"value":"vscode.github","_lower":"vscode.github"},"activationEvent":"*"}
[2021-06-23 08:34:42.153] [exthost] [info] ExtensionService#loadCommonJSModule file:///usr/share/code/resources/app/extensions/git/dist/main
[2021-06-23 08:34:53.349] [exthost] [info] ExtensionService#_doActivateExtension vscode.github {"startup":true,"extensionId":{"value":"vscode.github","_lower":"vscode.github"},"activationEvent":"*"}
[2021-06-23 08:34:53.349] [exthost] [info] ExtensionService#loadCommonJSModule file:///usr/share/code/resources/app/extensions/github/dist/extension.js
[2021-06-23 08:34:55.052] [exthost] [error] {"message":"Git error","stdout":"","stderr":"fatal: Pathspec '/home/tarvinzachary/aim--code--school/aim--code--school' is in submodule 'aim--code--school'\n","exitCode":128,"gitErrorCode":"IsInSubmodule"}
[2021-06-23 08:34:55.072] [exthost] [error] {"message":"Git error","stdout":"","stderr":"fatal: Pathspec '/home/tarvinzachary/aim--code--school/aim--code--school' is in submodule 'aim--code--school'\n","exitCode":128,"gitErrorCode":"IsInSubmodule"}
[2021-06-23 08:34:55.072] [exthost] [error] {"message":"Git error","stdout":"","stderr":"fatal: Pathspec '/home/tarvinzachary/aim--code--school/aim--code--school' is in submodule 'aim--code--school'\n","exitCode":128,"gitErrorCode":"IsInSubmodule"}
[2021-06-23 08:34:55.072] [exthost] [error] {"message":"Git error","stdout":"","stderr":"fatal: Pathspec '/home/tarvinzachary/aim--code--school/aim--code--school' is in submodule 'aim--code--school'\n","exitCode":128,"gitErrorCode":"IsInSubmodule"}
[2021-06-23 08:34:55.072] [exthost] [error] {"message":"Git error","stdout":"","stderr":"fatal: Pathspec '/home/tarvinzachary/aim--code--school/aim--code--school' is in submodule 'aim--code--school'\n","exitCode":128,"gitErrorCode":"IsInSubmodule"}
[2021-06-23 08:34:55.072] [exthost] [error] {"message":"Git error","stdout":"","stderr":"fatal: Pathspec '/home/tarvinzachary/aim--code--school/aim--code--school' is in submodule 'aim--code--school'\n","exitCode":128,"gitErrorCode":"IsInSubmodule"}
[2021-06-23 08:34:55.072] [exthost] [error] {"message":"Git error","stdout":"","stderr":"fatal: Pathspec '/home/tarvinzachary/aim--code--school/aim--code--school' is in submodule 'aim--code--school'\n","exitCode":128,"gitErrorCode":"IsInSubmodule"}
[2021-06-23 08:34:55.072] [exthost] [error] {"message":"Git error","stdout":"","stderr":"fatal: Pathspec '/home/tarvinzachary/aim--code--school/aim--code--school' is in submodule 'aim--code--school'\n","exitCode":128,"gitErrorCode":"IsInSubmodule"}
[2021-06-23 08:34:55.072] [exthost] [error] {"message":"Git error","stdout":"","stderr":"fatal: Pathspec '/home/tarvinzachary/aim--code--school/aim--code--school' is in submodule 'aim--code--school'\n","exitCode":128,"gitErrorCode":"IsInSubmodule"}
[2021-06-23 08:34:55.073] [exthost] [error] {"message":"Git error","stdout":"","stderr":"fatal: Pathspec '/home/tarvinzachary/aim--code--school/aim--code--school' is in submodule 'aim--code--school'\n","exitCode":128,"gitErrorCode":"IsInSubmodule"}
[2021-06-23 08:34:55.073] [exthost] [error] {"message":"Git error","stdout":"","stderr":"fatal: Pathspec '/home/tarvinzachary/aim--code--school/aim--code--school' is in submodule 'aim--code--school'\n","exitCode":128,"gitErrorCode":"IsInSubmodule"}
[2021-06-23 08:34:55.073] [exthost] [error] {"message":"Git error","stdout":"","stderr":"fatal: Pathspec '/home/tarvinzachary/aim--code--school/aim--code--school' is in submodule 'aim--code--school'\n","exitCode":128,"gitErrorCode":"IsInSubmodule"}
[2021-06-23 08:34:55.073] [exthost] [error] {"message":"Git error","stdout":"","stderr":"fatal: Pathspec '/home/tarvinzachary/aim--code--school/aim--code--school' is in submodule 'aim--code--school'\n","exitCode":128,"gitErrorCode":"IsInSubmodule"}
[2021-06-23 08:34:55.080] [exthost] [error] {"message":"Git error","stdout":"","stderr":"fatal: Pathspec '/home/tarvinzachary/aim--code--school/aim--code--school' is in submodule 'aim--code--school'\n","exitCode":128,"gitErrorCode":"IsInSubmodule"}
[2021-06-23 08:34:55.080] [exthost] [error] {"message":"Git error","stdout":"","stderr":"fatal: Pathspec '/home/tarvinzachary/aim--code--school/aim--code--school' is in submodule 'aim--code--school'\n","exitCode":128,"gitErrorCode":"IsInSubmodule"}
[2021-06-23 08:34:55.080] [exthost] [error] {"message":"Git error","stdout":"","stderr":"fatal: Pathspec '/home/tarvinzachary/aim--code--school/aim--code--school' is in submodule 'aim--code--school'\n","exitCode":128,"gitErrorCode":"IsInSubmodule"}
[2021-06-23 08:34:55.080] [exthost] [error] {"message":"Git error","stdout":"","stderr":"fatal: Pathspec '/home/tarvinzachary/aim--code--school/aim--code--school' is in submodule 'aim--code--school'\n","exitCode":128,"gitErrorCode":"IsInSubmodule"}
[2021-06-23 08:34:55.081] [exthost] [error] {"message":"Git error","stdout":"","stderr":"fatal: Pathspec '/home/tarvinzachary/aim--code--school/aim--code--school' is in submodule 'aim--code--school'\n","exitCode":128,"gitErrorCode":"IsInSubmodule"}
[2021-06-23 08:34:55.081] [exthost] [error] {"message":"Git error","stdout":"","stderr":"fatal: Pathspec '/home/tarvinzachary/aim--code--school/aim--code--school' is in submodule 'aim--code--school'\n","exitCode":128,"gitErrorCode":"IsInSubmodule"}
[2021-06-23 08:34:55.081] [exthost] [error] {"message":"Git error","stdout":"","stderr":"fatal: Pathspec '/home/tarvinzachary/aim--code--school/aim--code--school' is in submodule 'aim--code--school'\n","exitCode":128,"gitErrorCode":"IsInSubmodule"}
[2021-06-23 08:34:55.081] [exthost] [error] {"message":"Git error","stdout":"","stderr":"fatal: Pathspec '/home/tarvinzachary/aim--code--school/aim--code--school' is in submodule 'aim--code--school'\n","exitCode":128,"gitErrorCode":"IsInSubmodule"}
[2021-06-23 08:34:55.081] [exthost] [error] {"message":"Git error","stdout":"","stderr":"fatal: Pathspec '/home/tarvinzachary/aim--code--school/aim--code--school' is in submodule 'aim--code--school'\n","exitCode":128,"gitErrorCode":"IsInSubmodule"}
[2021-06-23 08:34:55.081] [exthost] [error] {"message":"Git error","stdout":"","stderr":"fatal: Pathspec '/home/tarvinzachary/aim--code--school/aim--code--school' is in submodule 'aim--code--school'\n","exitCode":128,"gitErrorCode":"IsInSubmodule"}
[2021-06-23 08:34:55.083] [exthost] [error] {"message":"Git error","stdout":"","stderr":"fatal: Pathspec '/home/tarvinzachary/aim--code--school/aim--code--school' is in submodule 'aim--code--school'\n","exitCode":128,"gitErrorCode":"IsInSubmodule"}
[2021-06-23 08:34:55.084] [exthost] [error] {"message":"Git error","stdout":"","stderr":"fatal: Pathspec '/home/tarvinzachary/aim--code--school/aim--code--school' is in submodule 'aim--code--school'\n","exitCode":128,"gitErrorCode":"IsInSubmodule"}
[2021-06-23 08:34:55.084] [exthost] [error] {"message":"Git error","stdout":"","stderr":"fatal: Pathspec '/home/tarvinzachary/aim--code--school/aim--code--school' is in submodule 'aim--code--school'\n","exitCode":128,"gitErrorCode":"IsInSubmodule"}
[2021-06-23 08:34:55.084] [exthost] [error] {"message":"Git error","stdout":"","stderr":"fatal: Pathspec '/home/tarvinzachary/aim--code--school/aim--code--school' is in submodule 'aim--code--school'\n","exitCode":128,"gitErrorCode":"IsInSubmodule"}
[2021-06-23 08:34:55.084] [exthost] [error] {"message":"Git error","stdout":"","stderr":"fatal: Pathspec '/home/tarvinzachary/aim--code--school/aim--code--school' is in submodule 'aim--code--school'\n","exitCode":128,"gitErrorCode":"IsInSubmodule"}
[2021-06-23 08:34:55.084] [exthost] [error] {"message":"Git error","stdout":"","stderr":"fatal: Pathspec '/home/tarvinzachary/aim--code--school/aim--code--school' is in submodule 'aim--code--school'\n","exitCode":128,"gitErrorCode":"IsInSubmodule"}
[2021-06-23 08:34:55.084] [exthost] [error] {"message":"Git error","stdout":"","stderr":"fatal: Pathspec '/home/tarvinzachary/aim--code--school/aim--code--school' is in submodule 'aim--code--school'\n","exitCode":128,"gitErrorCode":"IsInSubmodule"}
[2021-06-23 08:34:55.084] [exthost] [error] {"message":"Git error","stdout":"","stderr":"fatal: Pathspec '/home/tarvinzachary/aim--code--school/aim--code--school' is in submodule 'aim--code--school'\n","exitCode":128,"gitErrorCode":"IsInSubmodule"}
[2021-06-23 08:34:55.084] [exthost] [error] {"message":"Git error","stdout":"","stderr":"fatal: Pathspec '/home/tarvinzachary/aim--code--school/aim--code--school' is in submodule 'aim--code--school'\n","exitCode":128,"gitErrorCode":"IsInSubmodule"}
[2021-06-23 08:34:55.084] [exthost] [error] {"message":"Git error","stdout":"","stderr":"fatal: Pathspec '/home/tarvinzachary/aim--code--school/aim--code--school' is in submodule 'aim--code--school'\n","exitCode":128,"gitErrorCode":"IsInSubmodule"}
[2021-06-23 08:34:55.084] [exthost] [error] {"message":"Git error","stdout":"","stderr":"fatal: Pathspec '/home/tarvinzachary/aim--code--school/aim--code--school' is in submodule 'aim--code--school'\n","exitCode":128,"gitErrorCode":"IsInSubmodule"}
[2021-06-23 08:34:55.084] [exthost] [error] {"message":"Git error","stdout":"","stderr":"fatal: Pathspec '/home/tarvinzachary/aim--code--school/aim--code--school' is in submodule 'aim--code--school'\n","exitCode":128,"gitErrorCode":"IsInSubmodule"}
[2021-06-23 08:34:55.085] [exthost] [error] {"message":"Git error","stdout":"","stderr":"fatal: Pathspec '/home/tarvinzachary/aim--code--school/aim--code--school' is in submodule 'aim--code--school'\n","exitCode":128,"gitErrorCode":"IsInSubmodule"}
[2021-06-23 08:34:55.085] [exthost] [error] {"message":"Git error","stdout":"","stderr":"fatal: Pathspec '/home/tarvinzachary/aim--code--school/aim--code--school' is in submodule 'aim--code--school'\n","exitCode":128,"gitErrorCode":"IsInSubmodule"}
[2021-06-23 08:34:55.085] [exthost] [error] {"message":"Git error","stdout":"","stderr":"fatal: Pathspec '/home/tarvinzachary/aim--code--school/aim--code--school' is in submodule 'aim--code--school'\n","exitCode":128,"gitErrorCode":"IsInSubmodule"}
[2021-06-23 08:34:55.085] [exthost] [error] {"message":"Git error","stdout":"","stderr":"fatal: Pathspec '/home/tarvinzachary/aim--code--school/aim--code--school' is in submodule 'aim--code--school'\n","exitCode":128,"gitErrorCode":"IsInSubmodule"}
[2021-06-23 08:34:55.085] [exthost] [error] {"message":"Git error","stdout":"","stderr":"fatal: Pathspec '/home/tarvinzachary/aim--code--school/aim--code--school' is in submodule 'aim--code--school'\n","exitCode":128,"gitErrorCode":"IsInSubmodule"}
[2021-06-23 08:34:55.085] [exthost] [error] {"message":"Git error","stdout":"","stderr":"fatal: Pathspec '/home/tarvinzachary/aim--code--school/aim--code--school' is in submodule 'aim--code--school'\n","exitCode":128,"gitErrorCode":"IsInSubmodule"}
[2021-06-23 08:34:55.088] [exthost] [error] {"message":"Git error","stdout":"","stderr":"fatal: Pathspec '/home/tarvinzachary/aim--code--school/aim--code--school' is in submodule 'aim--code--school'\n","exitCode":128,"gitErrorCode":"IsInSubmodule"}
[2021-06-23 08:34:55.088] [exthost] [error] {"message":"Git error","stdout":"","stderr":"fatal: Pathspec '/home/tarvinzachary/aim--code--school/aim--code--school' is in submodule 'aim--code--school'\n","exitCode":128,"gitErrorCode":"IsInSubmodule"}
[2021-06-23 08:34:55.088] [exthost] [error] {"message":"Git error","stdout":"","stderr":"fatal: Pathspec '/home/tarvinzachary/aim--code--school/aim--code--school' is in submodule 'aim--code--school'\n","exitCode":128,"gitErrorCode":"IsInSubmodule"}
[2021-06-23 08:34:55.088] [exthost] [error] {"message":"Git error","stdout":"","stderr":"fatal: Pathspec '/home/tarvinzachary/aim--code--school/aim--code--school' is in submodule 'aim--code--school'\n","exitCode":128,"gitErrorCode":"IsInSubmodule"}
[2021-06-23 08:34:55.088] [exthost] [error] {"message":"Git error","stdout":"","stderr":"fatal: Pathspec '/home/tarvinzachary/aim--code--school/aim--code--school' is in submodule 'aim--code--school'\n","exitCode":128,"gitErrorCode":"IsInSubmodule"}
[2021-06-23 08:34:55.088] [exthost] [error] {"message":"Git error","stdout":"","stderr":"fatal: Pathspec '/home/tarvinzachary/aim--code--school/aim--code--school' is in submodule 'aim--code--school'\n","exitCode":128,"gitErrorCode":"IsInSubmodule"}
[2021-06-23 08:34:55.088] [exthost] [error] {"message":"Git error","stdout":"","stderr":"fatal: Pathspec '/home/tarvinzachary/aim--code--school/aim--code--school' is in submodule 'aim--code--school'\n","exitCode":128,"gitErrorCode":"IsInSubmodule"}
[2021-06-23 08:34:55.088] [exthost] [error] {"message":"Git error","stdout":"","stderr":"fatal: Pathspec '/home/tarvinzachary/aim--code--school/aim--code--school' is in submodule 'aim--code--school'\n","exitCode":128,"gitErrorCode":"IsInSubmodule"}
[2021-06-23 08:34:55.088] [exthost] [error] {"message":"Git error","stdout":"","stderr":"fatal: Pathspec '/home/tarvinzachary/aim--code--school/aim--code--school' is in submodule 'aim--code--school'\n","exitCode":128,"gitErrorCode":"IsInSubmodule"}
[2021-06-23 08:34:55.088] [exthost] [error] {"message":"Git error","stdout":"","stderr":"fatal: Pathspec '/home/tarvinzachary/aim--code--school/aim--code--school' is in submodule 'aim--code--school'\n","exitCode":128,"gitErrorCode":"IsInSubmodule"}
[2021-06-23 08:34:55.088] [exthost] [error] {"message":"Git error","stdout":"","stderr":"fatal: Pathspec '/home/tarvinzachary/aim--code--school/aim--code--school' is in submodule 'aim--code--school'\n","exitCode":128,"gitErrorCode":"IsInSubmodule"}
[2021-06-23 08:34:55.089] [exthost] [error] {"message":"Git error","stdout":"","stderr":"fatal: Pathspec '/home/tarvinzachary/aim--code--school/aim--code--school' is in submodule 'aim--code--school'\n","exitCode":128,"gitErrorCode":"IsInSubmodule"}
[2021-06-23 08:34:55.089] [exthost] [error] {"message":"Git error","stdout":"","stderr":"fatal: Pathspec '/home/tarvinzachary/aim--code--school/aim--code--school' is in submodule 'aim--code--school'\n","exitCode":128,"gitErrorCode":"IsInSubmodule"}
[2021-06-23 08:34:55.089] [exthost] [error] {"message":"Git error","stdout":"","stderr":"fatal: Pathspec '/home/tarvinzachary/aim--code--school/aim--code--school' is in submodule 'aim--code--school'\n","exitCode":128,"gitErrorCode":"IsInSubmodule"}
[2021-06-23 08:34:55.089] [exthost] [error] {"message":"Git error","stdout":"","stderr":"fatal: Pathspec '/home/tarvinzachary/aim--code--school/aim--code--school' is in submodule 'aim--code--school'\n","exitCode":128,"gitErrorCode":"IsInSubmodule"}
[2021-06-23 08:34:55.089] [exthost] [error] {"message":"Git error","stdout":"","stderr":"fatal: Pathspec '/home/tarvinzachary/aim--code--school/aim--code--school' is in submodule 'aim--code--school'\n","exitCode":128,"gitErrorCode":"IsInSubmodule"}
[2021-06-23 08:34:55.089] [exthost] [error] {"message":"Git error","stdout":"","stderr":"fatal: Pathspec '/home/tarvinzachary/aim--code--school/aim--code--school' is in submodule 'aim--code--school'\n","exitCode":128,"gitErrorCode":"IsInSubmodule"}
[2021-06-23 08:34:55.095] [exthost] [error] {"message":"Git error","stdout":"","stderr":"fatal: Pathspec '/home/tarvinzachary/aim--code--school/aim--code--school' is in submodule 'aim--code--school'\n","exitCode":128,"gitErrorCode":"IsInSubmodule"}
[2021-06-23 08:34:55.095] [exthost] [error] {"message":"Git error","stdout":"","stderr":"fatal: Pathspec '/home/tarvinzachary/aim--code--school/aim--code--school' is in submodule 'aim--code--school'\n","exitCode":128,"gitErrorCode":"IsInSubmodule"}
[2021-06-23 08:34:55.095] [exthost] [error] {"message":"Git error","stdout":"","stderr":"fatal: Pathspec '/home/tarvinzachary/aim--code--school/aim--code--school' is in submodule 'aim--code--school'\n","exitCode":128,"gitErrorCode":"IsInSubmodule"}
[2021-06-23 08:34:55.095] [exthost] [error] {"message":"Git error","stdout":"","stderr":"fatal: Pathspec '/home/tarvinzachary/aim--code--school/aim--code--school' is in submodule 'aim--code--school'\n","exitCode":128,"gitErrorCode":"IsInSubmodule"}
[2021-06-23 08:34:55.095] [exthost] [error] {"message":"Git error","stdout":"","stderr":"fatal: Pathspec '/home/tarvinzachary/aim--code--school/aim--code--school' is in submodule 'aim--code--school'\n","exitCode":128,"gitErrorCode":"IsInSubmodule"}
[2021-06-23 08:34:55.095] [exthost] [error] {"message":"Git error","stdout":"","stderr":"fatal: Pathspec '/home/tarvinzachary/aim--code--school/aim--code--school' is in submodule 'aim--code--school'\n","exitCode":128,"gitErrorCode":"IsInSubmodule"}
[2021-06-23 08:34:55.095] [exthost] [error] {"message":"Git error","stdout":"","stderr":"fatal: Pathspec '/home/tarvinzachary/aim--code--school/aim--code--school' is in submodule 'aim--code--school'\n","exitCode":128,"gitErrorCode":"IsInSubmodule"}
[2021-06-23 08:34:55.096] [exthost] [error] {"message":"Git error","stdout":"","stderr":"fatal: Pathspec '/home/tarvinzachary/aim--code--school/aim--code--school' is in submodule 'aim--code--school'\n","exitCode":128,"gitErrorCode":"IsInSubmodule"}
[2021-06-23 08:34:55.096] [exthost] [error] {"message":"Git error","stdout":"","stderr":"fatal: Pathspec '/home/tarvinzachary/aim--code--school/aim--code--school' is in submodule 'aim--code--school'\n","exitCode":128,"gitErrorCode":"IsInSubmodule"}
[2021-06-23 08:34:55.096] [exthost] [error] {"message":"Git error","stdout":"","stderr":"fatal: Pathspec '/home/tarvinzachary/aim--code--school/aim--code--school' is in submodule 'aim--code--school'\n","exitCode":128,"gitErrorCode":"IsInSubmodule"}
[2021-06-23 08:34:55.096] [exthost] [error] {"message":"Git error","stdout":"","stderr":"fatal: Pathspec '/home/tarvinzachary/aim--code--school/aim--code--school' is in submodule 'aim--code--school'\n","exitCode":128,"gitErrorCode":"IsInSubmodule"}
[2021-06-23 08:34:55.096] [exthost] [error] {"message":"Git error","stdout":"","stderr":"fatal: Pathspec '/home/tarvinzachary/aim--code--school/aim--code--school' is in submodule 'aim--code--school'\n","exitCode":128,"gitErrorCode":"IsInSubmodule"}
[2021-06-23 08:34:55.096] [exthost] [error] {"message":"Git error","stdout":"","stderr":"fatal: Pathspec '/home/tarvinzachary/aim--code--school/aim--code--school' is in submodule 'aim--code--school'\n","exitCode":128,"gitErrorCode":"IsInSubmodule"}
[2021-06-23 08:34:55.096] [exthost] [error] {"message":"Git error","stdout":"","stderr":"fatal: Pathspec '/home/tarvinzachary/aim--code--school/aim--code--school' is in submodule 'aim--code--school'\n","exitCode":128,"gitErrorCode":"IsInSubmodule"}
[2021-06-23 08:34:55.096] [exthost] [error] {"message":"Git error","stdout":"","stderr":"fatal: Pathspec '/home/tarvinzachary/aim--code--school/aim--code--school' is in submodule 'aim--code--school'\n","exitCode":128,"gitErrorCode":"IsInSubmodule"}
[2021-06-23 08:34:55.096] [exthost] [error] {"message":"Git error","stdout":"","stderr":"fatal: Pathspec '/home/tarvinzachary/aim--code--school/aim--code--school' is in submodule 'aim--code--school'\n","exitCode":128,"gitErrorCode":"IsInSubmodule"}
[2021-06-23 08:34:55.096] [exthost] [error] {"message":"Git error","stdout":"","stderr":"fatal: Pathspec '/home/tarvinzachary/aim--code--school/aim--code--school' is in submodule 'aim--code--school'\n","exitCode":128,"gitErrorCode":"IsInSubmodule"}
[2021-06-23 08:34:55.096] [exthost] [error] {"message":"Git error","stdout":"","stderr":"fatal: Pathspec '/home/tarvinzachary/aim--code--school/aim--code--school' is in submodule 'aim--code--school'\n","exitCode":128,"gitErrorCode":"IsInSubmodule"}
[2021-06-23 08:34:55.096] [exthost] [error] {"message":"Git error","stdout":"","stderr":"fatal: Pathspec '/home/tarvinzachary/aim--code--school/aim--code--school' is in submodule 'aim--code--school'\n","exitCode":128,"gitErrorCode":"IsInSubmodule"}
[2021-06-23 08:34:55.096] [exthost] [error] {"message":"Git error","stdout":"","stderr":"fatal: Pathspec '/home/tarvinzachary/aim--code--school/aim--code--school' is in submodule 'aim--code--school'\n","exitCode":128,"gitErrorCode":"IsInSubmodule"}
[2021-06-23 08:34:55.096] [exthost] [error] {"message":"Git error","stdout":"","stderr":"fatal: Pathspec '/home/tarvinzachary/aim--code--school/aim--code--school' is in submodule 'aim--code--school'\n","exitCode":128,"gitErrorCode":"IsInSubmodule"}
[2021-06-23 08:34:55.096] [exthost] [error] {"message":"Git error","stdout":"","stderr":"fatal: Pathspec '/home/tarvinzachary/aim--code--school/aim--code--school' is in submodule 'aim--code--school'\n","exitCode":128,"gitErrorCode":"IsInSubmodule"}
[2021-06-23 08:34:55.096] [exthost] [error] {"message":"Git error","stdout":"","stderr":"fatal: Pathspec '/home/tarvinzachary/aim--code--school/aim--code--school' is in submodule 'aim--code--school'\n","exitCode":128,"gitErrorCode":"IsInSubmodule"}
[2021-06-23 08:34:55.096] [exthost] [error] {"message":"Git error","stdout":"","stderr":"fatal: Pathspec '/home/tarvinzachary/aim--code--school/aim--code--school' is in submodule 'aim--code--school'\n","exitCode":128,"gitErrorCode":"IsInSubmodule"}
[2021-06-23 08:34:55.096] [exthost] [error] {"message":"Git error","stdout":"","stderr":"fatal: Pathspec '/home/tarvinzachary/aim--code--school/aim--code--school' is in submodule 'aim--code--school'\n","exitCode":128,"gitErrorCode":"IsInSubmodule"}
[2021-06-23 08:34:55.096] [exthost] [error] {"message":"Git error","stdout":"","stderr":"fatal: Pathspec '/home/tarvinzachary/aim--code--school/aim--code--school' is in submodule 'aim--code--school'\n","exitCode":128,"gitErrorCode":"IsInSubmodule"}
[2021-06-23 08:34:55.096] [exthost] [error] {"message":"Git error","stdout":"","stderr":"fatal: Pathspec '/home/tarvinzachary/aim--code--school/aim--code--school' is in submodule 'aim--code--school'\n","exitCode":128,"gitErrorCode":"IsInSubmodule"}
[2021-06-23 08:34:55.097] [exthost] [error] {"message":"Git error","stdout":"","stderr":"fatal: Pathspec '/home/tarvinzachary/aim--code--school/aim--code--school' is in submodule 'aim--code--school'\n","exitCode":128,"gitErrorCode":"IsInSubmodule"}
[2021-06-23 08:34:55.097] [exthost] [error] {"message":"Git error","stdout":"","stderr":"fatal: Pathspec '/home/tarvinzachary/aim--code--school/aim--code--school' is in submodule 'aim--code--school'\n","exitCode":128,"gitErrorCode":"IsInSubmodule"}
[2021-06-23 08:34:55.097] [exthost] [error] {"message":"Git error","stdout":"","stderr":"fatal: Pathspec '/home/tarvinzachary/aim--code--school/aim--code--school' is in submodule 'aim--code--school'\n","exitCode":128,"gitErrorCode":"IsInSubmodule"}
[2021-06-23 08:34:55.097] [exthost] [error] {"message":"Git error","stdout":"","stderr":"fatal: Pathspec '/home/tarvinzachary/aim--code--school/aim--code--school' is in submodule 'aim--code--school'\n","exitCode":128,"gitErrorCode":"IsInSubmodule"}
[2021-06-23 08:34:55.097] [exthost] [error] {"message":"Git error","stdout":"","stderr":"fatal: Pathspec '/home/tarvinzachary/aim--code--school/aim--code--school' is in submodule 'aim--code--school'\n","exitCode":128,"gitErrorCode":"IsInSubmodule"}
[2021-06-23 08:34:55.101] [exthost] [error] {"message":"Git error","stdout":"","stderr":"fatal: Pathspec '/home/tarvinzachary/aim--code--school/aim--code--school' is in submodule 'aim--code--school'\n","exitCode":128,"gitErrorCode":"IsInSubmodule"}
[2021-06-23 08:34:55.101] [exthost] [error] {"message":"Git error","stdout":"","stderr":"fatal: Pathspec '/home/tarvinzachary/aim--code--school/aim--code--school' is in submodule 'aim--code--school'\n","exitCode":128,"gitErrorCode":"IsInSubmodule"}
[2021-06-23 08:34:57.432] [exthost] [info] ExtensionService#_doActivateExtension vscode.emmet {"startup":false,"extensionId":{"value":"vscode.emmet","_lower":"vscode.emmet"},"activationEvent":"onStartupFinished"}
[2021-06-23 08:34:57.432] [exthost] [info] ExtensionService#loadCommonJSModule file:///usr/share/code/resources/app/extensions/emmet/dist/node/emmetNodeMain
[2021-06-23 08:34:57.713] [exthost] [info] ExtensionService#_doActivateExtension vscode.merge-conflict {"startup":false,"extensionId":{"value":"vscode.merge-conflict","_lower":"vscode.merge-conflict"},"activationEvent":"onStartupFinished"}
[2021-06-23 08:34:57.714] [exthost] [info] ExtensionService#loadCommonJSModule file:///usr/share/code/resources/app/extensions/merge-conflict/dist/mergeConflictMain
[2021-06-23 08:34:57.845] [exthost] [info] ExtensionService#_doActivateExtension vscode.testing-editor-contributions {"startup":false,"extensionId":{"value":"vscode.testing-editor-contributions","_lower":"vscode.testing-editor-contributions"},"activationEvent":"onStartupFinished"}
[2021-06-23 08:34:57.846] [exthost] [info] ExtensionService#loadCommonJSModule file:///usr/share/code/resources/app/extensions/testing-editor-contributions/dist/extension.js
[2021-06-23 08:34:57.920] [exthost] [info] ExtensionService#_doActivateExtension esbenp.prettier-vscode {"startup":false,"extensionId":{"value":"esbenp.prettier-vscode","_lower":"esbenp.prettier-vscode"},"activationEvent":"onStartupFinished"}
[2021-06-23 08:34:57.920] [exthost] [info] ExtensionService#loadCommonJSModule file:///home/tarvinzachary/.vscode/extensions/esbenp.prettier-vscode-7.1.1/dist/extension
[2021-06-23 08:35:01.422] [exthost] [info] eager extensions activated
[2021-06-23 08:35:02.421] [exthost] [info] ExtensionService#_doActivateExtension ms-vscode.js-debug {"startup":false,"extensionId":{"value":"ms-vscode.js-debug","_lower":"ms-vscode.js-debug"},"activationEvent":"onCommand:extension.js-debug.clearAutoAttachVariables"}
[2021-06-23 08:35:02.430] [exthost] [info] ExtensionService#loadCommonJSModule file:///usr/share/code/resources/app/extensions/ms-vscode.js-debug/src/extension.js
[2021-06-23 08:35:10.141] [exthost] [warning] [Decorations] CAPPING events from decorations provider vscode.git 253
[2021-06-23 08:35:15.459] [exthost] [info] ExtensionService#_doActivateExtension vscode.github-authentication {"startup":false,"extensionId":{"value":"vscode.github-authentication","_lower":"vscode.github-authentication"},"activationEvent":"onAuthenticationRequest:github"}
[2021-06-23 08:35:15.459] [exthost] [info] ExtensionService#loadCommonJSModule file:///usr/share/code/resources/app/extensions/github-authentication/dist/extension.js
[2021-06-23 08:35:34.256] [exthost] [error] [vscode.typescript-language-features] provider FAILED
[2021-06-23 08:35:34.256] [exthost] [error] Error: DisposableStore is missing...
	at F._convertCompletionItem (/usr/share/code/resources/app/out/vs/workbench/services/extensions/node/extensionHostProcess.js:84:172380)
	at F.resolveCompletionItem (/usr/share/code/resources/app/out/vs/workbench/services/extensions/node/extensionHostProcess.js:84:172118)
	at processTicksAndRejections (internal/process/task_queues.js:93:5)
[2021-06-23 08:35:46.543] [exthost] [warning] [Decorations] CAPPING events from decorations provider vscode.git 341
[2021-06-23 08:35:51.910] [exthost] [warning] [Decorations] CAPPING events from decorations provider vscode.git 312
[2021-06-23 08:35:57.301] [exthost] [warning] [Decorations] CAPPING events from decorations provider vscode.git 312
[2021-06-23 08:36:02.665] [exthost] [warning] [Decorations] CAPPING events from decorations provider vscode.git 312
[2021-06-23 08:36:08.102] [exthost] [warning] [Decorations] CAPPING events from decorations provider vscode.git 312
[2021-06-23 08:36:13.556] [exthost] [warning] [Decorations] CAPPING events from decorations provider vscode.git 312
[2021-06-23 08:36:18.889] [exthost] [warning] [Decorations] CAPPING events from decorations provider vscode.git 312
[2021-06-23 08:36:48.500] [exthost] [warning] [Decorations] CAPPING events from decorations provider vscode.git 312
[2021-06-23 08:36:54.847] [exthost] [warning] [Decorations] CAPPING events from decorations provider vscode.git 312
[2021-06-23 08:37:00.395] [exthost] [warning] [Decorations] CAPPING events from decorations provider vscode.git 312
[2021-06-23 08:39:37.599] [exthost] [warning] [Decorations] CAPPING events from decorations provider vscode.git 312
[2021-06-23 08:39:43.092] [exthost] [warning] [Decorations] CAPPING events from decorations provider vscode.git 312
[2021-06-23 08:39:48.469] [exthost] [warning] [Decorations] CAPPING events from decorations provider vscode.git 312
[2021-06-23 08:39:54.956] [exthost] [warning] [Decorations] CAPPING events from decorations provider vscode.git 312
[2021-06-23 08:40:09.259] [exthost] [warning] [Decorations] CAPPING events from decorations provider vscode.git 312
[2021-06-23 08:40:15.651] [exthost] [warning] [Decorations] CAPPING events from decorations provider vscode.git 312
[2021-06-23 08:40:22.186] [exthost] [warning] [Decorations] CAPPING events from decorations provider vscode.git 312
[2021-06-23 08:40:27.642] [exthost] [warning] [Decorations] CAPPING events from decorations provider vscode.git 312
[2021-06-23 08:40:33.886] [exthost] [warning] [Decorations] CAPPING events from decorations provider vscode.git 312
[2021-06-23 08:40:39.894] [exthost] [warning] [Decorations] CAPPING events from decorations provider vscode.git 312
[2021-06-23 08:40:51.884] [exthost] [warning] [Decorations] CAPPING events from decorations provider vscode.git 312
[2021-06-23 08:40:58.103] [exthost] [warning] [Decorations] CAPPING events from decorations provider vscode.git 312
[2021-06-23 08:41:03.512] [exthost] [warning] [Decorations] CAPPING events from decorations provider vscode.git 312
[2021-06-23 08:41:08.887] [exthost] [warning] [Decorations] CAPPING events from decorations provider vscode.git 312
[2021-06-23 08:41:48.088] [exthost] [warning] [Decorations] CAPPING events from decorations provider vscode.git 312
[2021-06-23 08:41:54.374] [exthost] [warning] [Decorations] CAPPING events from decorations provider vscode.git 312
[2021-06-23 08:41:59.727] [exthost] [warning] [Decorations] CAPPING events from decorations provider vscode.git 312
[2021-06-23 08:42:05.101] [exthost] [warning] [Decorations] CAPPING events from decorations provider vscode.git 312
[2021-06-23 08:42:10.561] [exthost] [warning] [Decorations] CAPPING events from decorations provider vscode.git 312
[2021-06-23 08:43:09.195] [exthost] [warning] [Decorations] CAPPING events from decorations provider vscode.git 312
[2021-06-23 08:43:14.679] [exthost] [warning] [Decorations] CAPPING events from decorations provider vscode.git 312
[2021-06-23 08:43:20.855] [exthost] [warning] [Decorations] CAPPING events from decorations provider vscode.git 312
[2021-06-23 08:44:10.661] [exthost] [warning] [Decorations] CAPPING events from decorations provider vscode.git 312
[2021-06-23 08:44:16.301] [exthost] [warning] [Decorations] CAPPING events from decorations provider vscode.git 312
[2021-06-23 08:44:19.738] [exthost] [info] ExtensionService#_doActivateExtension vscode.extension-editing {"startup":false,"extensionId":{"value":"vscode.extension-editing","_lower":"vscode.extension-editing"},"activationEvent":"onLanguage:typescript"}
[2021-06-23 08:44:19.739] [exthost] [info] ExtensionService#loadCommonJSModule file:///usr/share/code/resources/app/extensions/extension-editing/dist/extensionEditingMain
[2021-06-23 08:44:21.683] [exthost] [warning] [Decorations] CAPPING events from decorations provider vscode.git 312
[2021-06-23 08:44:27.225] [exthost] [warning] [Decorations] CAPPING events from decorations provider vscode.git 312
[2021-06-23 08:44:32.703] [exthost] [warning] [Decorations] CAPPING events from decorations provider vscode.git 313
[2021-06-23 08:44:38.101] [exthost] [warning] [Decorations] CAPPING events from decorations provider vscode.git 313
[2021-06-23 08:44:43.454] [exthost] [warning] [Decorations] CAPPING events from decorations provider vscode.git 313
[2021-06-23 08:44:49.408] [exthost] [warning] [Decorations] CAPPING events from decorations provider vscode.git 314
[2021-06-23 08:45:56.853] [exthost] [warning] [Decorations] CAPPING events from decorations provider vscode.git 315
[2021-06-23 08:46:50.087] [exthost] [warning] [Decorations] CAPPING events from decorations provider vscode.git 315
[2021-06-23 08:46:56.366] [exthost] [warning] [Decorations] CAPPING events from decorations provider vscode.git 315
[2021-06-23 08:47:01.642] [exthost] [warning] [Decorations] CAPPING events from decorations provider vscode.git 315
[2021-06-23 08:47:07.137] [exthost] [warning] [Decorations] CAPPING events from decorations provider vscode.git 315
[2021-06-23 08:47:12.491] [exthost] [warning] [Decorations] CAPPING events from decorations provider vscode.git 315
[2021-06-23 08:47:18.120] [exthost] [warning] [Decorations] CAPPING events from decorations provider vscode.git 315
[2021-06-23 08:47:23.429] [exthost] [warning] [Decorations] CAPPING events from decorations provider vscode.git 315
[2021-06-23 08:47:28.796] [exthost] [warning] [Decorations] CAPPING events from decorations provider vscode.git 315
[2021-06-23 08:47:34.183] [exthost] [warning] [Decorations] CAPPING events from decorations provider vscode.git 315
[2021-06-23 08:47:39.526] [exthost] [warning] [Decorations] CAPPING events from decorations provider vscode.git 315
[2021-06-23 08:47:44.889] [exthost] [warning] [Decorations] CAPPING events from decorations provider vscode.git 315
[2021-06-23 08:47:50.235] [exthost] [warning] [Decorations] CAPPING events from decorations provider vscode.git 315
[2021-06-23 08:47:55.643] [exthost] [warning] [Decorations] CAPPING events from decorations provider vscode.git 315
[2021-06-23 08:48:01.079] [exthost] [warning] [Decorations] CAPPING events from decorations provider vscode.git 315
[2021-06-23 08:48:06.521] [exthost] [warning] [Decorations] CAPPING events from decorations provider vscode.git 315
[2021-06-23 08:48:43.470] [exthost] [warning] [Decorations] CAPPING events from decorations provider vscode.git 315
[2021-06-23 08:48:50.193] [exthost] [warning] [Decorations] CAPPING events from decorations provider vscode.git 315
[2021-06-23 08:48:55.704] [exthost] [warning] [Decorations] CAPPING events from decorations provider vscode.git 315
[2021-06-23 08:49:01.224] [exthost] [warning] [Decorations] CAPPING events from decorations provider vscode.git 315
[2021-06-23 08:49:08.945] [exthost] [warning] [Decorations] CAPPING events from decorations provider vscode.git 315
[2021-06-23 08:49:10.668] [exthost] [warning] [Decorations] CAPPING events from decorations provider vscode.git 315
[2021-06-23 08:49:12.604] [exthost] [warning] [Decorations] CAPPING events from decorations provider vscode.git 314
[2021-06-23 08:49:16.684] [exthost] [warning] [Decorations] CAPPING events from decorations provider vscode.git 313
[2021-06-23 08:49:22.219] [exthost] [warning] [Decorations] CAPPING events from decorations provider vscode.git 313
[2021-06-23 08:49:27.685] [exthost] [warning] [Decorations] CAPPING events from decorations provider vscode.git 313
[2021-06-23 08:49:33.442] [exthost] [warning] [Decorations] CAPPING events from decorations provider vscode.git 313
[2021-06-23 08:49:44.685] [exthost] [warning] [Decorations] CAPPING events from decorations provider vscode.git 313
[2021-06-23 08:49:56.834] [exthost] [warning] [Decorations] CAPPING events from decorations provider vscode.git 313
[2021-06-23 08:50:02.769] [exthost] [warning] [Decorations] CAPPING events from decorations provider vscode.git 313
[2021-06-23 08:50:31.178] [exthost] [warning] [Decorations] CAPPING events from decorations provider vscode.git 313
[2021-06-23 08:50:38.830] [exthost] [warning] [Decorations] CAPPING events from decorations provider vscode.git 313
[2021-06-23 08:50:44.277] [exthost] [warning] [Decorations] CAPPING events from decorations provider vscode.git 313
