["INFO" - 9:37:14 AM] Extension Name: esbenp.prettier-vscode.
["INFO" - 9:37:14 AM] Extension Version: 6.4.0.
["INFO" - 10:09:34 AM] Formatting /home/tarvinzachary/complete-javascript-course-master/03-Developer-Skills/starter/script.js
["INFO" - 10:09:35 AM] Using ignore file (if present) at /home/tarvinzachary/.prettierignore
["INFO" - 10:09:35 AM] File Info:
{
  "ignored": false,
  "inferredParser": "babel"
}
["INFO" - 10:09:35 AM] No local configuration (i.e. .prettierrc or .editorconfig) detected, falling back to VS Code configuration
["INFO" - 10:09:35 AM] Prettier Options:
{
  "arrowParens": "always",
  "bracketSpacing": true,
  "endOfLine": "lf",
  "htmlWhitespaceSensitivity": "css",
  "insertPragma": false,
  "jsxBracketSameLine": false,
  "jsxSingleQuote": false,
  "printWidth": 80,
  "proseWrap": "preserve",
  "quoteProps": "as-needed",
  "requirePragma": false,
  "semi": true,
  "singleQuote": false,
  "tabWidth": 2,
  "trailingComma": "es5",
  "useTabs": false,
  "vueIndentScriptAndStyle": false,
  "filepath": "/home/tarvinzachary/complete-javascript-course-master/03-Developer-Skills/starter/script.js",
  "parser": "babel"
}
["INFO" - 10:09:35 AM] Formatting completed in 315.628845ms.
["INFO" - 10:09:35 AM] Formatting /home/tarvinzachary/complete-javascript-course-master/03-Developer-Skills/starter/script.js
["INFO" - 10:09:35 AM] Using ignore file (if present) at /home/tarvinzachary/.prettierignore
["INFO" - 10:09:35 AM] File Info:
{
  "ignored": false,
  "inferredParser": "babel"
}
["INFO" - 10:09:35 AM] No local configuration (i.e. .prettierrc or .editorconfig) detected, falling back to VS Code configuration
["INFO" - 10:09:35 AM] Prettier Options:
{
  "arrowParens": "always",
  "bracketSpacing": true,
  "endOfLine": "lf",
  "htmlWhitespaceSensitivity": "css",
  "insertPragma": false,
  "jsxBracketSameLine": false,
  "jsxSingleQuote": false,
  "printWidth": 80,
  "proseWrap": "preserve",
  "quoteProps": "as-needed",
  "requirePragma": false,
  "semi": true,
  "singleQuote": false,
  "tabWidth": 2,
  "trailingComma": "es5",
  "useTabs": false,
  "vueIndentScriptAndStyle": false,
  "filepath": "/home/tarvinzachary/complete-javascript-course-master/03-Developer-Skills/starter/script.js",
  "parser": "babel"
}
["INFO" - 10:09:35 AM] Formatting completed in 129.248951ms.
["INFO" - 10:10:39 AM] Formatting /home/tarvinzachary/complete-javascript-course-master/03-Developer-Skills/starter/script.js
["INFO" - 10:10:39 AM] Using ignore file (if present) at /home/tarvinzachary/.prettierignore
["INFO" - 10:10:39 AM] File Info:
{
  "ignored": false,
  "inferredParser": "babel"
}
["INFO" - 10:10:39 AM] No local configuration (i.e. .prettierrc or .editorconfig) detected, falling back to VS Code configuration
["INFO" - 10:10:39 AM] Prettier Options:
{
  "arrowParens": "always",
  "bracketSpacing": true,
  "endOfLine": "lf",
  "htmlWhitespaceSensitivity": "css",
  "insertPragma": false,
  "jsxBracketSameLine": false,
  "jsxSingleQuote": false,
  "printWidth": 80,
  "proseWrap": "preserve",
  "quoteProps": "as-needed",
  "requirePragma": false,
  "semi": true,
  "singleQuote": false,
  "tabWidth": 2,
  "trailingComma": "es5",
  "useTabs": false,
  "vueIndentScriptAndStyle": false,
  "filepath": "/home/tarvinzachary/complete-javascript-course-master/03-Developer-Skills/starter/script.js",
  "parser": "babel"
}
["INFO" - 10:10:39 AM] Formatting completed in 169.293713ms.
["INFO" - 10:11:04 AM] Formatting /home/tarvinzachary/complete-javascript-course-master/03-Developer-Skills/starter/script.js
["INFO" - 10:11:04 AM] Using ignore file (if present) at /home/tarvinzachary/.prettierignore
["INFO" - 10:11:04 AM] File Info:
{
  "ignored": false,
  "inferredParser": "babel"
}
["INFO" - 10:11:04 AM] No local configuration (i.e. .prettierrc or .editorconfig) detected, falling back to VS Code configuration
["INFO" - 10:11:04 AM] Prettier Options:
{
  "arrowParens": "always",
  "bracketSpacing": true,
  "endOfLine": "lf",
  "htmlWhitespaceSensitivity": "css",
  "insertPragma": false,
  "jsxBracketSameLine": false,
  "jsxSingleQuote": false,
  "printWidth": 80,
  "proseWrap": "preserve",
  "quoteProps": "as-needed",
  "requirePragma": false,
  "semi": true,
  "singleQuote": false,
  "tabWidth": 2,
  "trailingComma": "es5",
  "useTabs": false,
  "vueIndentScriptAndStyle": false,
  "filepath": "/home/tarvinzachary/complete-javascript-course-master/03-Developer-Skills/starter/script.js",
  "parser": "babel"
}
["INFO" - 10:11:04 AM] Formatting completed in 216.451244ms.
["INFO" - 10:11:45 AM] Formatting /home/tarvinzachary/complete-javascript-course-master/03-Developer-Skills/starter/script.js
["INFO" - 10:11:45 AM] Using ignore file (if present) at /home/tarvinzachary/.prettierignore
["INFO" - 10:11:45 AM] File Info:
{
  "ignored": false,
  "inferredParser": "babel"
}
["INFO" - 10:11:45 AM] No local configuration (i.e. .prettierrc or .editorconfig) detected, falling back to VS Code configuration
["INFO" - 10:11:45 AM] Prettier Options:
{
  "arrowParens": "always",
  "bracketSpacing": true,
  "endOfLine": "lf",
  "htmlWhitespaceSensitivity": "css",
  "insertPragma": false,
  "jsxBracketSameLine": false,
  "jsxSingleQuote": false,
  "printWidth": 80,
  "proseWrap": "preserve",
  "quoteProps": "as-needed",
  "requirePragma": false,
  "semi": true,
  "singleQuote": false,
  "tabWidth": 2,
  "trailingComma": "es5",
  "useTabs": false,
  "vueIndentScriptAndStyle": false,
  "filepath": "/home/tarvinzachary/complete-javascript-course-master/03-Developer-Skills/starter/script.js",
  "parser": "babel"
}
["INFO" - 10:11:46 AM] Formatting completed in 109.105164ms.
["INFO" - 10:12:04 AM] Formatting /home/tarvinzachary/complete-javascript-course-master/03-Developer-Skills/starter/script.js
["INFO" - 10:12:04 AM] Using ignore file (if present) at /home/tarvinzachary/.prettierignore
["INFO" - 10:12:04 AM] File Info:
{
  "ignored": false,
  "inferredParser": "babel"
}
["INFO" - 10:12:04 AM] No local configuration (i.e. .prettierrc or .editorconfig) detected, falling back to VS Code configuration
["INFO" - 10:12:04 AM] Prettier Options:
{
  "arrowParens": "always",
  "bracketSpacing": true,
  "endOfLine": "lf",
  "htmlWhitespaceSensitivity": "css",
  "insertPragma": false,
  "jsxBracketSameLine": false,
  "jsxSingleQuote": false,
  "printWidth": 80,
  "proseWrap": "preserve",
  "quoteProps": "as-needed",
  "requirePragma": false,
  "semi": true,
  "singleQuote": false,
  "tabWidth": 2,
  "trailingComma": "es5",
  "useTabs": false,
  "vueIndentScriptAndStyle": false,
  "filepath": "/home/tarvinzachary/complete-javascript-course-master/03-Developer-Skills/starter/script.js",
  "parser": "babel"
}
["INFO" - 10:12:04 AM] Formatting completed in 172.90419ms.
["INFO" - 10:13:08 AM] Formatting /home/tarvinzachary/complete-javascript-course-master/03-Developer-Skills/starter/script.js
["INFO" - 10:13:08 AM] Using ignore file (if present) at /home/tarvinzachary/.prettierignore
["INFO" - 10:13:08 AM] File Info:
{
  "ignored": false,
  "inferredParser": "babel"
}
["INFO" - 10:13:08 AM] No local configuration (i.e. .prettierrc or .editorconfig) detected, falling back to VS Code configuration
["INFO" - 10:13:08 AM] Prettier Options:
{
  "arrowParens": "always",
  "bracketSpacing": true,
  "endOfLine": "lf",
  "htmlWhitespaceSensitivity": "css",
  "insertPragma": false,
  "jsxBracketSameLine": false,
  "jsxSingleQuote": false,
  "printWidth": 80,
  "proseWrap": "preserve",
  "quoteProps": "as-needed",
  "requirePragma": false,
  "semi": true,
  "singleQuote": false,
  "tabWidth": 2,
  "trailingComma": "es5",
  "useTabs": false,
  "vueIndentScriptAndStyle": false,
  "filepath": "/home/tarvinzachary/complete-javascript-course-master/03-Developer-Skills/starter/script.js",
  "parser": "babel"
}
["INFO" - 10:13:08 AM] Formatting completed in 133.985512ms.
["INFO" - 10:13:21 AM] Formatting /home/tarvinzachary/complete-javascript-course-master/03-Developer-Skills/starter/script.js
["INFO" - 10:13:21 AM] Using ignore file (if present) at /home/tarvinzachary/.prettierignore
["INFO" - 10:13:21 AM] File Info:
{
  "ignored": false,
  "inferredParser": "babel"
}
["INFO" - 10:13:21 AM] No local configuration (i.e. .prettierrc or .editorconfig) detected, falling back to VS Code configuration
["INFO" - 10:13:21 AM] Prettier Options:
{
  "arrowParens": "always",
  "bracketSpacing": true,
  "endOfLine": "lf",
  "htmlWhitespaceSensitivity": "css",
  "insertPragma": false,
  "jsxBracketSameLine": false,
  "jsxSingleQuote": false,
  "printWidth": 80,
  "proseWrap": "preserve",
  "quoteProps": "as-needed",
  "requirePragma": false,
  "semi": true,
  "singleQuote": false,
  "tabWidth": 2,
  "trailingComma": "es5",
  "useTabs": false,
  "vueIndentScriptAndStyle": false,
  "filepath": "/home/tarvinzachary/complete-javascript-course-master/03-Developer-Skills/starter/script.js",
  "parser": "babel"
}
["INFO" - 10:13:21 AM] Formatting completed in 72.03555ms.
["INFO" - 10:14:43 AM] Formatting /home/tarvinzachary/complete-javascript-course-master/03-Developer-Skills/starter/script.js
["INFO" - 10:14:44 AM] Using ignore file (if present) at /home/tarvinzachary/.prettierignore
["INFO" - 10:14:44 AM] File Info:
{
  "ignored": false,
  "inferredParser": "babel"
}
["INFO" - 10:14:44 AM] No local configuration (i.e. .prettierrc or .editorconfig) detected, falling back to VS Code configuration
["INFO" - 10:14:44 AM] Prettier Options:
{
  "arrowParens": "always",
  "bracketSpacing": true,
  "endOfLine": "lf",
  "htmlWhitespaceSensitivity": "css",
  "insertPragma": false,
  "jsxBracketSameLine": false,
  "jsxSingleQuote": false,
  "printWidth": 80,
  "proseWrap": "preserve",
  "quoteProps": "as-needed",
  "requirePragma": false,
  "semi": true,
  "singleQuote": false,
  "tabWidth": 2,
  "trailingComma": "es5",
  "useTabs": false,
  "vueIndentScriptAndStyle": false,
  "filepath": "/home/tarvinzachary/complete-javascript-course-master/03-Developer-Skills/starter/script.js",
  "parser": "babel"
}
["INFO" - 10:14:44 AM] Formatting completed in 69.905656ms.
["INFO" - 10:17:14 AM] Formatting /home/tarvinzachary/complete-javascript-course-master/03-Developer-Skills/starter/script.js
["INFO" - 10:17:14 AM] Using ignore file (if present) at /home/tarvinzachary/.prettierignore
["INFO" - 10:17:14 AM] File Info:
{
  "ignored": false,
  "inferredParser": "babel"
}
["INFO" - 10:17:14 AM] No local configuration (i.e. .prettierrc or .editorconfig) detected, falling back to VS Code configuration
["INFO" - 10:17:14 AM] Prettier Options:
{
  "arrowParens": "always",
  "bracketSpacing": true,
  "endOfLine": "lf",
  "htmlWhitespaceSensitivity": "css",
  "insertPragma": false,
  "jsxBracketSameLine": false,
  "jsxSingleQuote": false,
  "printWidth": 80,
  "proseWrap": "preserve",
  "quoteProps": "as-needed",
  "requirePragma": false,
  "semi": true,
  "singleQuote": false,
  "tabWidth": 2,
  "trailingComma": "es5",
  "useTabs": false,
  "vueIndentScriptAndStyle": false,
  "filepath": "/home/tarvinzachary/complete-javascript-course-master/03-Developer-Skills/starter/script.js",
  "parser": "babel"
}
["INFO" - 10:17:14 AM] Formatting completed in 104.234061ms.
