[Info  - 16:02:38.58] Reading sessions from keychain...
[Info  - 16:02:38.288] Getting sessions for all scopes...
[Error  - 16:02:38.870] Getting token failed: Error: The name org.freedesktop.secrets was not provided by any .service files
[Info  - 16:02:40.135] Got 0 sessions for all scopes...
[Info  - 16:02:42.907] Getting sessions for all scopes...
[Info  - 16:02:42.908] Got 0 sessions for all scopes...
[Info  - 16:25:55.415] Getting sessions for repo,workflow...
[Info  - 16:25:55.416] Got 0 sessions for repo,workflow...
[Info  - 16:25:56.885] Logging in for the following scopes: repo workflow
[Trace  - 16:26:08.237] Handling Uri...
[Info  - 16:26:08.238] Exchanging code for token...
[Info  - 16:26:09.93] Token exchange success!
[Info  - 16:26:09.95] Getting user info...
[Info  - 16:26:09.451] Got account info!
[Info  - 16:26:09.452] Storing 1 sessions...
[Error  - 16:26:10.222] Setting token failed: Error: The name org.freedesktop.secrets was not provided by any .service files
[Info  - 16:26:11.988] Stored 1 sessions!
[Info  - 16:26:11.992] Login success!
[Info  - 16:26:12.24] Getting sessions for all scopes...
[Info  - 16:26:12.24] Got 1 sessions for all scopes...
