[Info  - 12:11:15.363] Reading sessions from keychain...
[Info  - 12:11:15.575] Getting sessions for all scopes...
[Error  - 12:11:15.576] Getting token failed: Error: The name org.freedesktop.secrets was not provided by any .service files
[Info  - 12:11:15.789] Got 0 sessions for all scopes...
[Info  - 12:11:19.71] Getting sessions for all scopes...
[Info  - 12:11:19.71] Got 0 sessions for all scopes...
[Info  - 12:14:05.670] Getting sessions for repo,workflow...
[Info  - 12:14:05.671] Got 0 sessions for repo,workflow...
[Info  - 12:14:07.237] Logging in for the following scopes: repo workflow
[Trace  - 12:14:18.958] Handling Uri...
[Info  - 12:14:18.959] Exchanging code for token...
[Info  - 12:14:19.412] Token exchange success!
[Info  - 12:14:19.416] Getting user info...
[Info  - 12:14:19.929] Got account info!
[Info  - 12:14:19.930] Storing 1 sessions...
[Error  - 12:14:20.725] Setting token failed: Error: The name org.freedesktop.secrets was not provided by any .service files
[Info  - 12:14:23.198] Stored 1 sessions!
[Info  - 12:14:23.199] Login success!
[Info  - 12:14:23.229] Getting sessions for all scopes...
[Info  - 12:14:23.230] Got 1 sessions for all scopes...
