Validating found git in: git
Using git 2.20.1 from git
> git rev-parse --git-dir
Open repository: /home/tarvinzachary
> git status -z -u
> git symbolic-ref --short HEAD
> git for-each-ref --format=%(refname)%00%(upstream:short)%00%(objectname)%00%(upstream:track) refs/heads/master refs/remotes/master
> git for-each-ref --sort -committerdate --format %(refname) %(objectname) %(*objectname)
> git remote --verbose
> git config --get commit.template
> git check-ignore -v -z --stdin
> git show --textconv :complete-javascript-course-master/05-Guess-My-Number/starter/script.js
> git ls-files --stage -- /home/tarvinzachary/complete-javascript-course-master/05-Guess-My-Number/starter/script.js
> git cat-file -s e2094a831d80fd2b995abece3013f9356cc2787b
> git check-ignore -v -z --stdin
> git check-ignore -v -z --stdin
> git show --textconv :complete-javascript-course-master/06-Modal/starter/index.html
> git ls-files --stage -- /home/tarvinzachary/complete-javascript-course-master/06-Modal/starter/index.html
> git cat-file -s cb0458612bc5bd336d710ed526d52c08225f62e9
> git show --textconv :complete-javascript-course-master/06-Modal/starter/style.css
> git ls-files --stage -- /home/tarvinzachary/complete-javascript-course-master/06-Modal/starter/style.css
> git cat-file -s 47c6861f1e568ef86e79e60479a96fe5073227b3
> git show --textconv :complete-javascript-course-master/06-Modal/starter/script.js
> git ls-files --stage -- /home/tarvinzachary/complete-javascript-course-master/06-Modal/starter/script.js
> git cat-file -s ad9a93a7c160f02945911772460eb8a1bcb003db
> git status -z -u
> git symbolic-ref --short HEAD
> git for-each-ref --format=%(refname)%00%(upstream:short)%00%(objectname)%00%(upstream:track) refs/heads/master refs/remotes/master
> git for-each-ref --sort -committerdate --format %(refname) %(objectname) %(*objectname)
> git remote --verbose
> git config --get commit.template
