[2021-06-04 10:54:06.498] [exthost] [info] extension host started
[2021-06-04 10:54:07.284] [exthost] [info] ExtensionService#_doActivateExtension vscode.microsoft-authentication {"startup":false,"extensionId":{"value":"vscode.microsoft-authentication","_lower":"vscode.microsoft-authentication"},"activationEvent":"onAuthenticationRequest:microsoft"}
[2021-06-04 10:54:07.288] [exthost] [info] ExtensionService#loadCommonJSModule file:///usr/share/code/resources/app/extensions/microsoft-authentication/dist/extension.js
[2021-06-04 10:54:07.331] [exthost] [info] ExtensionService#_doActivateExtension vscode.typescript-language-features {"startup":false,"extensionId":{"value":"vscode.typescript-language-features","_lower":"vscode.typescript-language-features"},"activationEvent":"onLanguage:javascript"}
[2021-06-04 10:54:07.333] [exthost] [info] ExtensionService#loadCommonJSModule file:///usr/share/code/resources/app/extensions/typescript-language-features/dist/extension
[2021-06-04 10:54:07.397] [exthost] [info] ExtensionService#_doActivateExtension vscode.debug-auto-launch {"startup":true,"extensionId":{"value":"vscode.debug-auto-launch","_lower":"vscode.debug-auto-launch"},"activationEvent":"*"}
[2021-06-04 10:54:07.399] [exthost] [info] ExtensionService#loadCommonJSModule file:///usr/share/code/resources/app/extensions/debug-auto-launch/dist/extension
[2021-06-04 10:54:07.410] [exthost] [info] ExtensionService#_doActivateExtension vscode.git {"startup":true,"extensionId":{"value":"vscode.github","_lower":"vscode.github"},"activationEvent":"*"}
[2021-06-04 10:54:07.412] [exthost] [info] ExtensionService#loadCommonJSModule file:///usr/share/code/resources/app/extensions/git/dist/main
[2021-06-04 10:54:09.881] [exthost] [info] ExtensionService#_doActivateExtension vscode.github {"startup":true,"extensionId":{"value":"vscode.github","_lower":"vscode.github"},"activationEvent":"*"}
[2021-06-04 10:54:09.882] [exthost] [info] ExtensionService#loadCommonJSModule file:///usr/share/code/resources/app/extensions/github/dist/extension.js
[2021-06-04 10:54:10.440] [exthost] [info] eager extensions activated
[2021-06-04 10:54:10.458] [exthost] [info] ExtensionService#_doActivateExtension ms-vscode.js-debug {"startup":false,"extensionId":{"value":"ms-vscode.js-debug","_lower":"ms-vscode.js-debug"},"activationEvent":"onCommand:extension.js-debug.clearAutoAttachVariables"}
[2021-06-04 10:54:10.458] [exthost] [info] ExtensionService#loadCommonJSModule file:///usr/share/code/resources/app/extensions/ms-vscode.js-debug/src/extension.js
[2021-06-04 10:54:12.636] [exthost] [info] ExtensionService#_doActivateExtension vscode.emmet {"startup":false,"extensionId":{"value":"vscode.emmet","_lower":"vscode.emmet"},"activationEvent":"onStartupFinished"}
[2021-06-04 10:54:12.639] [exthost] [info] ExtensionService#loadCommonJSModule file:///usr/share/code/resources/app/extensions/emmet/dist/node/emmetNodeMain
[2021-06-04 10:54:12.797] [exthost] [info] ExtensionService#_doActivateExtension vscode.merge-conflict {"startup":false,"extensionId":{"value":"vscode.merge-conflict","_lower":"vscode.merge-conflict"},"activationEvent":"onStartupFinished"}
[2021-06-04 10:54:12.811] [exthost] [info] ExtensionService#loadCommonJSModule file:///usr/share/code/resources/app/extensions/merge-conflict/dist/mergeConflictMain
[2021-06-04 10:54:12.839] [exthost] [info] ExtensionService#_doActivateExtension vscode.testing-editor-contributions {"startup":false,"extensionId":{"value":"vscode.testing-editor-contributions","_lower":"vscode.testing-editor-contributions"},"activationEvent":"onStartupFinished"}
[2021-06-04 10:54:12.861] [exthost] [info] ExtensionService#loadCommonJSModule file:///usr/share/code/resources/app/extensions/testing-editor-contributions/dist/extension.js
[2021-06-04 10:54:12.881] [exthost] [info] ExtensionService#_doActivateExtension esbenp.prettier-vscode {"startup":false,"extensionId":{"value":"esbenp.prettier-vscode","_lower":"esbenp.prettier-vscode"},"activationEvent":"onStartupFinished"}
[2021-06-04 10:54:12.887] [exthost] [info] ExtensionService#loadCommonJSModule file:///home/tarvinzachary/.vscode/extensions/esbenp.prettier-vscode-6.4.0/dist/extension
[2021-06-04 10:54:13.814] [exthost] [error] {"message":"Git error","stdout":"","stderr":"fatal: Pathspec '/home/tarvinzachary/aim--code--school/aim--code--school' is in submodule 'aim--code--school'\n","exitCode":128,"gitErrorCode":"IsInSubmodule"}
[2021-06-04 10:54:13.825] [exthost] [error] {"message":"Git error","stdout":"","stderr":"fatal: Pathspec '/home/tarvinzachary/aim--code--school/aim--code--school' is in submodule 'aim--code--school'\n","exitCode":128,"gitErrorCode":"IsInSubmodule"}
[2021-06-04 10:54:13.829] [exthost] [error] {"message":"Git error","stdout":"","stderr":"fatal: Pathspec '/home/tarvinzachary/aim--code--school/aim--code--school' is in submodule 'aim--code--school'\n","exitCode":128,"gitErrorCode":"IsInSubmodule"}
[2021-06-04 10:54:13.829] [exthost] [error] {"message":"Git error","stdout":"","stderr":"fatal: Pathspec '/home/tarvinzachary/aim--code--school/aim--code--school' is in submodule 'aim--code--school'\n","exitCode":128,"gitErrorCode":"IsInSubmodule"}
[2021-06-04 10:54:13.829] [exthost] [error] {"message":"Git error","stdout":"","stderr":"fatal: Pathspec '/home/tarvinzachary/aim--code--school/aim--code--school' is in submodule 'aim--code--school'\n","exitCode":128,"gitErrorCode":"IsInSubmodule"}
[2021-06-04 10:54:13.829] [exthost] [error] {"message":"Git error","stdout":"","stderr":"fatal: Pathspec '/home/tarvinzachary/aim--code--school/aim--code--school' is in submodule 'aim--code--school'\n","exitCode":128,"gitErrorCode":"IsInSubmodule"}
[2021-06-04 10:54:13.840] [exthost] [error] {"message":"Git error","stdout":"","stderr":"fatal: Pathspec '/home/tarvinzachary/aim--code--school/aim--code--school' is in submodule 'aim--code--school'\n","exitCode":128,"gitErrorCode":"IsInSubmodule"}
[2021-06-04 10:54:13.840] [exthost] [error] {"message":"Git error","stdout":"","stderr":"fatal: Pathspec '/home/tarvinzachary/aim--code--school/aim--code--school' is in submodule 'aim--code--school'\n","exitCode":128,"gitErrorCode":"IsInSubmodule"}
[2021-06-04 10:54:13.840] [exthost] [error] {"message":"Git error","stdout":"","stderr":"fatal: Pathspec '/home/tarvinzachary/aim--code--school/aim--code--school' is in submodule 'aim--code--school'\n","exitCode":128,"gitErrorCode":"IsInSubmodule"}
[2021-06-04 10:54:13.845] [exthost] [error] {"message":"Git error","stdout":"","stderr":"fatal: Pathspec '/home/tarvinzachary/aim--code--school/aim--code--school' is in submodule 'aim--code--school'\n","exitCode":128,"gitErrorCode":"IsInSubmodule"}
[2021-06-04 10:54:13.845] [exthost] [error] {"message":"Git error","stdout":"","stderr":"fatal: Pathspec '/home/tarvinzachary/aim--code--school/aim--code--school' is in submodule 'aim--code--school'\n","exitCode":128,"gitErrorCode":"IsInSubmodule"}
[2021-06-04 10:54:13.845] [exthost] [error] {"message":"Git error","stdout":"","stderr":"fatal: Pathspec '/home/tarvinzachary/aim--code--school/aim--code--school' is in submodule 'aim--code--school'\n","exitCode":128,"gitErrorCode":"IsInSubmodule"}
[2021-06-04 10:54:13.846] [exthost] [error] {"message":"Git error","stdout":"","stderr":"fatal: Pathspec '/home/tarvinzachary/aim--code--school/aim--code--school' is in submodule 'aim--code--school'\n","exitCode":128,"gitErrorCode":"IsInSubmodule"}
[2021-06-04 10:54:13.846] [exthost] [error] {"message":"Git error","stdout":"","stderr":"fatal: Pathspec '/home/tarvinzachary/aim--code--school/aim--code--school' is in submodule 'aim--code--school'\n","exitCode":128,"gitErrorCode":"IsInSubmodule"}
[2021-06-04 10:54:13.846] [exthost] [error] {"message":"Git error","stdout":"","stderr":"fatal: Pathspec '/home/tarvinzachary/aim--code--school/aim--code--school' is in submodule 'aim--code--school'\n","exitCode":128,"gitErrorCode":"IsInSubmodule"}
[2021-06-04 10:54:13.846] [exthost] [error] {"message":"Git error","stdout":"","stderr":"fatal: Pathspec '/home/tarvinzachary/aim--code--school/aim--code--school' is in submodule 'aim--code--school'\n","exitCode":128,"gitErrorCode":"IsInSubmodule"}
[2021-06-04 10:54:13.846] [exthost] [error] {"message":"Git error","stdout":"","stderr":"fatal: Pathspec '/home/tarvinzachary/aim--code--school/aim--code--school' is in submodule 'aim--code--school'\n","exitCode":128,"gitErrorCode":"IsInSubmodule"}
[2021-06-04 10:54:13.846] [exthost] [error] {"message":"Git error","stdout":"","stderr":"fatal: Pathspec '/home/tarvinzachary/aim--code--school/aim--code--school' is in submodule 'aim--code--school'\n","exitCode":128,"gitErrorCode":"IsInSubmodule"}
[2021-06-04 10:54:13.846] [exthost] [error] {"message":"Git error","stdout":"","stderr":"fatal: Pathspec '/home/tarvinzachary/aim--code--school/aim--code--school' is in submodule 'aim--code--school'\n","exitCode":128,"gitErrorCode":"IsInSubmodule"}
[2021-06-04 10:54:13.846] [exthost] [error] {"message":"Git error","stdout":"","stderr":"fatal: Pathspec '/home/tarvinzachary/aim--code--school/aim--code--school' is in submodule 'aim--code--school'\n","exitCode":128,"gitErrorCode":"IsInSubmodule"}
[2021-06-04 10:54:13.846] [exthost] [error] {"message":"Git error","stdout":"","stderr":"fatal: Pathspec '/home/tarvinzachary/aim--code--school/aim--code--school' is in submodule 'aim--code--school'\n","exitCode":128,"gitErrorCode":"IsInSubmodule"}
[2021-06-04 10:54:13.846] [exthost] [error] {"message":"Git error","stdout":"","stderr":"fatal: Pathspec '/home/tarvinzachary/aim--code--school/aim--code--school' is in submodule 'aim--code--school'\n","exitCode":128,"gitErrorCode":"IsInSubmodule"}
[2021-06-04 10:54:13.846] [exthost] [error] {"message":"Git error","stdout":"","stderr":"fatal: Pathspec '/home/tarvinzachary/aim--code--school/aim--code--school' is in submodule 'aim--code--school'\n","exitCode":128,"gitErrorCode":"IsInSubmodule"}
[2021-06-04 10:54:13.846] [exthost] [error] {"message":"Git error","stdout":"","stderr":"fatal: Pathspec '/home/tarvinzachary/aim--code--school/aim--code--school' is in submodule 'aim--code--school'\n","exitCode":128,"gitErrorCode":"IsInSubmodule"}
[2021-06-04 10:54:13.847] [exthost] [error] {"message":"Git error","stdout":"","stderr":"fatal: Pathspec '/home/tarvinzachary/aim--code--school/aim--code--school' is in submodule 'aim--code--school'\n","exitCode":128,"gitErrorCode":"IsInSubmodule"}
[2021-06-04 10:54:13.847] [exthost] [error] {"message":"Git error","stdout":"","stderr":"fatal: Pathspec '/home/tarvinzachary/aim--code--school/aim--code--school' is in submodule 'aim--code--school'\n","exitCode":128,"gitErrorCode":"IsInSubmodule"}
[2021-06-04 10:54:13.847] [exthost] [error] {"message":"Git error","stdout":"","stderr":"fatal: Pathspec '/home/tarvinzachary/aim--code--school/aim--code--school' is in submodule 'aim--code--school'\n","exitCode":128,"gitErrorCode":"IsInSubmodule"}
[2021-06-04 10:54:13.847] [exthost] [error] {"message":"Git error","stdout":"","stderr":"fatal: Pathspec '/home/tarvinzachary/aim--code--school/aim--code--school' is in submodule 'aim--code--school'\n","exitCode":128,"gitErrorCode":"IsInSubmodule"}
[2021-06-04 10:54:13.847] [exthost] [error] {"message":"Git error","stdout":"","stderr":"fatal: Pathspec '/home/tarvinzachary/aim--code--school/aim--code--school' is in submodule 'aim--code--school'\n","exitCode":128,"gitErrorCode":"IsInSubmodule"}
[2021-06-04 10:54:13.847] [exthost] [error] {"message":"Git error","stdout":"","stderr":"fatal: Pathspec '/home/tarvinzachary/aim--code--school/aim--code--school' is in submodule 'aim--code--school'\n","exitCode":128,"gitErrorCode":"IsInSubmodule"}
[2021-06-04 10:54:13.847] [exthost] [error] {"message":"Git error","stdout":"","stderr":"fatal: Pathspec '/home/tarvinzachary/aim--code--school/aim--code--school' is in submodule 'aim--code--school'\n","exitCode":128,"gitErrorCode":"IsInSubmodule"}
[2021-06-04 10:54:13.848] [exthost] [error] {"message":"Git error","stdout":"","stderr":"fatal: Pathspec '/home/tarvinzachary/aim--code--school/aim--code--school' is in submodule 'aim--code--school'\n","exitCode":128,"gitErrorCode":"IsInSubmodule"}
[2021-06-04 10:54:13.848] [exthost] [error] {"message":"Git error","stdout":"","stderr":"fatal: Pathspec '/home/tarvinzachary/aim--code--school/aim--code--school' is in submodule 'aim--code--school'\n","exitCode":128,"gitErrorCode":"IsInSubmodule"}
[2021-06-04 10:54:13.848] [exthost] [error] {"message":"Git error","stdout":"","stderr":"fatal: Pathspec '/home/tarvinzachary/aim--code--school/aim--code--school' is in submodule 'aim--code--school'\n","exitCode":128,"gitErrorCode":"IsInSubmodule"}
[2021-06-04 10:54:13.848] [exthost] [error] {"message":"Git error","stdout":"","stderr":"fatal: Pathspec '/home/tarvinzachary/aim--code--school/aim--code--school' is in submodule 'aim--code--school'\n","exitCode":128,"gitErrorCode":"IsInSubmodule"}
[2021-06-04 10:54:13.848] [exthost] [error] {"message":"Git error","stdout":"","stderr":"fatal: Pathspec '/home/tarvinzachary/aim--code--school/aim--code--school' is in submodule 'aim--code--school'\n","exitCode":128,"gitErrorCode":"IsInSubmodule"}
[2021-06-04 10:54:13.848] [exthost] [error] {"message":"Git error","stdout":"","stderr":"fatal: Pathspec '/home/tarvinzachary/aim--code--school/aim--code--school' is in submodule 'aim--code--school'\n","exitCode":128,"gitErrorCode":"IsInSubmodule"}
[2021-06-04 10:54:13.848] [exthost] [error] {"message":"Git error","stdout":"","stderr":"fatal: Pathspec '/home/tarvinzachary/aim--code--school/aim--code--school' is in submodule 'aim--code--school'\n","exitCode":128,"gitErrorCode":"IsInSubmodule"}
[2021-06-04 10:54:13.848] [exthost] [error] {"message":"Git error","stdout":"","stderr":"fatal: Pathspec '/home/tarvinzachary/aim--code--school/aim--code--school' is in submodule 'aim--code--school'\n","exitCode":128,"gitErrorCode":"IsInSubmodule"}
[2021-06-04 10:54:13.848] [exthost] [error] {"message":"Git error","stdout":"","stderr":"fatal: Pathspec '/home/tarvinzachary/aim--code--school/aim--code--school' is in submodule 'aim--code--school'\n","exitCode":128,"gitErrorCode":"IsInSubmodule"}
[2021-06-04 10:54:13.848] [exthost] [error] {"message":"Git error","stdout":"","stderr":"fatal: Pathspec '/home/tarvinzachary/aim--code--school/aim--code--school' is in submodule 'aim--code--school'\n","exitCode":128,"gitErrorCode":"IsInSubmodule"}
[2021-06-04 10:54:13.848] [exthost] [error] {"message":"Git error","stdout":"","stderr":"fatal: Pathspec '/home/tarvinzachary/aim--code--school/aim--code--school' is in submodule 'aim--code--school'\n","exitCode":128,"gitErrorCode":"IsInSubmodule"}
[2021-06-04 10:54:13.848] [exthost] [error] {"message":"Git error","stdout":"","stderr":"fatal: Pathspec '/home/tarvinzachary/aim--code--school/aim--code--school' is in submodule 'aim--code--school'\n","exitCode":128,"gitErrorCode":"IsInSubmodule"}
[2021-06-04 10:54:13.848] [exthost] [error] {"message":"Git error","stdout":"","stderr":"fatal: Pathspec '/home/tarvinzachary/aim--code--school/aim--code--school' is in submodule 'aim--code--school'\n","exitCode":128,"gitErrorCode":"IsInSubmodule"}
[2021-06-04 10:54:13.848] [exthost] [error] {"message":"Git error","stdout":"","stderr":"fatal: Pathspec '/home/tarvinzachary/aim--code--school/aim--code--school' is in submodule 'aim--code--school'\n","exitCode":128,"gitErrorCode":"IsInSubmodule"}
[2021-06-04 10:54:13.849] [exthost] [error] {"message":"Git error","stdout":"","stderr":"fatal: Pathspec '/home/tarvinzachary/aim--code--school/aim--code--school' is in submodule 'aim--code--school'\n","exitCode":128,"gitErrorCode":"IsInSubmodule"}
[2021-06-04 10:54:13.849] [exthost] [error] {"message":"Git error","stdout":"","stderr":"fatal: Pathspec '/home/tarvinzachary/aim--code--school/aim--code--school' is in submodule 'aim--code--school'\n","exitCode":128,"gitErrorCode":"IsInSubmodule"}
[2021-06-04 10:54:13.849] [exthost] [error] {"message":"Git error","stdout":"","stderr":"fatal: Pathspec '/home/tarvinzachary/aim--code--school/aim--code--school' is in submodule 'aim--code--school'\n","exitCode":128,"gitErrorCode":"IsInSubmodule"}
[2021-06-04 10:54:13.849] [exthost] [error] {"message":"Git error","stdout":"","stderr":"fatal: Pathspec '/home/tarvinzachary/aim--code--school/aim--code--school' is in submodule 'aim--code--school'\n","exitCode":128,"gitErrorCode":"IsInSubmodule"}
[2021-06-04 10:54:13.849] [exthost] [error] {"message":"Git error","stdout":"","stderr":"fatal: Pathspec '/home/tarvinzachary/aim--code--school/aim--code--school' is in submodule 'aim--code--school'\n","exitCode":128,"gitErrorCode":"IsInSubmodule"}
[2021-06-04 10:54:13.849] [exthost] [error] {"message":"Git error","stdout":"","stderr":"fatal: Pathspec '/home/tarvinzachary/aim--code--school/aim--code--school' is in submodule 'aim--code--school'\n","exitCode":128,"gitErrorCode":"IsInSubmodule"}
[2021-06-04 10:54:13.849] [exthost] [error] {"message":"Git error","stdout":"","stderr":"fatal: Pathspec '/home/tarvinzachary/aim--code--school/aim--code--school' is in submodule 'aim--code--school'\n","exitCode":128,"gitErrorCode":"IsInSubmodule"}
[2021-06-04 10:54:13.849] [exthost] [error] {"message":"Git error","stdout":"","stderr":"fatal: Pathspec '/home/tarvinzachary/aim--code--school/aim--code--school' is in submodule 'aim--code--school'\n","exitCode":128,"gitErrorCode":"IsInSubmodule"}
[2021-06-04 10:54:13.849] [exthost] [error] {"message":"Git error","stdout":"","stderr":"fatal: Pathspec '/home/tarvinzachary/aim--code--school/aim--code--school' is in submodule 'aim--code--school'\n","exitCode":128,"gitErrorCode":"IsInSubmodule"}
[2021-06-04 10:54:13.849] [exthost] [error] {"message":"Git error","stdout":"","stderr":"fatal: Pathspec '/home/tarvinzachary/aim--code--school/aim--code--school' is in submodule 'aim--code--school'\n","exitCode":128,"gitErrorCode":"IsInSubmodule"}
[2021-06-04 10:54:13.849] [exthost] [error] {"message":"Git error","stdout":"","stderr":"fatal: Pathspec '/home/tarvinzachary/aim--code--school/aim--code--school' is in submodule 'aim--code--school'\n","exitCode":128,"gitErrorCode":"IsInSubmodule"}
[2021-06-04 10:54:13.850] [exthost] [error] {"message":"Git error","stdout":"","stderr":"fatal: Pathspec '/home/tarvinzachary/aim--code--school/aim--code--school' is in submodule 'aim--code--school'\n","exitCode":128,"gitErrorCode":"IsInSubmodule"}
[2021-06-04 10:54:13.850] [exthost] [error] {"message":"Git error","stdout":"","stderr":"fatal: Pathspec '/home/tarvinzachary/aim--code--school/aim--code--school' is in submodule 'aim--code--school'\n","exitCode":128,"gitErrorCode":"IsInSubmodule"}
[2021-06-04 10:54:13.850] [exthost] [error] {"message":"Git error","stdout":"","stderr":"fatal: Pathspec '/home/tarvinzachary/aim--code--school/aim--code--school' is in submodule 'aim--code--school'\n","exitCode":128,"gitErrorCode":"IsInSubmodule"}
[2021-06-04 10:54:13.850] [exthost] [error] {"message":"Git error","stdout":"","stderr":"fatal: Pathspec '/home/tarvinzachary/aim--code--school/aim--code--school' is in submodule 'aim--code--school'\n","exitCode":128,"gitErrorCode":"IsInSubmodule"}
[2021-06-04 10:54:13.850] [exthost] [error] {"message":"Git error","stdout":"","stderr":"fatal: Pathspec '/home/tarvinzachary/aim--code--school/aim--code--school' is in submodule 'aim--code--school'\n","exitCode":128,"gitErrorCode":"IsInSubmodule"}
[2021-06-04 10:54:13.850] [exthost] [error] {"message":"Git error","stdout":"","stderr":"fatal: Pathspec '/home/tarvinzachary/aim--code--school/aim--code--school' is in submodule 'aim--code--school'\n","exitCode":128,"gitErrorCode":"IsInSubmodule"}
[2021-06-04 10:54:13.850] [exthost] [error] {"message":"Git error","stdout":"","stderr":"fatal: Pathspec '/home/tarvinzachary/aim--code--school/aim--code--school' is in submodule 'aim--code--school'\n","exitCode":128,"gitErrorCode":"IsInSubmodule"}
[2021-06-04 10:54:13.850] [exthost] [error] {"message":"Git error","stdout":"","stderr":"fatal: Pathspec '/home/tarvinzachary/aim--code--school/aim--code--school' is in submodule 'aim--code--school'\n","exitCode":128,"gitErrorCode":"IsInSubmodule"}
[2021-06-04 10:54:13.850] [exthost] [error] {"message":"Git error","stdout":"","stderr":"fatal: Pathspec '/home/tarvinzachary/aim--code--school/aim--code--school' is in submodule 'aim--code--school'\n","exitCode":128,"gitErrorCode":"IsInSubmodule"}
[2021-06-04 10:54:13.850] [exthost] [error] {"message":"Git error","stdout":"","stderr":"fatal: Pathspec '/home/tarvinzachary/aim--code--school/aim--code--school' is in submodule 'aim--code--school'\n","exitCode":128,"gitErrorCode":"IsInSubmodule"}
[2021-06-04 10:54:13.850] [exthost] [error] {"message":"Git error","stdout":"","stderr":"fatal: Pathspec '/home/tarvinzachary/aim--code--school/aim--code--school' is in submodule 'aim--code--school'\n","exitCode":128,"gitErrorCode":"IsInSubmodule"}
[2021-06-04 10:54:13.850] [exthost] [error] {"message":"Git error","stdout":"","stderr":"fatal: Pathspec '/home/tarvinzachary/aim--code--school/aim--code--school' is in submodule 'aim--code--school'\n","exitCode":128,"gitErrorCode":"IsInSubmodule"}
[2021-06-04 10:54:13.850] [exthost] [error] {"message":"Git error","stdout":"","stderr":"fatal: Pathspec '/home/tarvinzachary/aim--code--school/aim--code--school' is in submodule 'aim--code--school'\n","exitCode":128,"gitErrorCode":"IsInSubmodule"}
[2021-06-04 10:54:13.850] [exthost] [error] {"message":"Git error","stdout":"","stderr":"fatal: Pathspec '/home/tarvinzachary/aim--code--school/aim--code--school' is in submodule 'aim--code--school'\n","exitCode":128,"gitErrorCode":"IsInSubmodule"}
[2021-06-04 10:54:13.850] [exthost] [error] {"message":"Git error","stdout":"","stderr":"fatal: Pathspec '/home/tarvinzachary/aim--code--school/aim--code--school' is in submodule 'aim--code--school'\n","exitCode":128,"gitErrorCode":"IsInSubmodule"}
[2021-06-04 10:54:13.850] [exthost] [error] {"message":"Git error","stdout":"","stderr":"fatal: Pathspec '/home/tarvinzachary/aim--code--school/aim--code--school' is in submodule 'aim--code--school'\n","exitCode":128,"gitErrorCode":"IsInSubmodule"}
[2021-06-04 10:54:13.850] [exthost] [error] {"message":"Git error","stdout":"","stderr":"fatal: Pathspec '/home/tarvinzachary/aim--code--school/aim--code--school' is in submodule 'aim--code--school'\n","exitCode":128,"gitErrorCode":"IsInSubmodule"}
[2021-06-04 10:54:13.850] [exthost] [error] {"message":"Git error","stdout":"","stderr":"fatal: Pathspec '/home/tarvinzachary/aim--code--school/aim--code--school' is in submodule 'aim--code--school'\n","exitCode":128,"gitErrorCode":"IsInSubmodule"}
[2021-06-04 10:54:13.851] [exthost] [error] {"message":"Git error","stdout":"","stderr":"fatal: Pathspec '/home/tarvinzachary/aim--code--school/aim--code--school' is in submodule 'aim--code--school'\n","exitCode":128,"gitErrorCode":"IsInSubmodule"}
[2021-06-04 10:54:13.851] [exthost] [error] {"message":"Git error","stdout":"","stderr":"fatal: Pathspec '/home/tarvinzachary/aim--code--school/aim--code--school' is in submodule 'aim--code--school'\n","exitCode":128,"gitErrorCode":"IsInSubmodule"}
[2021-06-04 10:54:13.851] [exthost] [error] {"message":"Git error","stdout":"","stderr":"fatal: Pathspec '/home/tarvinzachary/aim--code--school/aim--code--school' is in submodule 'aim--code--school'\n","exitCode":128,"gitErrorCode":"IsInSubmodule"}
[2021-06-04 10:54:13.851] [exthost] [error] {"message":"Git error","stdout":"","stderr":"fatal: Pathspec '/home/tarvinzachary/aim--code--school/aim--code--school' is in submodule 'aim--code--school'\n","exitCode":128,"gitErrorCode":"IsInSubmodule"}
[2021-06-04 10:54:13.851] [exthost] [error] {"message":"Git error","stdout":"","stderr":"fatal: Pathspec '/home/tarvinzachary/aim--code--school/aim--code--school' is in submodule 'aim--code--school'\n","exitCode":128,"gitErrorCode":"IsInSubmodule"}
[2021-06-04 10:54:13.851] [exthost] [error] {"message":"Git error","stdout":"","stderr":"fatal: Pathspec '/home/tarvinzachary/aim--code--school/aim--code--school' is in submodule 'aim--code--school'\n","exitCode":128,"gitErrorCode":"IsInSubmodule"}
[2021-06-04 10:54:13.851] [exthost] [error] {"message":"Git error","stdout":"","stderr":"fatal: Pathspec '/home/tarvinzachary/aim--code--school/aim--code--school' is in submodule 'aim--code--school'\n","exitCode":128,"gitErrorCode":"IsInSubmodule"}
[2021-06-04 10:54:13.851] [exthost] [error] {"message":"Git error","stdout":"","stderr":"fatal: Pathspec '/home/tarvinzachary/aim--code--school/aim--code--school' is in submodule 'aim--code--school'\n","exitCode":128,"gitErrorCode":"IsInSubmodule"}
[2021-06-04 10:54:13.851] [exthost] [error] {"message":"Git error","stdout":"","stderr":"fatal: Pathspec '/home/tarvinzachary/aim--code--school/aim--code--school' is in submodule 'aim--code--school'\n","exitCode":128,"gitErrorCode":"IsInSubmodule"}
[2021-06-04 10:54:13.851] [exthost] [error] {"message":"Git error","stdout":"","stderr":"fatal: Pathspec '/home/tarvinzachary/aim--code--school/aim--code--school' is in submodule 'aim--code--school'\n","exitCode":128,"gitErrorCode":"IsInSubmodule"}
[2021-06-04 10:54:13.851] [exthost] [error] {"message":"Git error","stdout":"","stderr":"fatal: Pathspec '/home/tarvinzachary/aim--code--school/aim--code--school' is in submodule 'aim--code--school'\n","exitCode":128,"gitErrorCode":"IsInSubmodule"}
[2021-06-04 10:54:13.851] [exthost] [error] {"message":"Git error","stdout":"","stderr":"fatal: Pathspec '/home/tarvinzachary/aim--code--school/aim--code--school' is in submodule 'aim--code--school'\n","exitCode":128,"gitErrorCode":"IsInSubmodule"}
[2021-06-04 10:54:13.852] [exthost] [error] {"message":"Git error","stdout":"","stderr":"fatal: Pathspec '/home/tarvinzachary/aim--code--school/aim--code--school' is in submodule 'aim--code--school'\n","exitCode":128,"gitErrorCode":"IsInSubmodule"}
[2021-06-04 10:54:13.854] [exthost] [error] {"message":"Git error","stdout":"","stderr":"fatal: Pathspec '/home/tarvinzachary/aim--code--school/aim--code--school' is in submodule 'aim--code--school'\n","exitCode":128,"gitErrorCode":"IsInSubmodule"}
[2021-06-04 10:54:13.856] [exthost] [error] {"message":"Git error","stdout":"","stderr":"fatal: Pathspec '/home/tarvinzachary/aim--code--school/aim--code--school' is in submodule 'aim--code--school'\n","exitCode":128,"gitErrorCode":"IsInSubmodule"}
[2021-06-04 10:54:13.856] [exthost] [error] {"message":"Git error","stdout":"","stderr":"fatal: Pathspec '/home/tarvinzachary/aim--code--school/aim--code--school' is in submodule 'aim--code--school'\n","exitCode":128,"gitErrorCode":"IsInSubmodule"}
[2021-06-04 10:54:13.856] [exthost] [error] {"message":"Git error","stdout":"","stderr":"fatal: Pathspec '/home/tarvinzachary/aim--code--school/aim--code--school' is in submodule 'aim--code--school'\n","exitCode":128,"gitErrorCode":"IsInSubmodule"}
[2021-06-04 10:54:13.856] [exthost] [error] {"message":"Git error","stdout":"","stderr":"fatal: Pathspec '/home/tarvinzachary/aim--code--school/aim--code--school' is in submodule 'aim--code--school'\n","exitCode":128,"gitErrorCode":"IsInSubmodule"}
[2021-06-04 10:54:13.856] [exthost] [error] {"message":"Git error","stdout":"","stderr":"fatal: Pathspec '/home/tarvinzachary/aim--code--school/aim--code--school' is in submodule 'aim--code--school'\n","exitCode":128,"gitErrorCode":"IsInSubmodule"}
[2021-06-04 10:54:13.856] [exthost] [error] {"message":"Git error","stdout":"","stderr":"fatal: Pathspec '/home/tarvinzachary/aim--code--school/aim--code--school' is in submodule 'aim--code--school'\n","exitCode":128,"gitErrorCode":"IsInSubmodule"}
[2021-06-04 10:54:13.856] [exthost] [error] {"message":"Git error","stdout":"","stderr":"fatal: Pathspec '/home/tarvinzachary/aim--code--school/aim--code--school' is in submodule 'aim--code--school'\n","exitCode":128,"gitErrorCode":"IsInSubmodule"}
[2021-06-04 10:54:13.856] [exthost] [error] {"message":"Git error","stdout":"","stderr":"fatal: Pathspec '/home/tarvinzachary/aim--code--school/aim--code--school' is in submodule 'aim--code--school'\n","exitCode":128,"gitErrorCode":"IsInSubmodule"}
[2021-06-04 10:54:13.856] [exthost] [error] {"message":"Git error","stdout":"","stderr":"fatal: Pathspec '/home/tarvinzachary/aim--code--school/aim--code--school' is in submodule 'aim--code--school'\n","exitCode":128,"gitErrorCode":"IsInSubmodule"}
[2021-06-04 10:54:13.856] [exthost] [error] {"message":"Git error","stdout":"","stderr":"fatal: Pathspec '/home/tarvinzachary/aim--code--school/aim--code--school' is in submodule 'aim--code--school'\n","exitCode":128,"gitErrorCode":"IsInSubmodule"}
[2021-06-04 10:54:13.856] [exthost] [error] {"message":"Git error","stdout":"","stderr":"fatal: Pathspec '/home/tarvinzachary/aim--code--school/aim--code--school' is in submodule 'aim--code--school'\n","exitCode":128,"gitErrorCode":"IsInSubmodule"}
[2021-06-04 10:54:13.856] [exthost] [error] {"message":"Git error","stdout":"","stderr":"fatal: Pathspec '/home/tarvinzachary/aim--code--school/aim--code--school' is in submodule 'aim--code--school'\n","exitCode":128,"gitErrorCode":"IsInSubmodule"}
[2021-06-04 10:54:13.856] [exthost] [error] {"message":"Git error","stdout":"","stderr":"fatal: Pathspec '/home/tarvinzachary/aim--code--school/aim--code--school' is in submodule 'aim--code--school'\n","exitCode":128,"gitErrorCode":"IsInSubmodule"}
[2021-06-04 10:54:13.857] [exthost] [error] {"message":"Git error","stdout":"","stderr":"fatal: Pathspec '/home/tarvinzachary/aim--code--school/aim--code--school' is in submodule 'aim--code--school'\n","exitCode":128,"gitErrorCode":"IsInSubmodule"}
[2021-06-04 10:54:13.857] [exthost] [error] {"message":"Git error","stdout":"","stderr":"fatal: Pathspec '/home/tarvinzachary/aim--code--school/aim--code--school' is in submodule 'aim--code--school'\n","exitCode":128,"gitErrorCode":"IsInSubmodule"}
[2021-06-04 10:54:13.857] [exthost] [error] {"message":"Git error","stdout":"","stderr":"fatal: Pathspec '/home/tarvinzachary/aim--code--school/aim--code--school' is in submodule 'aim--code--school'\n","exitCode":128,"gitErrorCode":"IsInSubmodule"}
[2021-06-04 10:54:18.476] [exthost] [info] ExtensionService#_doActivateExtension vscode.github-authentication {"startup":false,"extensionId":{"value":"vscode.github-authentication","_lower":"vscode.github-authentication"},"activationEvent":"onAuthenticationRequest:github"}
[2021-06-04 10:54:18.476] [exthost] [info] ExtensionService#loadCommonJSModule file:///usr/share/code/resources/app/extensions/github-authentication/dist/extension.js
[2021-06-04 10:54:46.518] [exthost] [info] extension host terminating: received terminate message from renderer
[2021-06-04 10:54:47.707] [exthost] [info] exiting with code 0
